#2026 04 16 07:47:45.413#Z#DEBUG#710c00e6-3968-11f1-887f-eeee0a878e80.sampleXSUAA#flowable-async-job-executor-thread-18576#
[PollStartAppStatusExecution] 0e98c5e0-7a80-41de-afbb-10b33fc1b81d [2026-04-16T07:31:04.702263] Cell 77283d80-dfa7-40ba-ba4e-265aef112085 destroying container for instance c5767a83-2e84-457f-629d-944c (STDOUT, CELL)#
#2026 04 16 07:47:45.413#Z#DEBUG#710c00e6-3968-11f1-887f-eeee0a878e80.sampleXSUAA#flowable-async-job-executor-thread-18576#
[PollStartAppStatusExecution] 0e98c5e0-7a80-41de-afbb-10b33fc1b81d [2026-04-16T07:31:04.997119] Exit status 137 (STDOUT, PROXY)#
#2026 04 16 07:47:45.413#Z#DEBUG#710c00e6-3968-11f1-887f-eeee0a878e80.sampleXSUAA#flowable-async-job-executor-thread-18576#
[PollStartAppStatusExecution] 0e98c5e0-7a80-41de-afbb-10b33fc1b81d [2026-04-16T07:31:07.357944] Cell 77283d80-dfa7-40ba-ba4e-265aef112085 successfully destroyed container for instance c5767a83-2e84-457f-629d-944c (STDOUT, CELL)#
#2026 04 16 07:47:45.413#Z#DEBUG#710c00e6-3968-11f1-887f-eeee0a878e80.sampleXSUAA#flowable-async-job-executor-thread-18576#
[PollStartAppStatusExecution] 0e98c5e0-7a80-41de-afbb-10b33fc1b81d [2026-04-16T07:36:23.110574] Updated app with guid 0e98c5e0-7a80-41de-afbb-10b33fc1b81d ({"lifecycle"=>{"data"=>{"buildpacks"=>[]}, "type"=>"buildpack"}}) (STDOUT, API)#
#2026 04 16 07:47:45.413#Z#DEBUG#710c00e6-3968-11f1-887f-eeee0a878e80.sampleXSUAA#flowable-async-job-executor-thread-18576#
[PollStartAppStatusExecution] 0e98c5e0-7a80-41de-afbb-10b33fc1b81d [2026-04-16T07:36:23.217373] Updating process: "web" (STDOUT, API)#
#2026 04 16 07:47:45.413#Z#DEBUG#710c00e6-3968-11f1-887f-eeee0a878e80.sampleXSUAA#flowable-async-job-executor-thread-18576#
[PollStartAppStatusExecution] 0e98c5e0-7a80-41de-afbb-10b33fc1b81d [2026-04-16T07:36:41.474611] Stopping app with guid 0e98c5e0-7a80-41de-afbb-10b33fc1b81d (STDOUT, API)#
#2026 04 16 07:47:45.413#Z#DEBUG#710c00e6-3968-11f1-887f-eeee0a878e80.sampleXSUAA#flowable-async-job-executor-thread-18576#
[PollStartAppStatusExecution] 0e98c5e0-7a80-41de-afbb-10b33fc1b81d [2026-04-16T07:36:41.505756] Cell d1cc041a-d5a1-41d6-b9f6-6cda736ce3f0 stopping instance c7695d33-f804-4ec4-4d54-6129 (STDOUT, CELL)#
#2026 04 16 07:47:45.413#Z#DEBUG#710c00e6-3968-11f1-887f-eeee0a878e80.sampleXSUAA#flowable-async-job-executor-thread-18576#
[PollStartAppStatusExecution] 0e98c5e0-7a80-41de-afbb-10b33fc1b81d [2026-04-16T07:36:41.791240] Starting app with guid 0e98c5e0-7a80-41de-afbb-10b33fc1b81d (STDOUT, API)#
#2026 04 16 07:47:45.413#Z#DEBUG#710c00e6-3968-11f1-887f-eeee0a878e80.sampleXSUAA#flowable-async-job-executor-thread-18576#
[PollStartAppStatusExecution] 0e98c5e0-7a80-41de-afbb-10b33fc1b81d [2026-04-16T07:36:42.026465] Cell 77283d80-dfa7-40ba-ba4e-265aef112085 creating container for instance d490b9f0-cc07-4187-41a9-b7bd (STDOUT, CELL)#
#2026 04 16 07:47:45.413#Z#DEBUG#710c00e6-3968-11f1-887f-eeee0a878e80.sampleXSUAA#flowable-async-job-executor-thread-18576#
[PollStartAppStatusExecution] 0e98c5e0-7a80-41de-afbb-10b33fc1b81d [2026-04-16T07:36:42.785873] Security group rules were updated (STDOUT, CELL)#
#2026 04 16 07:47:45.413#Z#DEBUG#710c00e6-3968-11f1-887f-eeee0a878e80.sampleXSUAA#flowable-async-job-executor-thread-18576#
[PollStartAppStatusExecution] 0e98c5e0-7a80-41de-afbb-10b33fc1b81d [2026-04-16T07:36:42.879495] Cell 77283d80-dfa7-40ba-ba4e-265aef112085 successfully created container for instance d490b9f0-cc07-4187-41a9-b7bd (STDOUT, CELL)#
#2026 04 16 07:47:45.413#Z#DEBUG#710c00e6-3968-11f1-887f-eeee0a878e80.sampleXSUAA#flowable-async-job-executor-thread-18576#
[PollStartAppStatusExecution] 0e98c5e0-7a80-41de-afbb-10b33fc1b81d [2026-04-16T07:36:43.247979] Downloading droplet... (STDOUT, CELL)#
#2026 04 16 07:47:45.413#Z#DEBUG#710c00e6-3968-11f1-887f-eeee0a878e80.sampleXSUAA#flowable-async-job-executor-thread-18576#
[PollStartAppStatusExecution] 0e98c5e0-7a80-41de-afbb-10b33fc1b81d [2026-04-16T07:36:48.263993] Downloaded droplet (62.2M) (STDOUT, CELL)#
#2026 04 16 07:47:45.413#Z#DEBUG#710c00e6-3968-11f1-887f-eeee0a878e80.sampleXSUAA#flowable-async-job-executor-thread-18576#
[PollStartAppStatusExecution] 0e98c5e0-7a80-41de-afbb-10b33fc1b81d [2026-04-16T07:36:48.264146] Starting health monitoring of container (STDOUT, CELL)#
#2026 04 16 07:47:45.413#Z#DEBUG#710c00e6-3968-11f1-887f-eeee0a878e80.sampleXSUAA#flowable-async-job-executor-thread-18576#
[PollStartAppStatusExecution] 0e98c5e0-7a80-41de-afbb-10b33fc1b81d [2026-04-16T07:36:48.391135] Invoking pre-start scripts. (STDOUT, APP/PROC/WEB)#
#2026 04 16 07:47:45.413#Z#DEBUG#710c00e6-3968-11f1-887f-eeee0a878e80.sampleXSUAA#flowable-async-job-executor-thread-18576#
[PollStartAppStatusExecution] 0e98c5e0-7a80-41de-afbb-10b33fc1b81d [2026-04-16T07:36:48.615986] Invoking start command. (STDOUT, APP/PROC/WEB)#
#2026 04 16 07:47:45.413#Z#DEBUG#710c00e6-3968-11f1-887f-eeee0a878e80.sampleXSUAA#flowable-async-job-executor-thread-18576#
[PollStartAppStatusExecution] 0e98c5e0-7a80-41de-afbb-10b33fc1b81d [2026-04-16T07:36:49.038292] > start (STDOUT, APP/PROC/WEB)#
#2026 04 16 07:47:45.413#Z#DEBUG#710c00e6-3968-11f1-887f-eeee0a878e80.sampleXSUAA#flowable-async-job-executor-thread-18576#
[PollStartAppStatusExecution] 0e98c5e0-7a80-41de-afbb-10b33fc1b81d [2026-04-16T07:36:49.038314] > node node_modules/@sap/approuter/approuter.js (STDOUT, APP/PROC/WEB)#
#2026 04 16 07:47:45.413#Z#DEBUG#710c00e6-3968-11f1-887f-eeee0a878e80.sampleXSUAA#flowable-async-job-executor-thread-18576#
[PollStartAppStatusExecution] 0e98c5e0-7a80-41de-afbb-10b33fc1b81d [2026-04-16T07:36:49.225431] {"written_at":"2026-04-16T07:36:49.223Z","written_ts":1776325009223000000,"csn_component":"-","correlation_id":"-","type":"log","logger":"nodejs-logger","layer":"/LoggingLibrary","level":"warning","container_id":"10.32.3.6","component_type":"application","component_id":"0e98c5e0-7a80-41de-afbb-10b33fc1b81d","component_name":"sampleXSUAA","component_instance":-1,"source_instance":-1,"organization_id":"2580e9bd-dd7c-49a8-8821-a63188f2560a","organization_name":"0ab4d4bctrial","space_id":"06b3ba90-b2ab-41d9-b5f5-4c350ffe4516","space_name":"dev","context_id":"","msg":"Dynamic log level switching not available"} (STDOUT, APP/PROC/WEB)#
#2026 04 16 07:47:45.413#Z#DEBUG#710c00e6-3968-11f1-887f-eeee0a878e80.sampleXSUAA#flowable-async-job-executor-thread-18576#
[PollStartAppStatusExecution] 0e98c5e0-7a80-41de-afbb-10b33fc1b81d [2026-04-16T07:36:49.784258] {"written_at":"2026-04-16T07:36:49.783Z","written_ts":1776325009783000000,"csn_component":"-","correlation_id":"mo161piv","type":"log","logger":"nodejs-logger","layer":"/approuter","level":"info","container_id":"10.32.3.6","component_type":"application","component_id":"0e98c5e0-7a80-41de-afbb-10b33fc1b81d","component_name":"sampleXSUAA","component_instance":-1,"source_instance":-1,"organization_id":"2580e9bd-dd7c-49a8-8821-a63188f2560a","organization_name":"0ab4d4bctrial","space_id":"06b3ba90-b2ab-41d9-b5f5-4c350ffe4516","space_name":"dev","context_id":"mo161piv","msg":"Application router version 21.3.0"} (STDOUT, APP/PROC/WEB)#
#2026 04 16 07:47:45.413#Z#DEBUG#710c00e6-3968-11f1-887f-eeee0a878e80.sampleXSUAA#flowable-async-job-executor-thread-18576#
[PollStartAppStatusExecution] 0e98c5e0-7a80-41de-afbb-10b33fc1b81d [2026-04-16T07:36:49.790793] {"written_at":"2026-04-16T07:36:49.790Z","written_ts":1776325009790000000,"csn_component":"-","correlation_id":"mo161pj2","type":"log","logger":"nodejs-logger","layer":"/Configuration","level":"info","container_id":"10.32.3.6","component_type":"application","component_id":"0e98c5e0-7a80-41de-afbb-10b33fc1b81d","component_name":"sampleXSUAA","component_instance":-1,"source_instance":-1,"organization_id":"2580e9bd-dd7c-49a8-8821-a63188f2560a","organization_name":"0ab4d4bctrial","space_id":"06b3ba90-b2ab-41d9-b5f5-4c350ffe4516","space_name":"dev","context_id":"mo161pj2","msg":"No COOKIES environment variable"} (STDOUT, APP/PROC/WEB)#
#2026 04 16 07:47:45.413#Z#DEBUG#710c00e6-3968-11f1-887f-eeee0a878e80.sampleXSUAA#flowable-async-job-executor-thread-18576#
[PollStartAppStatusExecution] 0e98c5e0-7a80-41de-afbb-10b33fc1b81d [2026-04-16T07:36:49.824121] {"written_at":"2026-04-16T07:36:49.823Z","written_ts":1776325009823000000,"csn_component":"-","correlation_id":"mo161piv","type":"log","logger":"nodejs-logger","layer":"/approuter","level":"info","container_id":"10.32.3.6","component_type":"application","component_id":"0e98c5e0-7a80-41de-afbb-10b33fc1b81d","component_name":"sampleXSUAA","component_instance":-1,"source_instance":-1,"organization_id":"2580e9bd-dd7c-49a8-8821-a63188f2560a","organization_name":"0ab4d4bctrial","space_id":"06b3ba90-b2ab-41d9-b5f5-4c350ffe4516","space_name":"dev","context_id":"mo161piv","msg":"Application router is listening on port: 8080"} (STDOUT, APP/PROC/WEB)#
#2026 04 16 07:47:45.413#Z#DEBUG#710c00e6-3968-11f1-887f-eeee0a878e80.sampleXSUAA#flowable-async-job-executor-thread-18576#
[PollStartAppStatusExecution] 0e98c5e0-7a80-41de-afbb-10b33fc1b81d [2026-04-16T07:36:51.529386] Container became healthy (STDOUT, CELL)#
#2026 04 16 07:47:45.413#Z#DEBUG#710c00e6-3968-11f1-887f-eeee0a878e80.sampleXSUAA#flowable-async-job-executor-thread-18576#
[PollStartAppStatusExecution] 0e98c5e0-7a80-41de-afbb-10b33fc1b81d [2026-04-16T07:36:51.555637] Process became ready with guid 0e98c5e0-7a80-41de-afbb-10b33fc1b81d payload: {"instance"=>"d490b9f0-cc07-4187-41a9-b7bd", "index"=>0, "cell_id"=>"77283d80-dfa7-40ba-ba4e-265aef112085", "ready"=>true, "version"=>"ebc5821d-4915-421f-b7c4-e7ed8b6acd7f"} (STDOUT, API)#
#2026 04 16 07:47:45.413#Z#DEBUG#710c00e6-3968-11f1-887f-eeee0a878e80.sampleXSUAA#flowable-async-job-executor-thread-18576#
[PollStartAppStatusExecution] 0e98c5e0-7a80-41de-afbb-10b33fc1b81d [2026-04-16T07:37:48.058182] Cell d1cc041a-d5a1-41d6-b9f6-6cda736ce3f0 destroying container for instance c7695d33-f804-4ec4-4d54-6129 (STDOUT, CELL)#
#2026 04 16 07:47:45.413#Z#DEBUG#710c00e6-3968-11f1-887f-eeee0a878e80.sampleXSUAA#flowable-async-job-executor-thread-18576#
[PollStartAppStatusExecution] 0e98c5e0-7a80-41de-afbb-10b33fc1b81d [2026-04-16T07:37:49.156334] Exit status 137 (STDOUT, PROXY)#
#2026 04 16 07:47:45.413#Z#DEBUG#710c00e6-3968-11f1-887f-eeee0a878e80.sampleXSUAA#flowable-async-job-executor-thread-18576#
[PollStartAppStatusExecution] 0e98c5e0-7a80-41de-afbb-10b33fc1b81d [2026-04-16T07:37:50.911361] Cell d1cc041a-d5a1-41d6-b9f6-6cda736ce3f0 successfully destroyed container for instance c7695d33-f804-4ec4-4d54-6129 (STDOUT, CELL)#
#2026 04 16 07:47:45.413#Z#DEBUG#710c00e6-3968-11f1-887f-eeee0a878e80.sampleXSUAA#flowable-async-job-executor-thread-18576#
[PollStartAppStatusExecution] 0e98c5e0-7a80-41de-afbb-10b33fc1b81d [2026-04-16T07:39:15.032181] Updated app with guid 0e98c5e0-7a80-41de-afbb-10b33fc1b81d ({"lifecycle"=>{"data"=>{"buildpacks"=>[]}, "type"=>"buildpack"}}) (STDOUT, API)#
#2026 04 16 07:47:45.413#Z#DEBUG#710c00e6-3968-11f1-887f-eeee0a878e80.sampleXSUAA#flowable-async-job-executor-thread-18576#
[PollStartAppStatusExecution] 0e98c5e0-7a80-41de-afbb-10b33fc1b81d [2026-04-16T07:39:15.135492] Updating process: "web" (STDOUT, API)#
#2026 04 16 07:47:45.413#Z#DEBUG#710c00e6-3968-11f1-887f-eeee0a878e80.sampleXSUAA#flowable-async-job-executor-thread-18576#
[PollStartAppStatusExecution] 0e98c5e0-7a80-41de-afbb-10b33fc1b81d [2026-04-16T07:39:32.824008] Stopping app with guid 0e98c5e0-7a80-41de-afbb-10b33fc1b81d (STDOUT, API)#
#2026 04 16 07:47:45.413#Z#DEBUG#710c00e6-3968-11f1-887f-eeee0a878e80.sampleXSUAA#flowable-async-job-executor-thread-18576#
[PollStartAppStatusExecution] 0e98c5e0-7a80-41de-afbb-10b33fc1b81d [2026-04-16T07:39:32.863394] Cell 77283d80-dfa7-40ba-ba4e-265aef112085 stopping instance d490b9f0-cc07-4187-41a9-b7bd (STDOUT, CELL)#
#2026 04 16 07:47:45.413#Z#DEBUG#710c00e6-3968-11f1-887f-eeee0a878e80.sampleXSUAA#flowable-async-job-executor-thread-18576#
[PollStartAppStatusExecution] 0e98c5e0-7a80-41de-afbb-10b33fc1b81d [2026-04-16T07:39:33.215928] Starting app with guid 0e98c5e0-7a80-41de-afbb-10b33fc1b81d (STDOUT, API)#
#2026 04 16 07:47:45.413#Z#DEBUG#710c00e6-3968-11f1-887f-eeee0a878e80.sampleXSUAA#flowable-async-job-executor-thread-18576#
[PollStartAppStatusExecution] 0e98c5e0-7a80-41de-afbb-10b33fc1b81d [2026-04-16T07:39:33.425398] Cell 684caff8-89cd-492b-be01-b3d0835f1763 creating container for instance ea4d4ced-ba77-4e52-60a4-f997 (STDOUT, CELL)#
#2026 04 16 07:47:45.413#Z#DEBUG#710c00e6-3968-11f1-887f-eeee0a878e80.sampleXSUAA#flowable-async-job-executor-thread-18576#
[PollStartAppStatusExecution] 0e98c5e0-7a80-41de-afbb-10b33fc1b81d [2026-04-16T07:39:34.142407] Security group rules were updated (STDOUT, CELL)#
#2026 04 16 07:47:45.413#Z#DEBUG#710c00e6-3968-11f1-887f-eeee0a878e80.sampleXSUAA#flowable-async-job-executor-thread-18576#
[PollStartAppStatusExecution] 0e98c5e0-7a80-41de-afbb-10b33fc1b81d [2026-04-16T07:39:34.246487] Cell 684caff8-89cd-492b-be01-b3d0835f1763 successfully created container for instance ea4d4ced-ba77-4e52-60a4-f997 (STDOUT, CELL)#
#2026 04 16 07:47:45.413#Z#DEBUG#710c00e6-3968-11f1-887f-eeee0a878e80.sampleXSUAA#flowable-async-job-executor-thread-18576#
[PollStartAppStatusExecution] 0e98c5e0-7a80-41de-afbb-10b33fc1b81d [2026-04-16T07:39:34.834808] Downloading droplet... (STDOUT, CELL)#
#2026 04 16 07:47:45.413#Z#DEBUG#710c00e6-3968-11f1-887f-eeee0a878e80.sampleXSUAA#flowable-async-job-executor-thread-18576#
[PollStartAppStatusExecution] 0e98c5e0-7a80-41de-afbb-10b33fc1b81d [2026-04-16T07:39:39.785393] Downloaded droplet (62.2M) (STDOUT, CELL)#
#2026 04 16 07:47:45.413#Z#DEBUG#710c00e6-3968-11f1-887f-eeee0a878e80.sampleXSUAA#flowable-async-job-executor-thread-18576#
[PollStartAppStatusExecution] 0e98c5e0-7a80-41de-afbb-10b33fc1b81d [2026-04-16T07:39:39.785596] Starting health monitoring of container (STDOUT, CELL)#
#2026 04 16 07:47:45.413#Z#DEBUG#710c00e6-3968-11f1-887f-eeee0a878e80.sampleXSUAA#flowable-async-job-executor-thread-18576#
[PollStartAppStatusExecution] 0e98c5e0-7a80-41de-afbb-10b33fc1b81d [2026-04-16T07:39:39.909415] Invoking pre-start scripts. (STDOUT, APP/PROC/WEB)#
#2026 04 16 07:47:45.413#Z#DEBUG#710c00e6-3968-11f1-887f-eeee0a878e80.sampleXSUAA#flowable-async-job-executor-thread-18576#
[PollStartAppStatusExecution] 0e98c5e0-7a80-41de-afbb-10b33fc1b81d [2026-04-16T07:39:40.143143] Invoking start command. (STDOUT, APP/PROC/WEB)#
#2026 04 16 07:47:45.413#Z#DEBUG#710c00e6-3968-11f1-887f-eeee0a878e80.sampleXSUAA#flowable-async-job-executor-thread-18576#
[PollStartAppStatusExecution] 0e98c5e0-7a80-41de-afbb-10b33fc1b81d [2026-04-16T07:39:40.620862] > start (STDOUT, APP/PROC/WEB)#
#2026 04 16 07:47:45.413#Z#DEBUG#710c00e6-3968-11f1-887f-eeee0a878e80.sampleXSUAA#flowable-async-job-executor-thread-18576#
[PollStartAppStatusExecution] 0e98c5e0-7a80-41de-afbb-10b33fc1b81d [2026-04-16T07:39:40.620889] > node node_modules/@sap/approuter/approuter.js (STDOUT, APP/PROC/WEB)#
#2026 04 16 07:47:45.413#Z#DEBUG#710c00e6-3968-11f1-887f-eeee0a878e80.sampleXSUAA#flowable-async-job-executor-thread-18576#
[PollStartAppStatusExecution] 0e98c5e0-7a80-41de-afbb-10b33fc1b81d [2026-04-16T07:39:40.820156] {"written_at":"2026-04-16T07:39:40.818Z","written_ts":1776325180818000000,"csn_component":"-","correlation_id":"-","type":"log","logger":"nodejs-logger","layer":"/LoggingLibrary","level":"warning","container_id":"10.32.1.6","component_type":"application","component_id":"0e98c5e0-7a80-41de-afbb-10b33fc1b81d","component_name":"sampleXSUAA","component_instance":-1,"source_instance":-1,"organization_id":"2580e9bd-dd7c-49a8-8821-a63188f2560a","organization_name":"0ab4d4bctrial","space_id":"06b3ba90-b2ab-41d9-b5f5-4c350ffe4516","space_name":"dev","context_id":"","msg":"Dynamic log level switching not available"} (STDOUT, APP/PROC/WEB)#
#2026 04 16 07:47:45.413#Z#DEBUG#710c00e6-3968-11f1-887f-eeee0a878e80.sampleXSUAA#flowable-async-job-executor-thread-18576#
[PollStartAppStatusExecution] 0e98c5e0-7a80-41de-afbb-10b33fc1b81d [2026-04-16T07:39:41.344359] {"written_at":"2026-04-16T07:39:41.343Z","written_ts":1776325181343000000,"csn_component":"-","correlation_id":"mo165dwg","type":"log","logger":"nodejs-logger","layer":"/approuter","level":"info","container_id":"10.32.1.6","component_type":"application","component_id":"0e98c5e0-7a80-41de-afbb-10b33fc1b81d","component_name":"sampleXSUAA","component_instance":-1,"source_instance":-1,"organization_id":"2580e9bd-dd7c-49a8-8821-a63188f2560a","organization_name":"0ab4d4bctrial","space_id":"06b3ba90-b2ab-41d9-b5f5-4c350ffe4516","space_name":"dev","context_id":"mo165dwg","msg":"Application router version 21.3.0"} (STDOUT, APP/PROC/WEB)#
#2026 04 16 07:47:45.413#Z#DEBUG#710c00e6-3968-11f1-887f-eeee0a878e80.sampleXSUAA#flowable-async-job-executor-thread-18576#
[PollStartAppStatusExecution] 0e98c5e0-7a80-41de-afbb-10b33fc1b81d [2026-04-16T07:39:41.349791] {"written_at":"2026-04-16T07:39:41.349Z","written_ts":1776325181349000000,"csn_component":"-","correlation_id":"mo165dwl","type":"log","logger":"nodejs-logger","layer":"/Configuration","level":"info","container_id":"10.32.1.6","component_type":"application","component_id":"0e98c5e0-7a80-41de-afbb-10b33fc1b81d","component_name":"sampleXSUAA","component_instance":-1,"source_instance":-1,"organization_id":"2580e9bd-dd7c-49a8-8821-a63188f2560a","organization_name":"0ab4d4bctrial","space_id":"06b3ba90-b2ab-41d9-b5f5-4c350ffe4516","space_name":"dev","context_id":"mo165dwl","msg":"No COOKIES environment variable"} (STDOUT, APP/PROC/WEB)#
#2026 04 16 07:47:45.413#Z#DEBUG#710c00e6-3968-11f1-887f-eeee0a878e80.sampleXSUAA#flowable-async-job-executor-thread-18576#
[PollStartAppStatusExecution] 0e98c5e0-7a80-41de-afbb-10b33fc1b81d [2026-04-16T07:39:41.386561] {"written_at":"2026-04-16T07:39:41.386Z","written_ts":1776325181386000000,"csn_component":"-","correlation_id":"mo165dwg","type":"log","logger":"nodejs-logger","layer":"/approuter","level":"info","container_id":"10.32.1.6","component_type":"application","component_id":"0e98c5e0-7a80-41de-afbb-10b33fc1b81d","component_name":"sampleXSUAA","component_instance":-1,"source_instance":-1,"organization_id":"2580e9bd-dd7c-49a8-8821-a63188f2560a","organization_name":"0ab4d4bctrial","space_id":"06b3ba90-b2ab-41d9-b5f5-4c350ffe4516","space_name":"dev","context_id":"mo165dwg","msg":"Application router is listening on port: 8080"} (STDOUT, APP/PROC/WEB)#
#2026 04 16 07:47:45.413#Z#DEBUG#710c00e6-3968-11f1-887f-eeee0a878e80.sampleXSUAA#flowable-async-job-executor-thread-18576#
[PollStartAppStatusExecution] 0e98c5e0-7a80-41de-afbb-10b33fc1b81d [2026-04-16T07:39:44.136757] Container became healthy (STDOUT, CELL)#
#2026 04 16 07:47:45.413#Z#DEBUG#710c00e6-3968-11f1-887f-eeee0a878e80.sampleXSUAA#flowable-async-job-executor-thread-18576#
[PollStartAppStatusExecution] 0e98c5e0-7a80-41de-afbb-10b33fc1b81d [2026-04-16T07:39:44.162237] Process became ready with guid 0e98c5e0-7a80-41de-afbb-10b33fc1b81d payload: {"instance"=>"ea4d4ced-ba77-4e52-60a4-f997", "index"=>0, "cell_id"=>"684caff8-89cd-492b-be01-b3d0835f1763", "ready"=>true, "version"=>"929b797a-18cb-498b-a688-85ea5523fa34"} (STDOUT, API)#
#2026 04 16 07:47:45.413#Z#DEBUG#710c00e6-3968-11f1-887f-eeee0a878e80.sampleXSUAA#flowable-async-job-executor-thread-18576#
[PollStartAppStatusExecution] 0e98c5e0-7a80-41de-afbb-10b33fc1b81d [2026-04-16T07:40:39.553656] Cell 77283d80-dfa7-40ba-ba4e-265aef112085 destroying container for instance d490b9f0-cc07-4187-41a9-b7bd (STDOUT, CELL)#
#2026 04 16 07:47:45.413#Z#DEBUG#710c00e6-3968-11f1-887f-eeee0a878e80.sampleXSUAA#flowable-async-job-executor-thread-18576#
[PollStartAppStatusExecution] 0e98c5e0-7a80-41de-afbb-10b33fc1b81d [2026-04-16T07:40:39.870801] Exit status 137 (STDOUT, PROXY)#
#2026 04 16 07:47:45.413#Z#DEBUG#710c00e6-3968-11f1-887f-eeee0a878e80.sampleXSUAA#flowable-async-job-executor-thread-18576#
[PollStartAppStatusExecution] 0e98c5e0-7a80-41de-afbb-10b33fc1b81d [2026-04-16T07:40:42.243252] Cell 77283d80-dfa7-40ba-ba4e-265aef112085 successfully destroyed container for instance d490b9f0-cc07-4187-41a9-b7bd (STDOUT, CELL)#
#2026 04 16 07:47:45.413#Z#DEBUG#710c00e6-3968-11f1-887f-eeee0a878e80.sampleXSUAA#flowable-async-job-executor-thread-18576#
[PollStartAppStatusExecution] 0e98c5e0-7a80-41de-afbb-10b33fc1b81d [2026-04-16T07:43:02.499837] Updated app with guid 0e98c5e0-7a80-41de-afbb-10b33fc1b81d ({"lifecycle"=>{"data"=>{"buildpacks"=>[]}, "type"=>"buildpack"}}) (STDOUT, API)#
#2026 04 16 07:47:45.413#Z#DEBUG#710c00e6-3968-11f1-887f-eeee0a878e80.sampleXSUAA#flowable-async-job-executor-thread-18576#
[PollStartAppStatusExecution] 0e98c5e0-7a80-41de-afbb-10b33fc1b81d [2026-04-16T07:43:02.644912] Updating process: "web" (STDOUT, API)#
#2026 04 16 07:47:45.413#Z#DEBUG#710c00e6-3968-11f1-887f-eeee0a878e80.sampleXSUAA#flowable-async-job-executor-thread-18576#
[PollStartAppStatusExecution] 0e98c5e0-7a80-41de-afbb-10b33fc1b81d [2026-04-16T07:43:49.029436] Stopping app with guid 0e98c5e0-7a80-41de-afbb-10b33fc1b81d (STDOUT, API)#
#2026 04 16 07:47:45.413#Z#DEBUG#710c00e6-3968-11f1-887f-eeee0a878e80.sampleXSUAA#flowable-async-job-executor-thread-18576#
[PollStartAppStatusExecution] 0e98c5e0-7a80-41de-afbb-10b33fc1b81d [2026-04-16T07:43:49.062234] Cell 684caff8-89cd-492b-be01-b3d0835f1763 stopping instance ea4d4ced-ba77-4e52-60a4-f997 (STDOUT, CELL)#
#2026 04 16 07:47:45.413#Z#DEBUG#710c00e6-3968-11f1-887f-eeee0a878e80.sampleXSUAA#flowable-async-job-executor-thread-18576#
[PollStartAppStatusExecution] 0e98c5e0-7a80-41de-afbb-10b33fc1b81d [2026-04-16T07:43:49.724762] Starting app with guid 0e98c5e0-7a80-41de-afbb-10b33fc1b81d (STDOUT, API)#
#2026 04 16 07:47:45.413#Z#DEBUG#710c00e6-3968-11f1-887f-eeee0a878e80.sampleXSUAA#flowable-async-job-executor-thread-18576#
[PollStartAppStatusExecution] 0e98c5e0-7a80-41de-afbb-10b33fc1b81d [2026-04-16T07:43:49.957860] Cell c839c7b1-088e-41af-b9b7-66256aacd457 creating container for instance 98c2beab-add0-47bc-6dce-f848 (STDOUT, CELL)#
#2026 04 16 07:47:45.413#Z#DEBUG#710c00e6-3968-11f1-887f-eeee0a878e80.sampleXSUAA#flowable-async-job-executor-thread-18576#
[PollStartAppStatusExecution] 0e98c5e0-7a80-41de-afbb-10b33fc1b81d [2026-04-16T07:43:50.818616] Security group rules were updated (STDOUT, CELL)#
#2026 04 16 07:47:45.413#Z#DEBUG#710c00e6-3968-11f1-887f-eeee0a878e80.sampleXSUAA#flowable-async-job-executor-thread-18576#
[PollStartAppStatusExecution] 0e98c5e0-7a80-41de-afbb-10b33fc1b81d [2026-04-16T07:43:50.913781] Cell c839c7b1-088e-41af-b9b7-66256aacd457 successfully created container for instance 98c2beab-add0-47bc-6dce-f848 (STDOUT, CELL)#
#2026 04 16 07:47:45.413#Z#DEBUG#710c00e6-3968-11f1-887f-eeee0a878e80.sampleXSUAA#flowable-async-job-executor-thread-18576#
[PollStartAppStatusExecution] 0e98c5e0-7a80-41de-afbb-10b33fc1b81d [2026-04-16T07:43:51.690562] Downloading droplet... (STDOUT, CELL)#
#2026 04 16 07:47:45.413#Z#DEBUG#710c00e6-3968-11f1-887f-eeee0a878e80.sampleXSUAA#flowable-async-job-executor-thread-18576#
[PollStartAppStatusExecution] 0e98c5e0-7a80-41de-afbb-10b33fc1b81d [2026-04-16T07:43:56.202432] Downloaded droplet (62.2M) (STDOUT, CELL)#
#2026 04 16 07:47:45.413#Z#DEBUG#710c00e6-3968-11f1-887f-eeee0a878e80.sampleXSUAA#flowable-async-job-executor-thread-18576#
[PollStartAppStatusExecution] 0e98c5e0-7a80-41de-afbb-10b33fc1b81d [2026-04-16T07:43:56.202602] Starting health monitoring of container (STDOUT, CELL)#
#2026 04 16 07:47:45.413#Z#DEBUG#710c00e6-3968-11f1-887f-eeee0a878e80.sampleXSUAA#flowable-async-job-executor-thread-18576#
[PollStartAppStatusExecution] 0e98c5e0-7a80-41de-afbb-10b33fc1b81d [2026-04-16T07:43:56.340030] Invoking pre-start scripts. (STDOUT, APP/PROC/WEB)#
#2026 04 16 07:47:45.413#Z#DEBUG#710c00e6-3968-11f1-887f-eeee0a878e80.sampleXSUAA#flowable-async-job-executor-thread-18576#
[PollStartAppStatusExecution] 0e98c5e0-7a80-41de-afbb-10b33fc1b81d [2026-04-16T07:43:56.574823] Invoking start command. (STDOUT, APP/PROC/WEB)#
#2026 04 16 07:47:45.413#Z#DEBUG#710c00e6-3968-11f1-887f-eeee0a878e80.sampleXSUAA#flowable-async-job-executor-thread-18576#
[PollStartAppStatusExecution] 0e98c5e0-7a80-41de-afbb-10b33fc1b81d [2026-04-16T07:43:57.054612] > start (STDOUT, APP/PROC/WEB)#
#2026 04 16 07:47:45.413#Z#DEBUG#710c00e6-3968-11f1-887f-eeee0a878e80.sampleXSUAA#flowable-async-job-executor-thread-18576#
[PollStartAppStatusExecution] 0e98c5e0-7a80-41de-afbb-10b33fc1b81d [2026-04-16T07:43:57.054637] > node node_modules/@sap/approuter/approuter.js (STDOUT, APP/PROC/WEB)#
#2026 04 16 07:47:45.413#Z#DEBUG#710c00e6-3968-11f1-887f-eeee0a878e80.sampleXSUAA#flowable-async-job-executor-thread-18576#
[PollStartAppStatusExecution] 0e98c5e0-7a80-41de-afbb-10b33fc1b81d [2026-04-16T07:43:57.253180] {"written_at":"2026-04-16T07:43:57.251Z","written_ts":1776325437251000000,"csn_component":"-","correlation_id":"-","type":"log","logger":"nodejs-logger","layer":"/LoggingLibrary","level":"warning","container_id":"10.32.2.6","component_type":"application","component_id":"0e98c5e0-7a80-41de-afbb-10b33fc1b81d","component_name":"sampleXSUAA","component_instance":-1,"source_instance":-1,"organization_id":"2580e9bd-dd7c-49a8-8821-a63188f2560a","organization_name":"0ab4d4bctrial","space_id":"06b3ba90-b2ab-41d9-b5f5-4c350ffe4516","space_name":"dev","context_id":"","msg":"Dynamic log level switching not available"} (STDOUT, APP/PROC/WEB)#
#2026 04 16 07:47:45.413#Z#DEBUG#710c00e6-3968-11f1-887f-eeee0a878e80.sampleXSUAA#flowable-async-job-executor-thread-18576#
[PollStartAppStatusExecution] 0e98c5e0-7a80-41de-afbb-10b33fc1b81d [2026-04-16T07:43:57.809978] {"written_at":"2026-04-16T07:43:57.809Z","written_ts":1776325437809000000,"csn_component":"-","correlation_id":"mo16avsh","type":"log","logger":"nodejs-logger","layer":"/approuter","level":"info","container_id":"10.32.2.6","component_type":"application","component_id":"0e98c5e0-7a80-41de-afbb-10b33fc1b81d","component_name":"sampleXSUAA","component_instance":-1,"source_instance":-1,"organization_id":"2580e9bd-dd7c-49a8-8821-a63188f2560a","organization_name":"0ab4d4bctrial","space_id":"06b3ba90-b2ab-41d9-b5f5-4c350ffe4516","space_name":"dev","context_id":"mo16avsh","msg":"Application router version 21.3.0"} (STDOUT, APP/PROC/WEB)#
#2026 04 16 07:47:45.413#Z#DEBUG#710c00e6-3968-11f1-887f-eeee0a878e80.sampleXSUAA#flowable-async-job-executor-thread-18576#
[PollStartAppStatusExecution] 0e98c5e0-7a80-41de-afbb-10b33fc1b81d [2026-04-16T07:43:57.815394] {"written_at":"2026-04-16T07:43:57.815Z","written_ts":1776325437815000000,"csn_component":"-","correlation_id":"mo16avsn","type":"log","logger":"nodejs-logger","layer":"/Configuration","level":"info","container_id":"10.32.2.6","component_type":"application","component_id":"0e98c5e0-7a80-41de-afbb-10b33fc1b81d","component_name":"sampleXSUAA","component_instance":-1,"source_instance":-1,"organization_id":"2580e9bd-dd7c-49a8-8821-a63188f2560a","organization_name":"0ab4d4bctrial","space_id":"06b3ba90-b2ab-41d9-b5f5-4c350ffe4516","space_name":"dev","context_id":"mo16avsn","msg":"No COOKIES environment variable"} (STDOUT, APP/PROC/WEB)#
#2026 04 16 07:47:45.413#Z#DEBUG#710c00e6-3968-11f1-887f-eeee0a878e80.sampleXSUAA#flowable-async-job-executor-thread-18576#
[PollStartAppStatusExecution] 0e98c5e0-7a80-41de-afbb-10b33fc1b81d [2026-04-16T07:43:57.857561] {"written_at":"2026-04-16T07:43:57.857Z","written_ts":1776325437857000000,"csn_component":"-","correlation_id":"mo16avsh","type":"log","logger":"nodejs-logger","layer":"/approuter","level":"info","container_id":"10.32.2.6","component_type":"application","component_id":"0e98c5e0-7a80-41de-afbb-10b33fc1b81d","component_name":"sampleXSUAA","component_instance":-1,"source_instance":-1,"organization_id":"2580e9bd-dd7c-49a8-8821-a63188f2560a","organization_name":"0ab4d4bctrial","space_id":"06b3ba90-b2ab-41d9-b5f5-4c350ffe4516","space_name":"dev","context_id":"mo16avsh","msg":"Application router is listening on port: 8080"} (STDOUT, APP/PROC/WEB)#
#2026 04 16 07:47:45.413#Z#DEBUG#710c00e6-3968-11f1-887f-eeee0a878e80.sampleXSUAA#flowable-async-job-executor-thread-18576#
[PollStartAppStatusExecution] 0e98c5e0-7a80-41de-afbb-10b33fc1b81d [2026-04-16T07:43:59.835524] Container became healthy (STDOUT, CELL)#
#2026 04 16 07:47:45.413#Z#DEBUG#710c00e6-3968-11f1-887f-eeee0a878e80.sampleXSUAA#flowable-async-job-executor-thread-18576#
[PollStartAppStatusExecution] 0e98c5e0-7a80-41de-afbb-10b33fc1b81d [2026-04-16T07:43:59.862890] Process became ready with guid 0e98c5e0-7a80-41de-afbb-10b33fc1b81d payload: {"instance"=>"98c2beab-add0-47bc-6dce-f848", "index"=>0, "cell_id"=>"c839c7b1-088e-41af-b9b7-66256aacd457", "ready"=>true, "version"=>"232df945-bcd1-4f6e-b690-324699abec60"} (STDOUT, API)#
#2026 04 16 07:47:45.413#Z#DEBUG#710c00e6-3968-11f1-887f-eeee0a878e80.sampleXSUAA#flowable-async-job-executor-thread-18576#
[PollStartAppStatusExecution] 0e98c5e0-7a80-41de-afbb-10b33fc1b81d [2026-04-16T07:44:44.593892] Updated app with guid 0e98c5e0-7a80-41de-afbb-10b33fc1b81d ({"lifecycle"=>{"data"=>{"buildpacks"=>[]}, "type"=>"buildpack"}}) (STDOUT, API)#
#2026 04 16 07:47:45.413#Z#DEBUG#710c00e6-3968-11f1-887f-eeee0a878e80.sampleXSUAA#flowable-async-job-executor-thread-18576#
[PollStartAppStatusExecution] 0e98c5e0-7a80-41de-afbb-10b33fc1b81d [2026-04-16T07:44:44.723482] Updating process: "web" (STDOUT, API)#
#2026 04 16 07:47:45.413#Z#DEBUG#710c00e6-3968-11f1-887f-eeee0a878e80.sampleXSUAA#flowable-async-job-executor-thread-18576#
[PollStartAppStatusExecution] 0e98c5e0-7a80-41de-afbb-10b33fc1b81d [2026-04-16T07:44:55.419749] Cell 684caff8-89cd-492b-be01-b3d0835f1763 destroying container for instance ea4d4ced-ba77-4e52-60a4-f997 (STDOUT, CELL)#
#2026 04 16 07:47:45.413#Z#DEBUG#710c00e6-3968-11f1-887f-eeee0a878e80.sampleXSUAA#flowable-async-job-executor-thread-18576#
[PollStartAppStatusExecution] 0e98c5e0-7a80-41de-afbb-10b33fc1b81d [2026-04-16T07:44:56.186528] Exit status 137 (STDOUT, PROXY)#
#2026 04 16 07:47:45.413#Z#DEBUG#710c00e6-3968-11f1-887f-eeee0a878e80.sampleXSUAA#flowable-async-job-executor-thread-18576#
[PollStartAppStatusExecution] 0e98c5e0-7a80-41de-afbb-10b33fc1b81d [2026-04-16T07:44:58.061546] Cell 684caff8-89cd-492b-be01-b3d0835f1763 successfully destroyed container for instance ea4d4ced-ba77-4e52-60a4-f997 (STDOUT, CELL)#
#2026 04 16 07:47:45.413#Z#DEBUG#710c00e6-3968-11f1-887f-eeee0a878e80.sampleXSUAA#flowable-async-job-executor-thread-18576#
[PollStartAppStatusExecution] 0e98c5e0-7a80-41de-afbb-10b33fc1b81d [2026-04-16T07:45:37.252910] Stopping app with guid 0e98c5e0-7a80-41de-afbb-10b33fc1b81d (STDOUT, API)#
#2026 04 16 07:47:45.413#Z#DEBUG#710c00e6-3968-11f1-887f-eeee0a878e80.sampleXSUAA#flowable-async-job-executor-thread-18576#
[PollStartAppStatusExecution] 0e98c5e0-7a80-41de-afbb-10b33fc1b81d [2026-04-16T07:45:37.292425] Cell c839c7b1-088e-41af-b9b7-66256aacd457 stopping instance 98c2beab-add0-47bc-6dce-f848 (STDOUT, CELL)#
#2026 04 16 07:47:45.413#Z#DEBUG#710c00e6-3968-11f1-887f-eeee0a878e80.sampleXSUAA#flowable-async-job-executor-thread-18576#
[PollStartAppStatusExecution] 0e98c5e0-7a80-41de-afbb-10b33fc1b81d [2026-04-16T07:45:39.562095] Starting app with guid 0e98c5e0-7a80-41de-afbb-10b33fc1b81d (STDOUT, API)#
#2026 04 16 07:47:45.413#Z#DEBUG#710c00e6-3968-11f1-887f-eeee0a878e80.sampleXSUAA#flowable-async-job-executor-thread-18576#
[PollStartAppStatusExecution] 0e98c5e0-7a80-41de-afbb-10b33fc1b81d [2026-04-16T07:45:39.787216] Cell c839c7b1-088e-41af-b9b7-66256aacd457 creating container for instance 58b9e214-128f-49fd-553b-cf5a (STDOUT, CELL)#
#2026 04 16 07:47:45.413#Z#DEBUG#710c00e6-3968-11f1-887f-eeee0a878e80.sampleXSUAA#flowable-async-job-executor-thread-18576#
[PollStartAppStatusExecution] 0e98c5e0-7a80-41de-afbb-10b33fc1b81d [2026-04-16T07:45:40.578877] Security group rules were updated (STDOUT, CELL)#
#2026 04 16 07:47:45.413#Z#DEBUG#710c00e6-3968-11f1-887f-eeee0a878e80.sampleXSUAA#flowable-async-job-executor-thread-18576#
[PollStartAppStatusExecution] 0e98c5e0-7a80-41de-afbb-10b33fc1b81d [2026-04-16T07:45:40.662742] Cell c839c7b1-088e-41af-b9b7-66256aacd457 successfully created container for instance 58b9e214-128f-49fd-553b-cf5a (STDOUT, CELL)#
#2026 04 16 07:47:45.413#Z#DEBUG#710c00e6-3968-11f1-887f-eeee0a878e80.sampleXSUAA#flowable-async-job-executor-thread-18576#
[PollStartAppStatusExecution] 0e98c5e0-7a80-41de-afbb-10b33fc1b81d [2026-04-16T07:45:41.155715] Downloading droplet... (STDOUT, CELL)#
#2026 04 16 07:47:45.413#Z#DEBUG#710c00e6-3968-11f1-887f-eeee0a878e80.sampleXSUAA#flowable-async-job-executor-thread-18576#
[PollStartAppStatusExecution] 0e98c5e0-7a80-41de-afbb-10b33fc1b81d [2026-04-16T07:45:45.379242] Downloaded droplet (62.2M) (STDOUT, CELL)#
#2026 04 16 07:47:45.413#Z#DEBUG#710c00e6-3968-11f1-887f-eeee0a878e80.sampleXSUAA#flowable-async-job-executor-thread-18576#
[PollStartAppStatusExecution] 0e98c5e0-7a80-41de-afbb-10b33fc1b81d [2026-04-16T07:45:45.379442] Starting health monitoring of container (STDOUT, CELL)#
#2026 04 16 07:47:45.413#Z#DEBUG#710c00e6-3968-11f1-887f-eeee0a878e80.sampleXSUAA#flowable-async-job-executor-thread-18576#
[PollStartAppStatusExecution] 0e98c5e0-7a80-41de-afbb-10b33fc1b81d [2026-04-16T07:45:45.506293] Invoking pre-start scripts. (STDOUT, APP/PROC/WEB)#
#2026 04 16 07:47:45.413#Z#DEBUG#710c00e6-3968-11f1-887f-eeee0a878e80.sampleXSUAA#flowable-async-job-executor-thread-18576#
[PollStartAppStatusExecution] 0e98c5e0-7a80-41de-afbb-10b33fc1b81d [2026-04-16T07:45:45.703704] Invoking start command. (STDOUT, APP/PROC/WEB)#
#2026 04 16 07:47:45.413#Z#DEBUG#710c00e6-3968-11f1-887f-eeee0a878e80.sampleXSUAA#flowable-async-job-executor-thread-18576#
[PollStartAppStatusExecution] 0e98c5e0-7a80-41de-afbb-10b33fc1b81d [2026-04-16T07:45:46.120892] > start (STDOUT, APP/PROC/WEB)#
#2026 04 16 07:47:45.413#Z#DEBUG#710c00e6-3968-11f1-887f-eeee0a878e80.sampleXSUAA#flowable-async-job-executor-thread-18576#
[PollStartAppStatusExecution] 0e98c5e0-7a80-41de-afbb-10b33fc1b81d [2026-04-16T07:45:46.120923] > node node_modules/@sap/approuter/approuter.js (STDOUT, APP/PROC/WEB)#
#2026 04 16 07:47:45.413#Z#DEBUG#710c00e6-3968-11f1-887f-eeee0a878e80.sampleXSUAA#flowable-async-job-executor-thread-18576#
[PollStartAppStatusExecution] 0e98c5e0-7a80-41de-afbb-10b33fc1b81d [2026-04-16T07:45:46.319556] {"written_at":"2026-04-16T07:45:46.317Z","written_ts":1776325546317000000,"csn_component":"-","correlation_id":"-","type":"log","logger":"nodejs-logger","layer":"/LoggingLibrary","level":"warning","container_id":"10.32.2.6","component_type":"application","component_id":"0e98c5e0-7a80-41de-afbb-10b33fc1b81d","component_name":"sampleXSUAA","component_instance":-1,"source_instance":-1,"organization_id":"2580e9bd-dd7c-49a8-8821-a63188f2560a","organization_name":"0ab4d4bctrial","space_id":"06b3ba90-b2ab-41d9-b5f5-4c350ffe4516","space_name":"dev","context_id":"","msg":"Dynamic log level switching not available"} (STDOUT, APP/PROC/WEB)#
#2026 04 16 07:47:45.413#Z#DEBUG#710c00e6-3968-11f1-887f-eeee0a878e80.sampleXSUAA#flowable-async-job-executor-thread-18576#
[PollStartAppStatusExecution] 0e98c5e0-7a80-41de-afbb-10b33fc1b81d [2026-04-16T07:45:46.852412] {"written_at":"2026-04-16T07:45:46.851Z","written_ts":1776325546851000000,"csn_component":"-","correlation_id":"mo16d7xg","type":"log","logger":"nodejs-logger","layer":"/approuter","level":"info","container_id":"10.32.2.6","component_type":"application","component_id":"0e98c5e0-7a80-41de-afbb-10b33fc1b81d","component_name":"sampleXSUAA","component_instance":-1,"source_instance":-1,"organization_id":"2580e9bd-dd7c-49a8-8821-a63188f2560a","organization_name":"0ab4d4bctrial","space_id":"06b3ba90-b2ab-41d9-b5f5-4c350ffe4516","space_name":"dev","context_id":"mo16d7xg","msg":"Application router version 21.3.0"} (STDOUT, APP/PROC/WEB)#
#2026 04 16 07:47:45.413#Z#DEBUG#710c00e6-3968-11f1-887f-eeee0a878e80.sampleXSUAA#flowable-async-job-executor-thread-18576#
[PollStartAppStatusExecution] 0e98c5e0-7a80-41de-afbb-10b33fc1b81d [2026-04-16T07:45:46.858374] {"written_at":"2026-04-16T07:45:46.858Z","written_ts":1776325546858000000,"csn_component":"-","correlation_id":"mo16d7xm","type":"log","logger":"nodejs-logger","layer":"/Configuration","level":"info","container_id":"10.32.2.6","component_type":"application","component_id":"0e98c5e0-7a80-41de-afbb-10b33fc1b81d","component_name":"sampleXSUAA","component_instance":-1,"source_instance":-1,"organization_id":"2580e9bd-dd7c-49a8-8821-a63188f2560a","organization_name":"0ab4d4bctrial","space_id":"06b3ba90-b2ab-41d9-b5f5-4c350ffe4516","space_name":"dev","context_id":"mo16d7xm","msg":"No COOKIES environment variable"} (STDOUT, APP/PROC/WEB)#
#2026 04 16 07:47:45.413#Z#DEBUG#710c00e6-3968-11f1-887f-eeee0a878e80.sampleXSUAA#flowable-async-job-executor-thread-18576#
[PollStartAppStatusExecution] 0e98c5e0-7a80-41de-afbb-10b33fc1b81d [2026-04-16T07:45:46.891226] {"written_at":"2026-04-16T07:45:46.890Z","written_ts":1776325546890000000,"csn_component":"-","correlation_id":"mo16d7xg","type":"log","logger":"nodejs-logger","layer":"/approuter","level":"info","container_id":"10.32.2.6","component_type":"application","component_id":"0e98c5e0-7a80-41de-afbb-10b33fc1b81d","component_name":"sampleXSUAA","component_instance":-1,"source_instance":-1,"organization_id":"2580e9bd-dd7c-49a8-8821-a63188f2560a","organization_name":"0ab4d4bctrial","space_id":"06b3ba90-b2ab-41d9-b5f5-4c350ffe4516","space_name":"dev","context_id":"mo16d7xg","msg":"Application router is listening on port: 8080"} (STDOUT, APP/PROC/WEB)#
#2026 04 16 07:47:45.413#Z#DEBUG#710c00e6-3968-11f1-887f-eeee0a878e80.sampleXSUAA#flowable-async-job-executor-thread-18576#
[PollStartAppStatusExecution] 0e98c5e0-7a80-41de-afbb-10b33fc1b81d [2026-04-16T07:45:48.604702] Container became healthy (STDOUT, CELL)#
#2026 04 16 07:47:45.413#Z#DEBUG#710c00e6-3968-11f1-887f-eeee0a878e80.sampleXSUAA#flowable-async-job-executor-thread-18576#
[PollStartAppStatusExecution] 0e98c5e0-7a80-41de-afbb-10b33fc1b81d [2026-04-16T07:45:48.629611] Process became ready with guid 0e98c5e0-7a80-41de-afbb-10b33fc1b81d payload: {"instance"=>"58b9e214-128f-49fd-553b-cf5a", "index"=>0, "cell_id"=>"c839c7b1-088e-41af-b9b7-66256aacd457", "ready"=>true, "version"=>"51ebc626-39e3-4b0c-b3d1-e0c49fa36918"} (STDOUT, API)#
#2026 04 16 07:47:45.413#Z#DEBUG#710c00e6-3968-11f1-887f-eeee0a878e80.sampleXSUAA#flowable-async-job-executor-thread-18576#
[PollStartAppStatusExecution] 0e98c5e0-7a80-41de-afbb-10b33fc1b81d [2026-04-16T07:46:44.085587] Cell c839c7b1-088e-41af-b9b7-66256aacd457 destroying container for instance 98c2beab-add0-47bc-6dce-f848 (STDOUT, CELL)#
#2026 04 16 07:47:45.413#Z#DEBUG#710c00e6-3968-11f1-887f-eeee0a878e80.sampleXSUAA#flowable-async-job-executor-thread-18576#
[PollStartAppStatusExecution] 0e98c5e0-7a80-41de-afbb-10b33fc1b81d [2026-04-16T07:46:44.369776] Exit status 137 (STDOUT, PROXY)#
#2026 04 16 07:47:45.413#Z#DEBUG#710c00e6-3968-11f1-887f-eeee0a878e80.sampleXSUAA#flowable-async-job-executor-thread-18576#
[PollStartAppStatusExecution] 0e98c5e0-7a80-41de-afbb-10b33fc1b81d [2026-04-16T07:46:46.922996] Cell c839c7b1-088e-41af-b9b7-66256aacd457 successfully destroyed container for instance 98c2beab-add0-47bc-6dce-f848 (STDOUT, CELL)#
#2026 04 16 07:47:45.413#Z#DEBUG#710c00e6-3968-11f1-887f-eeee0a878e80.sampleXSUAA#flowable-async-job-executor-thread-18576#
[PollStartAppStatusExecution] 0e98c5e0-7a80-41de-afbb-10b33fc1b81d [2026-04-16T07:47:14.265860] Updated app with guid 0e98c5e0-7a80-41de-afbb-10b33fc1b81d ({"lifecycle"=>{"data"=>{"buildpacks"=>[]}, "type"=>"buildpack"}}) (STDOUT, API)#
#2026 04 16 07:47:45.413#Z#DEBUG#710c00e6-3968-11f1-887f-eeee0a878e80.sampleXSUAA#flowable-async-job-executor-thread-18576#
[PollStartAppStatusExecution] 0e98c5e0-7a80-41de-afbb-10b33fc1b81d [2026-04-16T07:47:14.381498] Updating process: "web" (STDOUT, API)#
#2026 04 16 07:47:45.414#Z#DEBUG#710c00e6-3968-11f1-887f-eeee0a878e80.sampleXSUAA#flowable-async-job-executor-thread-18576#
[PollStartAppStatusExecution] 0e98c5e0-7a80-41de-afbb-10b33fc1b81d [2026-04-16T07:47:37.913139] Stopping app with guid 0e98c5e0-7a80-41de-afbb-10b33fc1b81d (STDOUT, API)#
#2026 04 16 07:47:45.414#Z#DEBUG#710c00e6-3968-11f1-887f-eeee0a878e80.sampleXSUAA#flowable-async-job-executor-thread-18576#
[PollStartAppStatusExecution] 0e98c5e0-7a80-41de-afbb-10b33fc1b81d [2026-04-16T07:47:37.945433] Cell c839c7b1-088e-41af-b9b7-66256aacd457 stopping instance 58b9e214-128f-49fd-553b-cf5a (STDOUT, CELL)#
#2026 04 16 07:47:45.414#Z#DEBUG#710c00e6-3968-11f1-887f-eeee0a878e80.sampleXSUAA#flowable-async-job-executor-thread-18576#
[PollStartAppStatusExecution] 0e98c5e0-7a80-41de-afbb-10b33fc1b81d [2026-04-16T07:47:38.769395] Starting app with guid 0e98c5e0-7a80-41de-afbb-10b33fc1b81d (STDOUT, API)#
#2026 04 16 07:47:45.414#Z#DEBUG#710c00e6-3968-11f1-887f-eeee0a878e80.sampleXSUAA#flowable-async-job-executor-thread-18576#
[PollStartAppStatusExecution] 0e98c5e0-7a80-41de-afbb-10b33fc1b81d [2026-04-16T07:47:38.977040] Cell c839c7b1-088e-41af-b9b7-66256aacd457 creating container for instance 6ea9a6a1-7111-4fc3-570d-7750 (STDOUT, CELL)#
#2026 04 16 07:47:45.414#Z#DEBUG#710c00e6-3968-11f1-887f-eeee0a878e80.sampleXSUAA#flowable-async-job-executor-thread-18576#
[PollStartAppStatusExecution] 0e98c5e0-7a80-41de-afbb-10b33fc1b81d [2026-04-16T07:47:39.858058] Security group rules were updated (STDOUT, CELL)#
#2026 04 16 07:47:45.414#Z#DEBUG#710c00e6-3968-11f1-887f-eeee0a878e80.sampleXSUAA#flowable-async-job-executor-thread-18576#
[PollStartAppStatusExecution] 0e98c5e0-7a80-41de-afbb-10b33fc1b81d [2026-04-16T07:47:39.945570] Cell c839c7b1-088e-41af-b9b7-66256aacd457 successfully created container for instance 6ea9a6a1-7111-4fc3-570d-7750 (STDOUT, CELL)#
#2026 04 16 07:47:45.414#Z#DEBUG#710c00e6-3968-11f1-887f-eeee0a878e80.sampleXSUAA#flowable-async-job-executor-thread-18576#
[PollStartAppStatusExecution] 0e98c5e0-7a80-41de-afbb-10b33fc1b81d [2026-04-16T07:47:40.402226] Downloading droplet... (STDOUT, CELL)#
#2026 04 16 07:47:45.414#Z#DEBUG#710c00e6-3968-11f1-887f-eeee0a878e80.sampleXSUAA#flowable-async-job-executor-thread-18576#
[PollStartAppStatusExecution] 0e98c5e0-7a80-41de-afbb-10b33fc1b81d [2026-04-16T07:47:44.973240] Downloaded droplet (62.2M) (STDOUT, CELL)#
#2026 04 16 07:47:45.414#Z#DEBUG#710c00e6-3968-11f1-887f-eeee0a878e80.sampleXSUAA#flowable-async-job-executor-thread-18576#
[PollStartAppStatusExecution] 0e98c5e0-7a80-41de-afbb-10b33fc1b81d [2026-04-16T07:47:44.973399] Starting health monitoring of container (STDOUT, CELL)#
#2026 04 16 07:47:56.473#Z#DEBUG#710c00e6-3968-11f1-887f-eeee0a878e80.sampleXSUAA#flowable-async-job-executor-thread-19680#
[PollStartAppStatusExecution] 0e98c5e0-7a80-41de-afbb-10b33fc1b81d [2026-04-16T07:47:45.089236] Invoking pre-start scripts. (STDOUT, APP/PROC/WEB)#
#2026 04 16 07:47:56.473#Z#DEBUG#710c00e6-3968-11f1-887f-eeee0a878e80.sampleXSUAA#flowable-async-job-executor-thread-19680#
[PollStartAppStatusExecution] 0e98c5e0-7a80-41de-afbb-10b33fc1b81d [2026-04-16T07:47:45.307804] Invoking start command. (STDOUT, APP/PROC/WEB)#
#2026 04 16 07:47:56.473#Z#DEBUG#710c00e6-3968-11f1-887f-eeee0a878e80.sampleXSUAA#flowable-async-job-executor-thread-19680#
[PollStartAppStatusExecution] 0e98c5e0-7a80-41de-afbb-10b33fc1b81d [2026-04-16T07:47:45.744178] > start (STDOUT, APP/PROC/WEB)#
#2026 04 16 07:47:56.473#Z#DEBUG#710c00e6-3968-11f1-887f-eeee0a878e80.sampleXSUAA#flowable-async-job-executor-thread-19680#
[PollStartAppStatusExecution] 0e98c5e0-7a80-41de-afbb-10b33fc1b81d [2026-04-16T07:47:45.744208] > node node_modules/@sap/approuter/approuter.js (STDOUT, APP/PROC/WEB)#
#2026 04 16 07:47:56.473#Z#DEBUG#710c00e6-3968-11f1-887f-eeee0a878e80.sampleXSUAA#flowable-async-job-executor-thread-19680#
[PollStartAppStatusExecution] 0e98c5e0-7a80-41de-afbb-10b33fc1b81d [2026-04-16T07:47:45.944339] {"written_at":"2026-04-16T07:47:45.942Z","written_ts":1776325665942000000,"csn_component":"-","correlation_id":"-","type":"log","logger":"nodejs-logger","layer":"/LoggingLibrary","level":"warning","container_id":"10.32.2.6","component_type":"application","component_id":"0e98c5e0-7a80-41de-afbb-10b33fc1b81d","component_name":"sampleXSUAA","component_instance":-1,"source_instance":-1,"organization_id":"2580e9bd-dd7c-49a8-8821-a63188f2560a","organization_name":"0ab4d4bctrial","space_id":"06b3ba90-b2ab-41d9-b5f5-4c350ffe4516","space_name":"dev","context_id":"","msg":"Dynamic log level switching not available"} (STDOUT, APP/PROC/WEB)#
#2026 04 16 07:47:56.473#Z#DEBUG#710c00e6-3968-11f1-887f-eeee0a878e80.sampleXSUAA#flowable-async-job-executor-thread-19680#
[PollStartAppStatusExecution] 0e98c5e0-7a80-41de-afbb-10b33fc1b81d [2026-04-16T07:47:46.491166] {"written_at":"2026-04-16T07:47:46.490Z","written_ts":1776325666490000000,"csn_component":"-","correlation_id":"mo16fs8q","type":"log","logger":"nodejs-logger","layer":"/approuter","level":"info","container_id":"10.32.2.6","component_type":"application","component_id":"0e98c5e0-7a80-41de-afbb-10b33fc1b81d","component_name":"sampleXSUAA","component_instance":-1,"source_instance":-1,"organization_id":"2580e9bd-dd7c-49a8-8821-a63188f2560a","organization_name":"0ab4d4bctrial","space_id":"06b3ba90-b2ab-41d9-b5f5-4c350ffe4516","space_name":"dev","context_id":"mo16fs8q","msg":"Application router version 21.3.0"} (STDOUT, APP/PROC/WEB)#
#2026 04 16 07:47:56.473#Z#DEBUG#710c00e6-3968-11f1-887f-eeee0a878e80.sampleXSUAA#flowable-async-job-executor-thread-19680#
[PollStartAppStatusExecution] 0e98c5e0-7a80-41de-afbb-10b33fc1b81d [2026-04-16T07:47:46.497378] {"written_at":"2026-04-16T07:47:46.497Z","written_ts":1776325666497000000,"csn_component":"-","correlation_id":"mo16fs8x","type":"log","logger":"nodejs-logger","layer":"/Configuration","level":"info","container_id":"10.32.2.6","component_type":"application","component_id":"0e98c5e0-7a80-41de-afbb-10b33fc1b81d","component_name":"sampleXSUAA","component_instance":-1,"source_instance":-1,"organization_id":"2580e9bd-dd7c-49a8-8821-a63188f2560a","organization_name":"0ab4d4bctrial","space_id":"06b3ba90-b2ab-41d9-b5f5-4c350ffe4516","space_name":"dev","context_id":"mo16fs8x","msg":"No COOKIES environment variable"} (STDOUT, APP/PROC/WEB)#
#2026 04 16 07:47:56.473#Z#DEBUG#710c00e6-3968-11f1-887f-eeee0a878e80.sampleXSUAA#flowable-async-job-executor-thread-19680#
[PollStartAppStatusExecution] 0e98c5e0-7a80-41de-afbb-10b33fc1b81d [2026-04-16T07:47:46.536824] {"written_at":"2026-04-16T07:47:46.536Z","written_ts":1776325666536000000,"csn_component":"-","correlation_id":"mo16fs8q","type":"log","logger":"nodejs-logger","layer":"/approuter","level":"info","container_id":"10.32.2.6","component_type":"application","component_id":"0e98c5e0-7a80-41de-afbb-10b33fc1b81d","component_name":"sampleXSUAA","component_instance":-1,"source_instance":-1,"organization_id":"2580e9bd-dd7c-49a8-8821-a63188f2560a","organization_name":"0ab4d4bctrial","space_id":"06b3ba90-b2ab-41d9-b5f5-4c350ffe4516","space_name":"dev","context_id":"mo16fs8q","msg":"Application router is listening on port: 8080"} (STDOUT, APP/PROC/WEB)#
#2026 04 16 07:47:56.473#Z#DEBUG#710c00e6-3968-11f1-887f-eeee0a878e80.sampleXSUAA#flowable-async-job-executor-thread-19680#
[PollStartAppStatusExecution] 0e98c5e0-7a80-41de-afbb-10b33fc1b81d [2026-04-16T07:47:47.775886] Container became healthy (STDOUT, CELL)#
#2026 04 16 07:47:56.473#Z#DEBUG#710c00e6-3968-11f1-887f-eeee0a878e80.sampleXSUAA#flowable-async-job-executor-thread-19680#
[PollStartAppStatusExecution] 0e98c5e0-7a80-41de-afbb-10b33fc1b81d [2026-04-16T07:47:47.802327] Process became ready with guid 0e98c5e0-7a80-41de-afbb-10b33fc1b81d payload: {"instance"=>"6ea9a6a1-7111-4fc3-570d-7750", "index"=>0, "cell_id"=>"c839c7b1-088e-41af-b9b7-66256aacd457", "ready"=>true, "version"=>"ea47f2e7-8303-4a88-8d5e-a588c5f105f7"} (STDOUT, API)#
