#2026 04 16 07:36:50.221#Z#DEBUG#ee1077d5-3966-11f1-830f-eeee0a928bd8.sampleXSUAA#flowable-async-job-executor-thread-31880#
[PollStartAppStatusExecution] 0e98c5e0-7a80-41de-afbb-10b33fc1b81d [2026-04-16T07:22:43.600375] Updated app with guid 0e98c5e0-7a80-41de-afbb-10b33fc1b81d ({"lifecycle"=>{"data"=>{"buildpacks"=>[]}, "type"=>"buildpack"}}) (STDOUT, API)#
#2026 04 16 07:36:50.221#Z#DEBUG#ee1077d5-3966-11f1-830f-eeee0a928bd8.sampleXSUAA#flowable-async-job-executor-thread-31880#
[PollStartAppStatusExecution] 0e98c5e0-7a80-41de-afbb-10b33fc1b81d [2026-04-16T07:22:43.695870] Updating process: "web" (STDOUT, API)#
#2026 04 16 07:36:50.221#Z#DEBUG#ee1077d5-3966-11f1-830f-eeee0a928bd8.sampleXSUAA#flowable-async-job-executor-thread-31880#
[PollStartAppStatusExecution] 0e98c5e0-7a80-41de-afbb-10b33fc1b81d [2026-04-16T07:23:04.102357] Stopping app with guid 0e98c5e0-7a80-41de-afbb-10b33fc1b81d (STDOUT, API)#
#2026 04 16 07:36:50.221#Z#DEBUG#ee1077d5-3966-11f1-830f-eeee0a928bd8.sampleXSUAA#flowable-async-job-executor-thread-31880#
[PollStartAppStatusExecution] 0e98c5e0-7a80-41de-afbb-10b33fc1b81d [2026-04-16T07:23:04.135621] Cell 77283d80-dfa7-40ba-ba4e-265aef112085 stopping instance 4a220ec0-cc86-4a15-5f02-b488 (STDOUT, CELL)#
#2026 04 16 07:36:50.221#Z#DEBUG#ee1077d5-3966-11f1-830f-eeee0a928bd8.sampleXSUAA#flowable-async-job-executor-thread-31880#
[PollStartAppStatusExecution] 0e98c5e0-7a80-41de-afbb-10b33fc1b81d [2026-04-16T07:23:04.433437] Starting app with guid 0e98c5e0-7a80-41de-afbb-10b33fc1b81d (STDOUT, API)#
#2026 04 16 07:36:50.221#Z#DEBUG#ee1077d5-3966-11f1-830f-eeee0a928bd8.sampleXSUAA#flowable-async-job-executor-thread-31880#
[PollStartAppStatusExecution] 0e98c5e0-7a80-41de-afbb-10b33fc1b81d [2026-04-16T07:23:04.629154] Cell c839c7b1-088e-41af-b9b7-66256aacd457 creating container for instance cc1c1da2-b074-42ee-64f4-ad28 (STDOUT, CELL)#
#2026 04 16 07:36:50.221#Z#DEBUG#ee1077d5-3966-11f1-830f-eeee0a928bd8.sampleXSUAA#flowable-async-job-executor-thread-31880#
[PollStartAppStatusExecution] 0e98c5e0-7a80-41de-afbb-10b33fc1b81d [2026-04-16T07:23:05.397134] Security group rules were updated (STDOUT, CELL)#
#2026 04 16 07:36:50.221#Z#DEBUG#ee1077d5-3966-11f1-830f-eeee0a928bd8.sampleXSUAA#flowable-async-job-executor-thread-31880#
[PollStartAppStatusExecution] 0e98c5e0-7a80-41de-afbb-10b33fc1b81d [2026-04-16T07:23:05.481195] Cell c839c7b1-088e-41af-b9b7-66256aacd457 successfully created container for instance cc1c1da2-b074-42ee-64f4-ad28 (STDOUT, CELL)#
#2026 04 16 07:36:50.221#Z#DEBUG#ee1077d5-3966-11f1-830f-eeee0a928bd8.sampleXSUAA#flowable-async-job-executor-thread-31880#
[PollStartAppStatusExecution] 0e98c5e0-7a80-41de-afbb-10b33fc1b81d [2026-04-16T07:23:05.853742] Downloading droplet... (STDOUT, CELL)#
#2026 04 16 07:36:50.221#Z#DEBUG#ee1077d5-3966-11f1-830f-eeee0a928bd8.sampleXSUAA#flowable-async-job-executor-thread-31880#
[PollStartAppStatusExecution] 0e98c5e0-7a80-41de-afbb-10b33fc1b81d [2026-04-16T07:23:10.706679] Downloaded droplet (62.2M) (STDOUT, CELL)#
#2026 04 16 07:36:50.221#Z#DEBUG#ee1077d5-3966-11f1-830f-eeee0a928bd8.sampleXSUAA#flowable-async-job-executor-thread-31880#
[PollStartAppStatusExecution] 0e98c5e0-7a80-41de-afbb-10b33fc1b81d [2026-04-16T07:23:10.707064] Starting health monitoring of container (STDOUT, CELL)#
#2026 04 16 07:36:50.221#Z#DEBUG#ee1077d5-3966-11f1-830f-eeee0a928bd8.sampleXSUAA#flowable-async-job-executor-thread-31880#
[PollStartAppStatusExecution] 0e98c5e0-7a80-41de-afbb-10b33fc1b81d [2026-04-16T07:23:10.835627] Invoking pre-start scripts. (STDOUT, APP/PROC/WEB)#
#2026 04 16 07:36:50.221#Z#DEBUG#ee1077d5-3966-11f1-830f-eeee0a928bd8.sampleXSUAA#flowable-async-job-executor-thread-31880#
[PollStartAppStatusExecution] 0e98c5e0-7a80-41de-afbb-10b33fc1b81d [2026-04-16T07:23:11.054794] Invoking start command. (STDOUT, APP/PROC/WEB)#
#2026 04 16 07:36:50.221#Z#DEBUG#ee1077d5-3966-11f1-830f-eeee0a928bd8.sampleXSUAA#flowable-async-job-executor-thread-31880#
[PollStartAppStatusExecution] 0e98c5e0-7a80-41de-afbb-10b33fc1b81d [2026-04-16T07:23:11.545981] > start (STDOUT, APP/PROC/WEB)#
#2026 04 16 07:36:50.221#Z#DEBUG#ee1077d5-3966-11f1-830f-eeee0a928bd8.sampleXSUAA#flowable-async-job-executor-thread-31880#
[PollStartAppStatusExecution] 0e98c5e0-7a80-41de-afbb-10b33fc1b81d [2026-04-16T07:23:11.546012] > node node_modules/@sap/approuter/approuter.js (STDOUT, APP/PROC/WEB)#
#2026 04 16 07:36:50.221#Z#DEBUG#ee1077d5-3966-11f1-830f-eeee0a928bd8.sampleXSUAA#flowable-async-job-executor-thread-31880#
[PollStartAppStatusExecution] 0e98c5e0-7a80-41de-afbb-10b33fc1b81d [2026-04-16T07:23:11.751693] {"written_at":"2026-04-16T07:23:11.749Z","written_ts":1776324191749000000,"csn_component":"-","correlation_id":"-","type":"log","logger":"nodejs-logger","layer":"/LoggingLibrary","level":"warning","container_id":"10.32.2.6","component_type":"application","component_id":"0e98c5e0-7a80-41de-afbb-10b33fc1b81d","component_name":"sampleXSUAA","component_instance":-1,"source_instance":-1,"organization_id":"2580e9bd-dd7c-49a8-8821-a63188f2560a","organization_name":"0ab4d4bctrial","space_id":"06b3ba90-b2ab-41d9-b5f5-4c350ffe4516","space_name":"dev","context_id":"","msg":"Dynamic log level switching not available"} (STDOUT, APP/PROC/WEB)#
#2026 04 16 07:36:50.221#Z#DEBUG#ee1077d5-3966-11f1-830f-eeee0a928bd8.sampleXSUAA#flowable-async-job-executor-thread-31880#
[PollStartAppStatusExecution] 0e98c5e0-7a80-41de-afbb-10b33fc1b81d [2026-04-16T07:23:12.332847] {"written_at":"2026-04-16T07:23:12.332Z","written_ts":1776324192332000000,"csn_component":"-","correlation_id":"mo15k6rw","type":"log","logger":"nodejs-logger","layer":"/approuter","level":"info","container_id":"10.32.2.6","component_type":"application","component_id":"0e98c5e0-7a80-41de-afbb-10b33fc1b81d","component_name":"sampleXSUAA","component_instance":-1,"source_instance":-1,"organization_id":"2580e9bd-dd7c-49a8-8821-a63188f2560a","organization_name":"0ab4d4bctrial","space_id":"06b3ba90-b2ab-41d9-b5f5-4c350ffe4516","space_name":"dev","context_id":"mo15k6rw","msg":"Application router version 21.3.0"} (STDOUT, APP/PROC/WEB)#
#2026 04 16 07:36:50.221#Z#DEBUG#ee1077d5-3966-11f1-830f-eeee0a928bd8.sampleXSUAA#flowable-async-job-executor-thread-31880#
[PollStartAppStatusExecution] 0e98c5e0-7a80-41de-afbb-10b33fc1b81d [2026-04-16T07:23:12.338876] {"written_at":"2026-04-16T07:23:12.338Z","written_ts":1776324192338000000,"csn_component":"-","correlation_id":"mo15k6s2","type":"log","logger":"nodejs-logger","layer":"/Configuration","level":"info","container_id":"10.32.2.6","component_type":"application","component_id":"0e98c5e0-7a80-41de-afbb-10b33fc1b81d","component_name":"sampleXSUAA","component_instance":-1,"source_instance":-1,"organization_id":"2580e9bd-dd7c-49a8-8821-a63188f2560a","organization_name":"0ab4d4bctrial","space_id":"06b3ba90-b2ab-41d9-b5f5-4c350ffe4516","space_name":"dev","context_id":"mo15k6s2","msg":"No COOKIES environment variable"} (STDOUT, APP/PROC/WEB)#
#2026 04 16 07:36:50.221#Z#DEBUG#ee1077d5-3966-11f1-830f-eeee0a928bd8.sampleXSUAA#flowable-async-job-executor-thread-31880#
[PollStartAppStatusExecution] 0e98c5e0-7a80-41de-afbb-10b33fc1b81d [2026-04-16T07:23:12.370324] {"written_at":"2026-04-16T07:23:12.370Z","written_ts":1776324192370000000,"csn_component":"-","correlation_id":"mo15k6rw","type":"log","logger":"nodejs-logger","layer":"/approuter","level":"info","container_id":"10.32.2.6","component_type":"application","component_id":"0e98c5e0-7a80-41de-afbb-10b33fc1b81d","component_name":"sampleXSUAA","component_instance":-1,"source_instance":-1,"organization_id":"2580e9bd-dd7c-49a8-8821-a63188f2560a","organization_name":"0ab4d4bctrial","space_id":"06b3ba90-b2ab-41d9-b5f5-4c350ffe4516","space_name":"dev","context_id":"mo15k6rw","msg":"Application router is listening on port: 8080"} (STDOUT, APP/PROC/WEB)#
#2026 04 16 07:36:50.221#Z#DEBUG#ee1077d5-3966-11f1-830f-eeee0a928bd8.sampleXSUAA#flowable-async-job-executor-thread-31880#
[PollStartAppStatusExecution] 0e98c5e0-7a80-41de-afbb-10b33fc1b81d [2026-04-16T07:23:13.282160] Container became healthy (STDOUT, CELL)#
#2026 04 16 07:36:50.221#Z#DEBUG#ee1077d5-3966-11f1-830f-eeee0a928bd8.sampleXSUAA#flowable-async-job-executor-thread-31880#
[PollStartAppStatusExecution] 0e98c5e0-7a80-41de-afbb-10b33fc1b81d [2026-04-16T07:23:13.307354] Process became ready with guid 0e98c5e0-7a80-41de-afbb-10b33fc1b81d payload: {"instance"=>"cc1c1da2-b074-42ee-64f4-ad28", "index"=>0, "cell_id"=>"c839c7b1-088e-41af-b9b7-66256aacd457", "ready"=>true, "version"=>"70fc81b9-12cb-4317-9ee5-540b0dfb3783"} (STDOUT, API)#
#2026 04 16 07:36:50.221#Z#DEBUG#ee1077d5-3966-11f1-830f-eeee0a928bd8.sampleXSUAA#flowable-async-job-executor-thread-31880#
[PollStartAppStatusExecution] 0e98c5e0-7a80-41de-afbb-10b33fc1b81d [2026-04-16T07:24:10.940221] Cell 77283d80-dfa7-40ba-ba4e-265aef112085 destroying container for instance 4a220ec0-cc86-4a15-5f02-b488 (STDOUT, CELL)#
#2026 04 16 07:36:50.221#Z#DEBUG#ee1077d5-3966-11f1-830f-eeee0a928bd8.sampleXSUAA#flowable-async-job-executor-thread-31880#
[PollStartAppStatusExecution] 0e98c5e0-7a80-41de-afbb-10b33fc1b81d [2026-04-16T07:24:11.946125] Exit status 137 (STDOUT, PROXY)#
#2026 04 16 07:36:50.221#Z#DEBUG#ee1077d5-3966-11f1-830f-eeee0a928bd8.sampleXSUAA#flowable-async-job-executor-thread-31880#
[PollStartAppStatusExecution] 0e98c5e0-7a80-41de-afbb-10b33fc1b81d [2026-04-16T07:24:13.600837] Cell 77283d80-dfa7-40ba-ba4e-265aef112085 successfully destroyed container for instance 4a220ec0-cc86-4a15-5f02-b488 (STDOUT, CELL)#
#2026 04 16 07:36:50.221#Z#DEBUG#ee1077d5-3966-11f1-830f-eeee0a928bd8.sampleXSUAA#flowable-async-job-executor-thread-31880#
[PollStartAppStatusExecution] 0e98c5e0-7a80-41de-afbb-10b33fc1b81d [2026-04-16T07:25:45.427803] Updated app with guid 0e98c5e0-7a80-41de-afbb-10b33fc1b81d ({"lifecycle"=>{"data"=>{"buildpacks"=>[]}, "type"=>"buildpack"}}) (STDOUT, API)#
#2026 04 16 07:36:50.221#Z#DEBUG#ee1077d5-3966-11f1-830f-eeee0a928bd8.sampleXSUAA#flowable-async-job-executor-thread-31880#
[PollStartAppStatusExecution] 0e98c5e0-7a80-41de-afbb-10b33fc1b81d [2026-04-16T07:25:45.557682] Updating process: "web" (STDOUT, API)#
#2026 04 16 07:36:50.221#Z#DEBUG#ee1077d5-3966-11f1-830f-eeee0a928bd8.sampleXSUAA#flowable-async-job-executor-thread-31880#
[PollStartAppStatusExecution] 0e98c5e0-7a80-41de-afbb-10b33fc1b81d [2026-04-16T07:26:05.652609] Stopping app with guid 0e98c5e0-7a80-41de-afbb-10b33fc1b81d (STDOUT, API)#
#2026 04 16 07:36:50.221#Z#DEBUG#ee1077d5-3966-11f1-830f-eeee0a928bd8.sampleXSUAA#flowable-async-job-executor-thread-31880#
[PollStartAppStatusExecution] 0e98c5e0-7a80-41de-afbb-10b33fc1b81d [2026-04-16T07:26:05.685501] Cell c839c7b1-088e-41af-b9b7-66256aacd457 stopping instance cc1c1da2-b074-42ee-64f4-ad28 (STDOUT, CELL)#
#2026 04 16 07:36:50.221#Z#DEBUG#ee1077d5-3966-11f1-830f-eeee0a928bd8.sampleXSUAA#flowable-async-job-executor-thread-31880#
[PollStartAppStatusExecution] 0e98c5e0-7a80-41de-afbb-10b33fc1b81d [2026-04-16T07:26:05.996994] Starting app with guid 0e98c5e0-7a80-41de-afbb-10b33fc1b81d (STDOUT, API)#
#2026 04 16 07:36:50.221#Z#DEBUG#ee1077d5-3966-11f1-830f-eeee0a928bd8.sampleXSUAA#flowable-async-job-executor-thread-31880#
[PollStartAppStatusExecution] 0e98c5e0-7a80-41de-afbb-10b33fc1b81d [2026-04-16T07:26:06.316034] Cell 77283d80-dfa7-40ba-ba4e-265aef112085 creating container for instance c5767a83-2e84-457f-629d-944c (STDOUT, CELL)#
#2026 04 16 07:36:50.221#Z#DEBUG#ee1077d5-3966-11f1-830f-eeee0a928bd8.sampleXSUAA#flowable-async-job-executor-thread-31880#
[PollStartAppStatusExecution] 0e98c5e0-7a80-41de-afbb-10b33fc1b81d [2026-04-16T07:26:07.018828] Security group rules were updated (STDOUT, CELL)#
#2026 04 16 07:36:50.221#Z#DEBUG#ee1077d5-3966-11f1-830f-eeee0a928bd8.sampleXSUAA#flowable-async-job-executor-thread-31880#
[PollStartAppStatusExecution] 0e98c5e0-7a80-41de-afbb-10b33fc1b81d [2026-04-16T07:26:07.119184] Cell 77283d80-dfa7-40ba-ba4e-265aef112085 successfully created container for instance c5767a83-2e84-457f-629d-944c (STDOUT, CELL)#
#2026 04 16 07:36:50.221#Z#DEBUG#ee1077d5-3966-11f1-830f-eeee0a928bd8.sampleXSUAA#flowable-async-job-executor-thread-31880#
[PollStartAppStatusExecution] 0e98c5e0-7a80-41de-afbb-10b33fc1b81d [2026-04-16T07:26:08.369914] Downloading droplet... (STDOUT, CELL)#
#2026 04 16 07:36:50.221#Z#DEBUG#ee1077d5-3966-11f1-830f-eeee0a928bd8.sampleXSUAA#flowable-async-job-executor-thread-31880#
[PollStartAppStatusExecution] 0e98c5e0-7a80-41de-afbb-10b33fc1b81d [2026-04-16T07:26:12.975823] Downloaded droplet (62.2M) (STDOUT, CELL)#
#2026 04 16 07:36:50.221#Z#DEBUG#ee1077d5-3966-11f1-830f-eeee0a928bd8.sampleXSUAA#flowable-async-job-executor-thread-31880#
[PollStartAppStatusExecution] 0e98c5e0-7a80-41de-afbb-10b33fc1b81d [2026-04-16T07:26:12.976043] Starting health monitoring of container (STDOUT, CELL)#
#2026 04 16 07:36:50.221#Z#DEBUG#ee1077d5-3966-11f1-830f-eeee0a928bd8.sampleXSUAA#flowable-async-job-executor-thread-31880#
[PollStartAppStatusExecution] 0e98c5e0-7a80-41de-afbb-10b33fc1b81d [2026-04-16T07:26:13.076823] Invoking pre-start scripts. (STDOUT, APP/PROC/WEB)#
#2026 04 16 07:36:50.221#Z#DEBUG#ee1077d5-3966-11f1-830f-eeee0a928bd8.sampleXSUAA#flowable-async-job-executor-thread-31880#
[PollStartAppStatusExecution] 0e98c5e0-7a80-41de-afbb-10b33fc1b81d [2026-04-16T07:26:13.322036] Invoking start command. (STDOUT, APP/PROC/WEB)#
#2026 04 16 07:36:50.221#Z#DEBUG#ee1077d5-3966-11f1-830f-eeee0a928bd8.sampleXSUAA#flowable-async-job-executor-thread-31880#
[PollStartAppStatusExecution] 0e98c5e0-7a80-41de-afbb-10b33fc1b81d [2026-04-16T07:26:13.727072] > start (STDOUT, APP/PROC/WEB)#
#2026 04 16 07:36:50.221#Z#DEBUG#ee1077d5-3966-11f1-830f-eeee0a928bd8.sampleXSUAA#flowable-async-job-executor-thread-31880#
[PollStartAppStatusExecution] 0e98c5e0-7a80-41de-afbb-10b33fc1b81d [2026-04-16T07:26:13.727091] > node node_modules/@sap/approuter/approuter.js (STDOUT, APP/PROC/WEB)#
#2026 04 16 07:36:50.221#Z#DEBUG#ee1077d5-3966-11f1-830f-eeee0a928bd8.sampleXSUAA#flowable-async-job-executor-thread-31880#
[PollStartAppStatusExecution] 0e98c5e0-7a80-41de-afbb-10b33fc1b81d [2026-04-16T07:26:13.912648] {"written_at":"2026-04-16T07:26:13.910Z","written_ts":1776324373910000000,"csn_component":"-","correlation_id":"-","type":"log","logger":"nodejs-logger","layer":"/LoggingLibrary","level":"warning","container_id":"10.32.3.6","component_type":"application","component_id":"0e98c5e0-7a80-41de-afbb-10b33fc1b81d","component_name":"sampleXSUAA","component_instance":-1,"source_instance":-1,"organization_id":"2580e9bd-dd7c-49a8-8821-a63188f2560a","organization_name":"0ab4d4bctrial","space_id":"06b3ba90-b2ab-41d9-b5f5-4c350ffe4516","space_name":"dev","context_id":"","msg":"Dynamic log level switching not available"} (STDOUT, APP/PROC/WEB)#
#2026 04 16 07:36:50.221#Z#DEBUG#ee1077d5-3966-11f1-830f-eeee0a928bd8.sampleXSUAA#flowable-async-job-executor-thread-31880#
[PollStartAppStatusExecution] 0e98c5e0-7a80-41de-afbb-10b33fc1b81d [2026-04-16T07:26:14.490347] {"written_at":"2026-04-16T07:26:14.489Z","written_ts":1776324374489000000,"csn_component":"-","correlation_id":"mo15o3bu","type":"log","logger":"nodejs-logger","layer":"/approuter","level":"info","container_id":"10.32.3.6","component_type":"application","component_id":"0e98c5e0-7a80-41de-afbb-10b33fc1b81d","component_name":"sampleXSUAA","component_instance":-1,"source_instance":-1,"organization_id":"2580e9bd-dd7c-49a8-8821-a63188f2560a","organization_name":"0ab4d4bctrial","space_id":"06b3ba90-b2ab-41d9-b5f5-4c350ffe4516","space_name":"dev","context_id":"mo15o3bu","msg":"Application router version 21.3.0"} (STDOUT, APP/PROC/WEB)#
#2026 04 16 07:36:50.221#Z#DEBUG#ee1077d5-3966-11f1-830f-eeee0a928bd8.sampleXSUAA#flowable-async-job-executor-thread-31880#
[PollStartAppStatusExecution] 0e98c5e0-7a80-41de-afbb-10b33fc1b81d [2026-04-16T07:26:14.496384] {"written_at":"2026-04-16T07:26:14.496Z","written_ts":1776324374496000000,"csn_component":"-","correlation_id":"mo15o3c0","type":"log","logger":"nodejs-logger","layer":"/Configuration","level":"info","container_id":"10.32.3.6","component_type":"application","component_id":"0e98c5e0-7a80-41de-afbb-10b33fc1b81d","component_name":"sampleXSUAA","component_instance":-1,"source_instance":-1,"organization_id":"2580e9bd-dd7c-49a8-8821-a63188f2560a","organization_name":"0ab4d4bctrial","space_id":"06b3ba90-b2ab-41d9-b5f5-4c350ffe4516","space_name":"dev","context_id":"mo15o3c0","msg":"No COOKIES environment variable"} (STDOUT, APP/PROC/WEB)#
#2026 04 16 07:36:50.221#Z#DEBUG#ee1077d5-3966-11f1-830f-eeee0a928bd8.sampleXSUAA#flowable-async-job-executor-thread-31880#
[PollStartAppStatusExecution] 0e98c5e0-7a80-41de-afbb-10b33fc1b81d [2026-04-16T07:26:14.529580] {"written_at":"2026-04-16T07:26:14.529Z","written_ts":1776324374529000000,"csn_component":"-","correlation_id":"mo15o3bu","type":"log","logger":"nodejs-logger","layer":"/approuter","level":"info","container_id":"10.32.3.6","component_type":"application","component_id":"0e98c5e0-7a80-41de-afbb-10b33fc1b81d","component_name":"sampleXSUAA","component_instance":-1,"source_instance":-1,"organization_id":"2580e9bd-dd7c-49a8-8821-a63188f2560a","organization_name":"0ab4d4bctrial","space_id":"06b3ba90-b2ab-41d9-b5f5-4c350ffe4516","space_name":"dev","context_id":"mo15o3bu","msg":"Application router is listening on port: 8080"} (STDOUT, APP/PROC/WEB)#
#2026 04 16 07:36:50.221#Z#DEBUG#ee1077d5-3966-11f1-830f-eeee0a928bd8.sampleXSUAA#flowable-async-job-executor-thread-31880#
[PollStartAppStatusExecution] 0e98c5e0-7a80-41de-afbb-10b33fc1b81d [2026-04-16T07:26:16.176961] Container became healthy (STDOUT, CELL)#
#2026 04 16 07:36:50.221#Z#DEBUG#ee1077d5-3966-11f1-830f-eeee0a928bd8.sampleXSUAA#flowable-async-job-executor-thread-31880#
[PollStartAppStatusExecution] 0e98c5e0-7a80-41de-afbb-10b33fc1b81d [2026-04-16T07:26:16.206540] Process became ready with guid 0e98c5e0-7a80-41de-afbb-10b33fc1b81d payload: {"instance"=>"c5767a83-2e84-457f-629d-944c", "index"=>0, "cell_id"=>"77283d80-dfa7-40ba-ba4e-265aef112085", "ready"=>true, "version"=>"75b25a8f-c08b-45ca-9fb6-2b0c50c67858"} (STDOUT, API)#
#2026 04 16 07:36:50.221#Z#DEBUG#ee1077d5-3966-11f1-830f-eeee0a928bd8.sampleXSUAA#flowable-async-job-executor-thread-31880#
[PollStartAppStatusExecution] 0e98c5e0-7a80-41de-afbb-10b33fc1b81d [2026-04-16T07:29:39.854015] Updated app with guid 0e98c5e0-7a80-41de-afbb-10b33fc1b81d ({"lifecycle"=>{"data"=>{"buildpacks"=>[]}, "type"=>"buildpack"}}) (STDOUT, API)#
#2026 04 16 07:36:50.221#Z#DEBUG#ee1077d5-3966-11f1-830f-eeee0a928bd8.sampleXSUAA#flowable-async-job-executor-thread-31880#
[PollStartAppStatusExecution] 0e98c5e0-7a80-41de-afbb-10b33fc1b81d [2026-04-16T07:29:39.966155] Updating process: "web" (STDOUT, API)#
#2026 04 16 07:36:50.221#Z#DEBUG#ee1077d5-3966-11f1-830f-eeee0a928bd8.sampleXSUAA#flowable-async-job-executor-thread-31880#
[PollStartAppStatusExecution] 0e98c5e0-7a80-41de-afbb-10b33fc1b81d [2026-04-16T07:29:58.169462] Stopping app with guid 0e98c5e0-7a80-41de-afbb-10b33fc1b81d (STDOUT, API)#
#2026 04 16 07:36:50.221#Z#DEBUG#ee1077d5-3966-11f1-830f-eeee0a928bd8.sampleXSUAA#flowable-async-job-executor-thread-31880#
[PollStartAppStatusExecution] 0e98c5e0-7a80-41de-afbb-10b33fc1b81d [2026-04-16T07:29:58.209014] Cell 77283d80-dfa7-40ba-ba4e-265aef112085 stopping instance c5767a83-2e84-457f-629d-944c (STDOUT, CELL)#
#2026 04 16 07:36:50.221#Z#DEBUG#ee1077d5-3966-11f1-830f-eeee0a928bd8.sampleXSUAA#flowable-async-job-executor-thread-31880#
[PollStartAppStatusExecution] 0e98c5e0-7a80-41de-afbb-10b33fc1b81d [2026-04-16T07:29:58.591517] Starting app with guid 0e98c5e0-7a80-41de-afbb-10b33fc1b81d (STDOUT, API)#
#2026 04 16 07:36:50.221#Z#DEBUG#ee1077d5-3966-11f1-830f-eeee0a928bd8.sampleXSUAA#flowable-async-job-executor-thread-31880#
[PollStartAppStatusExecution] 0e98c5e0-7a80-41de-afbb-10b33fc1b81d [2026-04-16T07:29:58.782768] Cell d1cc041a-d5a1-41d6-b9f6-6cda736ce3f0 creating container for instance c7695d33-f804-4ec4-4d54-6129 (STDOUT, CELL)#
#2026 04 16 07:36:50.221#Z#DEBUG#ee1077d5-3966-11f1-830f-eeee0a928bd8.sampleXSUAA#flowable-async-job-executor-thread-31880#
[PollStartAppStatusExecution] 0e98c5e0-7a80-41de-afbb-10b33fc1b81d [2026-04-16T07:29:59.628609] Security group rules were updated (STDOUT, CELL)#
#2026 04 16 07:36:50.221#Z#DEBUG#ee1077d5-3966-11f1-830f-eeee0a928bd8.sampleXSUAA#flowable-async-job-executor-thread-31880#
[PollStartAppStatusExecution] 0e98c5e0-7a80-41de-afbb-10b33fc1b81d [2026-04-16T07:29:59.746860] Cell d1cc041a-d5a1-41d6-b9f6-6cda736ce3f0 successfully created container for instance c7695d33-f804-4ec4-4d54-6129 (STDOUT, CELL)#
#2026 04 16 07:36:50.221#Z#DEBUG#ee1077d5-3966-11f1-830f-eeee0a928bd8.sampleXSUAA#flowable-async-job-executor-thread-31880#
[PollStartAppStatusExecution] 0e98c5e0-7a80-41de-afbb-10b33fc1b81d [2026-04-16T07:30:00.092235] Downloading droplet... (STDOUT, CELL)#
#2026 04 16 07:36:50.221#Z#DEBUG#ee1077d5-3966-11f1-830f-eeee0a928bd8.sampleXSUAA#flowable-async-job-executor-thread-31880#
[PollStartAppStatusExecution] 0e98c5e0-7a80-41de-afbb-10b33fc1b81d [2026-04-16T07:30:04.856898] Downloaded droplet (62.2M) (STDOUT, CELL)#
#2026 04 16 07:36:50.221#Z#DEBUG#ee1077d5-3966-11f1-830f-eeee0a928bd8.sampleXSUAA#flowable-async-job-executor-thread-31880#
[PollStartAppStatusExecution] 0e98c5e0-7a80-41de-afbb-10b33fc1b81d [2026-04-16T07:30:04.857036] Starting health monitoring of container (STDOUT, CELL)#
#2026 04 16 07:36:50.221#Z#DEBUG#ee1077d5-3966-11f1-830f-eeee0a928bd8.sampleXSUAA#flowable-async-job-executor-thread-31880#
[PollStartAppStatusExecution] 0e98c5e0-7a80-41de-afbb-10b33fc1b81d [2026-04-16T07:30:04.975286] Invoking pre-start scripts. (STDOUT, APP/PROC/WEB)#
#2026 04 16 07:36:50.221#Z#DEBUG#ee1077d5-3966-11f1-830f-eeee0a928bd8.sampleXSUAA#flowable-async-job-executor-thread-31880#
[PollStartAppStatusExecution] 0e98c5e0-7a80-41de-afbb-10b33fc1b81d [2026-04-16T07:30:05.203047] Invoking start command. (STDOUT, APP/PROC/WEB)#
#2026 04 16 07:36:50.221#Z#DEBUG#ee1077d5-3966-11f1-830f-eeee0a928bd8.sampleXSUAA#flowable-async-job-executor-thread-31880#
[PollStartAppStatusExecution] 0e98c5e0-7a80-41de-afbb-10b33fc1b81d [2026-04-16T07:30:05.644238] > start (STDOUT, APP/PROC/WEB)#
#2026 04 16 07:36:50.221#Z#DEBUG#ee1077d5-3966-11f1-830f-eeee0a928bd8.sampleXSUAA#flowable-async-job-executor-thread-31880#
[PollStartAppStatusExecution] 0e98c5e0-7a80-41de-afbb-10b33fc1b81d [2026-04-16T07:30:05.644258] > node node_modules/@sap/approuter/approuter.js (STDOUT, APP/PROC/WEB)#
#2026 04 16 07:36:50.221#Z#DEBUG#ee1077d5-3966-11f1-830f-eeee0a928bd8.sampleXSUAA#flowable-async-job-executor-thread-31880#
[PollStartAppStatusExecution] 0e98c5e0-7a80-41de-afbb-10b33fc1b81d [2026-04-16T07:30:05.832307] {"written_at":"2026-04-16T07:30:05.830Z","written_ts":1776324605830000000,"csn_component":"-","correlation_id":"-","type":"log","logger":"nodejs-logger","layer":"/LoggingLibrary","level":"warning","container_id":"10.32.1.5","component_type":"application","component_id":"0e98c5e0-7a80-41de-afbb-10b33fc1b81d","component_name":"sampleXSUAA","component_instance":-1,"source_instance":-1,"organization_id":"2580e9bd-dd7c-49a8-8821-a63188f2560a","organization_name":"0ab4d4bctrial","space_id":"06b3ba90-b2ab-41d9-b5f5-4c350ffe4516","space_name":"dev","context_id":"","msg":"Dynamic log level switching not available"} (STDOUT, APP/PROC/WEB)#
#2026 04 16 07:36:50.221#Z#DEBUG#ee1077d5-3966-11f1-830f-eeee0a928bd8.sampleXSUAA#flowable-async-job-executor-thread-31880#
[PollStartAppStatusExecution] 0e98c5e0-7a80-41de-afbb-10b33fc1b81d [2026-04-16T07:30:06.329256] {"written_at":"2026-04-16T07:30:06.328Z","written_ts":1776324606328000000,"csn_component":"-","correlation_id":"mo15t27s","type":"log","logger":"nodejs-logger","layer":"/approuter","level":"info","container_id":"10.32.1.5","component_type":"application","component_id":"0e98c5e0-7a80-41de-afbb-10b33fc1b81d","component_name":"sampleXSUAA","component_instance":-1,"source_instance":-1,"organization_id":"2580e9bd-dd7c-49a8-8821-a63188f2560a","organization_name":"0ab4d4bctrial","space_id":"06b3ba90-b2ab-41d9-b5f5-4c350ffe4516","space_name":"dev","context_id":"mo15t27s","msg":"Application router version 21.3.0"} (STDOUT, APP/PROC/WEB)#
#2026 04 16 07:36:50.221#Z#DEBUG#ee1077d5-3966-11f1-830f-eeee0a928bd8.sampleXSUAA#flowable-async-job-executor-thread-31880#
[PollStartAppStatusExecution] 0e98c5e0-7a80-41de-afbb-10b33fc1b81d [2026-04-16T07:30:06.334783] {"written_at":"2026-04-16T07:30:06.334Z","written_ts":1776324606334000000,"csn_component":"-","correlation_id":"mo15t27y","type":"log","logger":"nodejs-logger","layer":"/Configuration","level":"info","container_id":"10.32.1.5","component_type":"application","component_id":"0e98c5e0-7a80-41de-afbb-10b33fc1b81d","component_name":"sampleXSUAA","component_instance":-1,"source_instance":-1,"organization_id":"2580e9bd-dd7c-49a8-8821-a63188f2560a","organization_name":"0ab4d4bctrial","space_id":"06b3ba90-b2ab-41d9-b5f5-4c350ffe4516","space_name":"dev","context_id":"mo15t27y","msg":"No COOKIES environment variable"} (STDOUT, APP/PROC/WEB)#
#2026 04 16 07:36:50.221#Z#DEBUG#ee1077d5-3966-11f1-830f-eeee0a928bd8.sampleXSUAA#flowable-async-job-executor-thread-31880#
[PollStartAppStatusExecution] 0e98c5e0-7a80-41de-afbb-10b33fc1b81d [2026-04-16T07:30:06.366167] {"written_at":"2026-04-16T07:30:06.365Z","written_ts":1776324606365000000,"csn_component":"-","correlation_id":"mo15t27s","type":"log","logger":"nodejs-logger","layer":"/approuter","level":"info","container_id":"10.32.1.5","component_type":"application","component_id":"0e98c5e0-7a80-41de-afbb-10b33fc1b81d","component_name":"sampleXSUAA","component_instance":-1,"source_instance":-1,"organization_id":"2580e9bd-dd7c-49a8-8821-a63188f2560a","organization_name":"0ab4d4bctrial","space_id":"06b3ba90-b2ab-41d9-b5f5-4c350ffe4516","space_name":"dev","context_id":"mo15t27s","msg":"Application router is listening on port: 8080"} (STDOUT, APP/PROC/WEB)#
#2026 04 16 07:36:50.221#Z#DEBUG#ee1077d5-3966-11f1-830f-eeee0a928bd8.sampleXSUAA#flowable-async-job-executor-thread-31880#
[PollStartAppStatusExecution] 0e98c5e0-7a80-41de-afbb-10b33fc1b81d [2026-04-16T07:30:08.126773] Container became healthy (STDOUT, CELL)#
#2026 04 16 07:36:50.221#Z#DEBUG#ee1077d5-3966-11f1-830f-eeee0a928bd8.sampleXSUAA#flowable-async-job-executor-thread-31880#
[PollStartAppStatusExecution] 0e98c5e0-7a80-41de-afbb-10b33fc1b81d [2026-04-16T07:30:08.153869] Process became ready with guid 0e98c5e0-7a80-41de-afbb-10b33fc1b81d payload: {"instance"=>"c7695d33-f804-4ec4-4d54-6129", "index"=>0, "cell_id"=>"d1cc041a-d5a1-41d6-b9f6-6cda736ce3f0", "ready"=>true, "version"=>"746ed2bb-9846-4ce6-a81e-1505ea80b401"} (STDOUT, API)#
#2026 04 16 07:36:50.221#Z#DEBUG#ee1077d5-3966-11f1-830f-eeee0a928bd8.sampleXSUAA#flowable-async-job-executor-thread-31880#
[PollStartAppStatusExecution] 0e98c5e0-7a80-41de-afbb-10b33fc1b81d [2026-04-16T07:31:04.702263] Cell 77283d80-dfa7-40ba-ba4e-265aef112085 destroying container for instance c5767a83-2e84-457f-629d-944c (STDOUT, CELL)#
#2026 04 16 07:36:50.221#Z#DEBUG#ee1077d5-3966-11f1-830f-eeee0a928bd8.sampleXSUAA#flowable-async-job-executor-thread-31880#
[PollStartAppStatusExecution] 0e98c5e0-7a80-41de-afbb-10b33fc1b81d [2026-04-16T07:31:04.997119] Exit status 137 (STDOUT, PROXY)#
#2026 04 16 07:36:50.221#Z#DEBUG#ee1077d5-3966-11f1-830f-eeee0a928bd8.sampleXSUAA#flowable-async-job-executor-thread-31880#
[PollStartAppStatusExecution] 0e98c5e0-7a80-41de-afbb-10b33fc1b81d [2026-04-16T07:31:07.357944] Cell 77283d80-dfa7-40ba-ba4e-265aef112085 successfully destroyed container for instance c5767a83-2e84-457f-629d-944c (STDOUT, CELL)#
#2026 04 16 07:36:50.221#Z#DEBUG#ee1077d5-3966-11f1-830f-eeee0a928bd8.sampleXSUAA#flowable-async-job-executor-thread-31880#
[PollStartAppStatusExecution] 0e98c5e0-7a80-41de-afbb-10b33fc1b81d [2026-04-16T07:36:23.110574] Updated app with guid 0e98c5e0-7a80-41de-afbb-10b33fc1b81d ({"lifecycle"=>{"data"=>{"buildpacks"=>[]}, "type"=>"buildpack"}}) (STDOUT, API)#
#2026 04 16 07:36:50.221#Z#DEBUG#ee1077d5-3966-11f1-830f-eeee0a928bd8.sampleXSUAA#flowable-async-job-executor-thread-31880#
[PollStartAppStatusExecution] 0e98c5e0-7a80-41de-afbb-10b33fc1b81d [2026-04-16T07:36:23.217373] Updating process: "web" (STDOUT, API)#
#2026 04 16 07:36:50.221#Z#DEBUG#ee1077d5-3966-11f1-830f-eeee0a928bd8.sampleXSUAA#flowable-async-job-executor-thread-31880#
[PollStartAppStatusExecution] 0e98c5e0-7a80-41de-afbb-10b33fc1b81d [2026-04-16T07:36:41.474611] Stopping app with guid 0e98c5e0-7a80-41de-afbb-10b33fc1b81d (STDOUT, API)#
#2026 04 16 07:36:50.221#Z#DEBUG#ee1077d5-3966-11f1-830f-eeee0a928bd8.sampleXSUAA#flowable-async-job-executor-thread-31880#
[PollStartAppStatusExecution] 0e98c5e0-7a80-41de-afbb-10b33fc1b81d [2026-04-16T07:36:41.505756] Cell d1cc041a-d5a1-41d6-b9f6-6cda736ce3f0 stopping instance c7695d33-f804-4ec4-4d54-6129 (STDOUT, CELL)#
#2026 04 16 07:36:50.221#Z#DEBUG#ee1077d5-3966-11f1-830f-eeee0a928bd8.sampleXSUAA#flowable-async-job-executor-thread-31880#
[PollStartAppStatusExecution] 0e98c5e0-7a80-41de-afbb-10b33fc1b81d [2026-04-16T07:36:41.791240] Starting app with guid 0e98c5e0-7a80-41de-afbb-10b33fc1b81d (STDOUT, API)#
#2026 04 16 07:36:50.221#Z#DEBUG#ee1077d5-3966-11f1-830f-eeee0a928bd8.sampleXSUAA#flowable-async-job-executor-thread-31880#
[PollStartAppStatusExecution] 0e98c5e0-7a80-41de-afbb-10b33fc1b81d [2026-04-16T07:36:42.026465] Cell 77283d80-dfa7-40ba-ba4e-265aef112085 creating container for instance d490b9f0-cc07-4187-41a9-b7bd (STDOUT, CELL)#
#2026 04 16 07:36:50.221#Z#DEBUG#ee1077d5-3966-11f1-830f-eeee0a928bd8.sampleXSUAA#flowable-async-job-executor-thread-31880#
[PollStartAppStatusExecution] 0e98c5e0-7a80-41de-afbb-10b33fc1b81d [2026-04-16T07:36:42.785873] Security group rules were updated (STDOUT, CELL)#
#2026 04 16 07:36:50.221#Z#DEBUG#ee1077d5-3966-11f1-830f-eeee0a928bd8.sampleXSUAA#flowable-async-job-executor-thread-31880#
[PollStartAppStatusExecution] 0e98c5e0-7a80-41de-afbb-10b33fc1b81d [2026-04-16T07:36:42.879495] Cell 77283d80-dfa7-40ba-ba4e-265aef112085 successfully created container for instance d490b9f0-cc07-4187-41a9-b7bd (STDOUT, CELL)#
#2026 04 16 07:36:50.221#Z#DEBUG#ee1077d5-3966-11f1-830f-eeee0a928bd8.sampleXSUAA#flowable-async-job-executor-thread-31880#
[PollStartAppStatusExecution] 0e98c5e0-7a80-41de-afbb-10b33fc1b81d [2026-04-16T07:36:43.247979] Downloading droplet... (STDOUT, CELL)#
#2026 04 16 07:36:50.221#Z#DEBUG#ee1077d5-3966-11f1-830f-eeee0a928bd8.sampleXSUAA#flowable-async-job-executor-thread-31880#
[PollStartAppStatusExecution] 0e98c5e0-7a80-41de-afbb-10b33fc1b81d [2026-04-16T07:36:48.263993] Downloaded droplet (62.2M) (STDOUT, CELL)#
#2026 04 16 07:36:50.221#Z#DEBUG#ee1077d5-3966-11f1-830f-eeee0a928bd8.sampleXSUAA#flowable-async-job-executor-thread-31880#
[PollStartAppStatusExecution] 0e98c5e0-7a80-41de-afbb-10b33fc1b81d [2026-04-16T07:36:48.264146] Starting health monitoring of container (STDOUT, CELL)#
#2026 04 16 07:36:50.221#Z#DEBUG#ee1077d5-3966-11f1-830f-eeee0a928bd8.sampleXSUAA#flowable-async-job-executor-thread-31880#
[PollStartAppStatusExecution] 0e98c5e0-7a80-41de-afbb-10b33fc1b81d [2026-04-16T07:36:48.391135] Invoking pre-start scripts. (STDOUT, APP/PROC/WEB)#
#2026 04 16 07:36:50.221#Z#DEBUG#ee1077d5-3966-11f1-830f-eeee0a928bd8.sampleXSUAA#flowable-async-job-executor-thread-31880#
[PollStartAppStatusExecution] 0e98c5e0-7a80-41de-afbb-10b33fc1b81d [2026-04-16T07:36:48.615986] Invoking start command. (STDOUT, APP/PROC/WEB)#
#2026 04 16 07:36:50.221#Z#DEBUG#ee1077d5-3966-11f1-830f-eeee0a928bd8.sampleXSUAA#flowable-async-job-executor-thread-31880#
[PollStartAppStatusExecution] 0e98c5e0-7a80-41de-afbb-10b33fc1b81d [2026-04-16T07:36:49.038292] > start (STDOUT, APP/PROC/WEB)#
#2026 04 16 07:36:50.221#Z#DEBUG#ee1077d5-3966-11f1-830f-eeee0a928bd8.sampleXSUAA#flowable-async-job-executor-thread-31880#
[PollStartAppStatusExecution] 0e98c5e0-7a80-41de-afbb-10b33fc1b81d [2026-04-16T07:36:49.038314] > node node_modules/@sap/approuter/approuter.js (STDOUT, APP/PROC/WEB)#
#2026 04 16 07:36:50.221#Z#DEBUG#ee1077d5-3966-11f1-830f-eeee0a928bd8.sampleXSUAA#flowable-async-job-executor-thread-31880#
[PollStartAppStatusExecution] 0e98c5e0-7a80-41de-afbb-10b33fc1b81d [2026-04-16T07:36:49.225431] {"written_at":"2026-04-16T07:36:49.223Z","written_ts":1776325009223000000,"csn_component":"-","correlation_id":"-","type":"log","logger":"nodejs-logger","layer":"/LoggingLibrary","level":"warning","container_id":"10.32.3.6","component_type":"application","component_id":"0e98c5e0-7a80-41de-afbb-10b33fc1b81d","component_name":"sampleXSUAA","component_instance":-1,"source_instance":-1,"organization_id":"2580e9bd-dd7c-49a8-8821-a63188f2560a","organization_name":"0ab4d4bctrial","space_id":"06b3ba90-b2ab-41d9-b5f5-4c350ffe4516","space_name":"dev","context_id":"","msg":"Dynamic log level switching not available"} (STDOUT, APP/PROC/WEB)#
#2026 04 16 07:36:50.221#Z#DEBUG#ee1077d5-3966-11f1-830f-eeee0a928bd8.sampleXSUAA#flowable-async-job-executor-thread-31880#
[PollStartAppStatusExecution] 0e98c5e0-7a80-41de-afbb-10b33fc1b81d [2026-04-16T07:36:49.784258] {"written_at":"2026-04-16T07:36:49.783Z","written_ts":1776325009783000000,"csn_component":"-","correlation_id":"mo161piv","type":"log","logger":"nodejs-logger","layer":"/approuter","level":"info","container_id":"10.32.3.6","component_type":"application","component_id":"0e98c5e0-7a80-41de-afbb-10b33fc1b81d","component_name":"sampleXSUAA","component_instance":-1,"source_instance":-1,"organization_id":"2580e9bd-dd7c-49a8-8821-a63188f2560a","organization_name":"0ab4d4bctrial","space_id":"06b3ba90-b2ab-41d9-b5f5-4c350ffe4516","space_name":"dev","context_id":"mo161piv","msg":"Application router version 21.3.0"} (STDOUT, APP/PROC/WEB)#
#2026 04 16 07:36:50.221#Z#DEBUG#ee1077d5-3966-11f1-830f-eeee0a928bd8.sampleXSUAA#flowable-async-job-executor-thread-31880#
[PollStartAppStatusExecution] 0e98c5e0-7a80-41de-afbb-10b33fc1b81d [2026-04-16T07:36:49.790793] {"written_at":"2026-04-16T07:36:49.790Z","written_ts":1776325009790000000,"csn_component":"-","correlation_id":"mo161pj2","type":"log","logger":"nodejs-logger","layer":"/Configuration","level":"info","container_id":"10.32.3.6","component_type":"application","component_id":"0e98c5e0-7a80-41de-afbb-10b33fc1b81d","component_name":"sampleXSUAA","component_instance":-1,"source_instance":-1,"organization_id":"2580e9bd-dd7c-49a8-8821-a63188f2560a","organization_name":"0ab4d4bctrial","space_id":"06b3ba90-b2ab-41d9-b5f5-4c350ffe4516","space_name":"dev","context_id":"mo161pj2","msg":"No COOKIES environment variable"} (STDOUT, APP/PROC/WEB)#
#2026 04 16 07:36:50.221#Z#DEBUG#ee1077d5-3966-11f1-830f-eeee0a928bd8.sampleXSUAA#flowable-async-job-executor-thread-31880#
[PollStartAppStatusExecution] 0e98c5e0-7a80-41de-afbb-10b33fc1b81d [2026-04-16T07:36:49.824121] {"written_at":"2026-04-16T07:36:49.823Z","written_ts":1776325009823000000,"csn_component":"-","correlation_id":"mo161piv","type":"log","logger":"nodejs-logger","layer":"/approuter","level":"info","container_id":"10.32.3.6","component_type":"application","component_id":"0e98c5e0-7a80-41de-afbb-10b33fc1b81d","component_name":"sampleXSUAA","component_instance":-1,"source_instance":-1,"organization_id":"2580e9bd-dd7c-49a8-8821-a63188f2560a","organization_name":"0ab4d4bctrial","space_id":"06b3ba90-b2ab-41d9-b5f5-4c350ffe4516","space_name":"dev","context_id":"mo161piv","msg":"Application router is listening on port: 8080"} (STDOUT, APP/PROC/WEB)#
#2026 04 16 07:37:00.273#Z#DEBUG#ee1077d5-3966-11f1-830f-eeee0a928bd8.sampleXSUAA#flowable-async-job-executor-thread-31887#
[PollStartAppStatusExecution] 0e98c5e0-7a80-41de-afbb-10b33fc1b81d [2026-04-16T07:36:51.529386] Container became healthy (STDOUT, CELL)#
#2026 04 16 07:37:00.273#Z#DEBUG#ee1077d5-3966-11f1-830f-eeee0a928bd8.sampleXSUAA#flowable-async-job-executor-thread-31887#
[PollStartAppStatusExecution] 0e98c5e0-7a80-41de-afbb-10b33fc1b81d [2026-04-16T07:36:51.555637] Process became ready with guid 0e98c5e0-7a80-41de-afbb-10b33fc1b81d payload: {"instance"=>"d490b9f0-cc07-4187-41a9-b7bd", "index"=>0, "cell_id"=>"77283d80-dfa7-40ba-ba4e-265aef112085", "ready"=>true, "version"=>"ebc5821d-4915-421f-b7c4-e7ed8b6acd7f"} (STDOUT, API)#
