#2026 04 16 07:29:46.559#Z#DEBUG#fa8cfd2f-3965-11f1-830f-eeee0a928bd8.sampleXSUAA-db-deployer#flowable-async-job-executor-thread-31598#
[PollExecuteTaskStatusExecution] f21bbc8d-50f0-4b1e-afa6-c560792baa58 [2026-04-16T07:22:47.647422] Updated app with guid f21bbc8d-50f0-4b1e-afa6-c560792baa58 ({"lifecycle"=>{"data"=>{"buildpacks"=>["nodejs_buildpack"]}, "type"=>"buildpack"}}) (STDOUT, API)#
#2026 04 16 07:29:46.559#Z#DEBUG#fa8cfd2f-3965-11f1-830f-eeee0a928bd8.sampleXSUAA-db-deployer#flowable-async-job-executor-thread-31598#
[PollExecuteTaskStatusExecution] f21bbc8d-50f0-4b1e-afa6-c560792baa58 [2026-04-16T07:22:47.733856] Updating process: "web" (STDOUT, API)#
#2026 04 16 07:29:46.559#Z#DEBUG#fa8cfd2f-3965-11f1-830f-eeee0a928bd8.sampleXSUAA-db-deployer#flowable-async-job-executor-thread-31598#
[PollExecuteTaskStatusExecution] f21bbc8d-50f0-4b1e-afa6-c560792baa58 [2026-04-16T07:22:49.985824] Cell 684caff8-89cd-492b-be01-b3d0835f1763 creating container for instance 6ff2a5d8-6862-4374-821a-93fdfe14859b (STDOUT, CELL)#
#2026 04 16 07:29:46.559#Z#DEBUG#fa8cfd2f-3965-11f1-830f-eeee0a928bd8.sampleXSUAA-db-deployer#flowable-async-job-executor-thread-31598#
[PollExecuteTaskStatusExecution] f21bbc8d-50f0-4b1e-afa6-c560792baa58 [2026-04-16T07:22:50.690620] Security group rules were updated (STDOUT, CELL)#
#2026 04 16 07:29:46.559#Z#DEBUG#fa8cfd2f-3965-11f1-830f-eeee0a928bd8.sampleXSUAA-db-deployer#flowable-async-job-executor-thread-31598#
[PollExecuteTaskStatusExecution] f21bbc8d-50f0-4b1e-afa6-c560792baa58 [2026-04-16T07:22:50.793112] Cell 684caff8-89cd-492b-be01-b3d0835f1763 successfully created container for instance 6ff2a5d8-6862-4374-821a-93fdfe14859b (STDOUT, CELL)#
#2026 04 16 07:29:46.559#Z#DEBUG#fa8cfd2f-3965-11f1-830f-eeee0a928bd8.sampleXSUAA-db-deployer#flowable-async-job-executor-thread-31598#
[PollExecuteTaskStatusExecution] f21bbc8d-50f0-4b1e-afa6-c560792baa58 [2026-04-16T07:22:55.454952] Invoking pre-start scripts. (STDOUT, APP/TASK/deploy)#
#2026 04 16 07:29:46.559#Z#DEBUG#fa8cfd2f-3965-11f1-830f-eeee0a928bd8.sampleXSUAA-db-deployer#flowable-async-job-executor-thread-31598#
[PollExecuteTaskStatusExecution] f21bbc8d-50f0-4b1e-afa6-c560792baa58 [2026-04-16T07:22:55.674615] Invoking start command. (STDOUT, APP/TASK/deploy)#
#2026 04 16 07:29:46.559#Z#DEBUG#fa8cfd2f-3965-11f1-830f-eeee0a928bd8.sampleXSUAA-db-deployer#flowable-async-job-executor-thread-31598#
[PollExecuteTaskStatusExecution] f21bbc8d-50f0-4b1e-afa6-c560792baa58 [2026-04-16T07:22:56.148675] > start (STDOUT, APP/TASK/deploy)#
#2026 04 16 07:29:46.559#Z#DEBUG#fa8cfd2f-3965-11f1-830f-eeee0a928bd8.sampleXSUAA-db-deployer#flowable-async-job-executor-thread-31598#
[PollExecuteTaskStatusExecution] f21bbc8d-50f0-4b1e-afa6-c560792baa58 [2026-04-16T07:22:56.148705] > node node_modules/@sap/hdi-deploy/deploy.js --use-hdb --parameter com.sap.hana.di.table/try_fast_table_migration=true (STDOUT, APP/TASK/deploy)#
#2026 04 16 07:29:46.559#Z#DEBUG#fa8cfd2f-3965-11f1-830f-eeee0a928bd8.sampleXSUAA-db-deployer#flowable-async-job-executor-thread-31598#
[PollExecuteTaskStatusExecution] f21bbc8d-50f0-4b1e-afa6-c560792baa58 [2026-04-16T07:22:56.300182] VCAP_SERVICES: (STDOUT, APP/TASK/deploy)#
#2026 04 16 07:29:46.559#Z#DEBUG#fa8cfd2f-3965-11f1-830f-eeee0a928bd8.sampleXSUAA-db-deployer#flowable-async-job-executor-thread-31598#
[PollExecuteTaskStatusExecution] f21bbc8d-50f0-4b1e-afa6-c560792baa58 [2026-04-16T07:22:56.300445] { (STDOUT, APP/TASK/deploy)#
#2026 04 16 07:29:46.559#Z#DEBUG#fa8cfd2f-3965-11f1-830f-eeee0a928bd8.sampleXSUAA-db-deployer#flowable-async-job-executor-thread-31598#
[PollExecuteTaskStatusExecution] f21bbc8d-50f0-4b1e-afa6-c560792baa58 [2026-04-16T07:22:56.300460] "hana": [ (STDOUT, APP/TASK/deploy)#
#2026 04 16 07:29:46.559#Z#DEBUG#fa8cfd2f-3965-11f1-830f-eeee0a928bd8.sampleXSUAA-db-deployer#flowable-async-job-executor-thread-31598#
[PollExecuteTaskStatusExecution] f21bbc8d-50f0-4b1e-afa6-c560792baa58 [2026-04-16T07:22:56.300463] { (STDOUT, APP/TASK/deploy)#
#2026 04 16 07:29:46.559#Z#DEBUG#fa8cfd2f-3965-11f1-830f-eeee0a928bd8.sampleXSUAA-db-deployer#flowable-async-job-executor-thread-31598#
[PollExecuteTaskStatusExecution] f21bbc8d-50f0-4b1e-afa6-c560792baa58 [2026-04-16T07:22:56.300467] "name": "sampleXSUAA-db", (STDOUT, APP/TASK/deploy)#
#2026 04 16 07:29:46.559#Z#DEBUG#fa8cfd2f-3965-11f1-830f-eeee0a928bd8.sampleXSUAA-db-deployer#flowable-async-job-executor-thread-31598#
[PollExecuteTaskStatusExecution] f21bbc8d-50f0-4b1e-afa6-c560792baa58 [2026-04-16T07:22:56.300470] "label": "hana", (STDOUT, APP/TASK/deploy)#
#2026 04 16 07:29:46.559#Z#DEBUG#fa8cfd2f-3965-11f1-830f-eeee0a928bd8.sampleXSUAA-db-deployer#flowable-async-job-executor-thread-31598#
[PollExecuteTaskStatusExecution] f21bbc8d-50f0-4b1e-afa6-c560792baa58 [2026-04-16T07:22:56.300472] "plan": "hdi-shared", (STDOUT, APP/TASK/deploy)#
#2026 04 16 07:29:46.559#Z#DEBUG#fa8cfd2f-3965-11f1-830f-eeee0a928bd8.sampleXSUAA-db-deployer#flowable-async-job-executor-thread-31598#
[PollExecuteTaskStatusExecution] f21bbc8d-50f0-4b1e-afa6-c560792baa58 [2026-04-16T07:22:56.300481] "credentials": { (STDOUT, APP/TASK/deploy)#
#2026 04 16 07:29:46.559#Z#DEBUG#fa8cfd2f-3965-11f1-830f-eeee0a928bd8.sampleXSUAA-db-deployer#flowable-async-job-executor-thread-31598#
[PollExecuteTaskStatusExecution] f21bbc8d-50f0-4b1e-afa6-c560792baa58 [2026-04-16T07:22:56.300484] "schema": "F3F37BBE6A554503951E9BA9F0961A85", (STDOUT, APP/TASK/deploy)#
#2026 04 16 07:29:46.559#Z#DEBUG#fa8cfd2f-3965-11f1-830f-eeee0a928bd8.sampleXSUAA-db-deployer#flowable-async-job-executor-thread-31598#
[PollExecuteTaskStatusExecution] f21bbc8d-50f0-4b1e-afa6-c560792baa58 [2026-04-16T07:22:56.300487] "database_id": "8caed5d2-1e6d-4f35-aacd-591f0ecaa81b", (STDOUT, APP/TASK/deploy)#
#2026 04 16 07:29:46.559#Z#DEBUG#fa8cfd2f-3965-11f1-830f-eeee0a928bd8.sampleXSUAA-db-deployer#flowable-async-job-executor-thread-31598#
[PollExecuteTaskStatusExecution] f21bbc8d-50f0-4b1e-afa6-c560792baa58 [2026-04-16T07:22:56.300490] "user": "F3F37BBE6A554503951E9BA9F0961A85_85SZCDDH55P5UPHXGKV3W4Q64_RT", (STDOUT, APP/TASK/deploy)#
#2026 04 16 07:29:46.559#Z#DEBUG#fa8cfd2f-3965-11f1-830f-eeee0a928bd8.sampleXSUAA-db-deployer#flowable-async-job-executor-thread-31598#
[PollExecuteTaskStatusExecution] f21bbc8d-50f0-4b1e-afa6-c560792baa58 [2026-04-16T07:22:56.300493] "hdi_user": "F3F37BBE6A554503951E9BA9F0961A85_85SZCDDH55P5UPHXGKV3W4Q64_DT" (STDOUT, APP/TASK/deploy)#
#2026 04 16 07:29:46.559#Z#DEBUG#fa8cfd2f-3965-11f1-830f-eeee0a928bd8.sampleXSUAA-db-deployer#flowable-async-job-executor-thread-31598#
[PollExecuteTaskStatusExecution] f21bbc8d-50f0-4b1e-afa6-c560792baa58 [2026-04-16T07:22:56.300495] }, (STDOUT, APP/TASK/deploy)#
#2026 04 16 07:29:46.559#Z#DEBUG#fa8cfd2f-3965-11f1-830f-eeee0a928bd8.sampleXSUAA-db-deployer#flowable-async-job-executor-thread-31598#
[PollExecuteTaskStatusExecution] f21bbc8d-50f0-4b1e-afa6-c560792baa58 [2026-04-16T07:22:56.300498] "tags": [ (STDOUT, APP/TASK/deploy)#
#2026 04 16 07:29:46.560#Z#DEBUG#fa8cfd2f-3965-11f1-830f-eeee0a928bd8.sampleXSUAA-db-deployer#flowable-async-job-executor-thread-31598#
[PollExecuteTaskStatusExecution] f21bbc8d-50f0-4b1e-afa6-c560792baa58 [2026-04-16T07:22:56.300500] "hana", (STDOUT, APP/TASK/deploy)#
#2026 04 16 07:29:46.560#Z#DEBUG#fa8cfd2f-3965-11f1-830f-eeee0a928bd8.sampleXSUAA-db-deployer#flowable-async-job-executor-thread-31598#
[PollExecuteTaskStatusExecution] f21bbc8d-50f0-4b1e-afa6-c560792baa58 [2026-04-16T07:22:56.300503] "database", (STDOUT, APP/TASK/deploy)#
#2026 04 16 07:29:46.560#Z#DEBUG#fa8cfd2f-3965-11f1-830f-eeee0a928bd8.sampleXSUAA-db-deployer#flowable-async-job-executor-thread-31598#
[PollExecuteTaskStatusExecution] f21bbc8d-50f0-4b1e-afa6-c560792baa58 [2026-04-16T07:22:56.300505] "relational" (STDOUT, APP/TASK/deploy)#
#2026 04 16 07:29:46.560#Z#DEBUG#fa8cfd2f-3965-11f1-830f-eeee0a928bd8.sampleXSUAA-db-deployer#flowable-async-job-executor-thread-31598#
[PollExecuteTaskStatusExecution] f21bbc8d-50f0-4b1e-afa6-c560792baa58 [2026-04-16T07:22:56.300507] ] (STDOUT, APP/TASK/deploy)#
#2026 04 16 07:29:46.560#Z#DEBUG#fa8cfd2f-3965-11f1-830f-eeee0a928bd8.sampleXSUAA-db-deployer#flowable-async-job-executor-thread-31598#
[PollExecuteTaskStatusExecution] f21bbc8d-50f0-4b1e-afa6-c560792baa58 [2026-04-16T07:22:56.300519] } (STDOUT, APP/TASK/deploy)#
#2026 04 16 07:29:46.560#Z#DEBUG#fa8cfd2f-3965-11f1-830f-eeee0a928bd8.sampleXSUAA-db-deployer#flowable-async-job-executor-thread-31598#
[PollExecuteTaskStatusExecution] f21bbc8d-50f0-4b1e-afa6-c560792baa58 [2026-04-16T07:22:56.300521] ] (STDOUT, APP/TASK/deploy)#
#2026 04 16 07:29:46.560#Z#DEBUG#fa8cfd2f-3965-11f1-830f-eeee0a928bd8.sampleXSUAA-db-deployer#flowable-async-job-executor-thread-31598#
[PollExecuteTaskStatusExecution] f21bbc8d-50f0-4b1e-afa6-c560792baa58 [2026-04-16T07:22:56.300523] } (STDOUT, APP/TASK/deploy)#
#2026 04 16 07:29:46.560#Z#DEBUG#fa8cfd2f-3965-11f1-830f-eeee0a928bd8.sampleXSUAA-db-deployer#flowable-async-job-executor-thread-31598#
[PollExecuteTaskStatusExecution] f21bbc8d-50f0-4b1e-afa6-c560792baa58 [2026-04-16T07:22:56.647390] @sap/hdi-deploy, version 5.6.1 (mode default), server version 4.00.000.00.1770107678 (4.0.0.0), cloud version 2025.40.12, node version 24.13.0, HDI version 1016, container API version 1007 (STDOUT, APP/TASK/deploy)#
#2026 04 16 07:29:46.560#Z#DEBUG#fa8cfd2f-3965-11f1-830f-eeee0a928bd8.sampleXSUAA-db-deployer#flowable-async-job-executor-thread-31598#
[PollExecuteTaskStatusExecution] f21bbc8d-50f0-4b1e-afa6-c560792baa58 [2026-04-16T07:22:56.647805] Deployment started at 2026-04-16 07:22:56 (STDOUT, APP/TASK/deploy)#
#2026 04 16 07:29:46.560#Z#DEBUG#fa8cfd2f-3965-11f1-830f-eeee0a928bd8.sampleXSUAA-db-deployer#flowable-async-job-executor-thread-31598#
[PollExecuteTaskStatusExecution] f21bbc8d-50f0-4b1e-afa6-c560792baa58 [2026-04-16T07:22:56.648258] Using hdb@2.27.1 for connection (STDOUT, APP/TASK/deploy)#
#2026 04 16 07:29:46.560#Z#DEBUG#fa8cfd2f-3965-11f1-830f-eeee0a928bd8.sampleXSUAA-db-deployer#flowable-async-job-executor-thread-31598#
[PollExecuteTaskStatusExecution] f21bbc8d-50f0-4b1e-afa6-c560792baa58 [2026-04-16T07:22:56.670960] No ignore file at /home/vcap/app/.hdiignore. (STDOUT, APP/TASK/deploy)#
#2026 04 16 07:29:46.560#Z#DEBUG#fa8cfd2f-3965-11f1-830f-eeee0a928bd8.sampleXSUAA-db-deployer#flowable-async-job-executor-thread-31598#
[PollExecuteTaskStatusExecution] f21bbc8d-50f0-4b1e-afa6-c560792baa58 [2026-04-16T07:22:56.671521] Collecting files... (STDOUT, APP/TASK/deploy)#
#2026 04 16 07:29:46.560#Z#DEBUG#fa8cfd2f-3965-11f1-830f-eeee0a928bd8.sampleXSUAA-db-deployer#flowable-async-job-executor-thread-31598#
[PollExecuteTaskStatusExecution] f21bbc8d-50f0-4b1e-afa6-c560792baa58 [2026-04-16T07:22:56.674769] Collecting files... ok (0s 3ms) (STDOUT, APP/TASK/deploy)#
#2026 04 16 07:29:46.560#Z#DEBUG#fa8cfd2f-3965-11f1-830f-eeee0a928bd8.sampleXSUAA-db-deployer#flowable-async-job-executor-thread-31598#
[PollExecuteTaskStatusExecution] f21bbc8d-50f0-4b1e-afa6-c560792baa58 [2026-04-16T07:22:56.674939] 2 directories collected (STDOUT, APP/TASK/deploy)#
#2026 04 16 07:29:46.560#Z#DEBUG#fa8cfd2f-3965-11f1-830f-eeee0a928bd8.sampleXSUAA-db-deployer#flowable-async-job-executor-thread-31598#
[PollExecuteTaskStatusExecution] f21bbc8d-50f0-4b1e-afa6-c560792baa58 [2026-04-16T07:22:56.675007] 7 files collected (STDOUT, APP/TASK/deploy)#
#2026 04 16 07:29:46.560#Z#DEBUG#fa8cfd2f-3965-11f1-830f-eeee0a928bd8.sampleXSUAA-db-deployer#flowable-async-job-executor-thread-31598#
[PollExecuteTaskStatusExecution] f21bbc8d-50f0-4b1e-afa6-c560792baa58 [2026-04-16T07:22:56.675011] 0 reusable modules collected (STDOUT, APP/TASK/deploy)#
#2026 04 16 07:29:46.560#Z#DEBUG#fa8cfd2f-3965-11f1-830f-eeee0a928bd8.sampleXSUAA-db-deployer#flowable-async-job-executor-thread-31598#
[PollExecuteTaskStatusExecution] f21bbc8d-50f0-4b1e-afa6-c560792baa58 [2026-04-16T07:22:56.675108] Target service: sampleXSUAA-db (STDOUT, APP/TASK/deploy)#
#2026 04 16 07:29:46.560#Z#DEBUG#fa8cfd2f-3965-11f1-830f-eeee0a928bd8.sampleXSUAA-db-deployer#flowable-async-job-executor-thread-31598#
[PollExecuteTaskStatusExecution] f21bbc8d-50f0-4b1e-afa6-c560792baa58 [2026-04-16T07:22:56.833301] Previous build with request ID 1501 finished at 2026-04-16T04:02:33.077 with status Rolled back and message: Starting make in the container "F3F37BBE6A554503951E9BA9F0961A85" with 0 files to deploy, 0 files to undeploy... ok. (STDOUT, APP/TASK/deploy)#
#2026 04 16 07:29:46.560#Z#DEBUG#fa8cfd2f-3965-11f1-830f-eeee0a928bd8.sampleXSUAA-db-deployer#flowable-async-job-executor-thread-31598#
[PollExecuteTaskStatusExecution] f21bbc8d-50f0-4b1e-afa6-c560792baa58 [2026-04-16T07:22:56.833541] Processing revoke files... (STDOUT, APP/TASK/deploy)#
#2026 04 16 07:29:46.560#Z#DEBUG#fa8cfd2f-3965-11f1-830f-eeee0a928bd8.sampleXSUAA-db-deployer#flowable-async-job-executor-thread-31598#
[PollExecuteTaskStatusExecution] f21bbc8d-50f0-4b1e-afa6-c560792baa58 [2026-04-16T07:22:56.833743] Processing revoke files... ok (0s 0ms) (STDOUT, APP/TASK/deploy)#
#2026 04 16 07:29:46.560#Z#DEBUG#fa8cfd2f-3965-11f1-830f-eeee0a928bd8.sampleXSUAA-db-deployer#flowable-async-job-executor-thread-31598#
[PollExecuteTaskStatusExecution] f21bbc8d-50f0-4b1e-afa6-c560792baa58 [2026-04-16T07:22:56.833923] Processing grants files... (STDOUT, APP/TASK/deploy)#
#2026 04 16 07:29:46.560#Z#DEBUG#fa8cfd2f-3965-11f1-830f-eeee0a928bd8.sampleXSUAA-db-deployer#flowable-async-job-executor-thread-31598#
[PollExecuteTaskStatusExecution] f21bbc8d-50f0-4b1e-afa6-c560792baa58 [2026-04-16T07:22:56.834031] Processing grants files... ok (0s 0ms) (STDOUT, APP/TASK/deploy)#
#2026 04 16 07:29:46.560#Z#DEBUG#fa8cfd2f-3965-11f1-830f-eeee0a928bd8.sampleXSUAA-db-deployer#flowable-async-job-executor-thread-31598#
[PollExecuteTaskStatusExecution] f21bbc8d-50f0-4b1e-afa6-c560792baa58 [2026-04-16T07:22:56.836686] Preprocessing files... (STDOUT, APP/TASK/deploy)#
#2026 04 16 07:29:46.560#Z#DEBUG#fa8cfd2f-3965-11f1-830f-eeee0a928bd8.sampleXSUAA-db-deployer#flowable-async-job-executor-thread-31598#
[PollExecuteTaskStatusExecution] f21bbc8d-50f0-4b1e-afa6-c560792baa58 [2026-04-16T07:22:56.837067] Preprocessing files... ok (0s 0ms) (STDOUT, APP/TASK/deploy)#
#2026 04 16 07:29:46.560#Z#DEBUG#fa8cfd2f-3965-11f1-830f-eeee0a928bd8.sampleXSUAA-db-deployer#flowable-async-job-executor-thread-31598#
[PollExecuteTaskStatusExecution] f21bbc8d-50f0-4b1e-afa6-c560792baa58 [2026-04-16T07:22:56.837209] Connecting to the container "F3F37BBE6A554503951E9BA9F0961A85"... (STDOUT, APP/TASK/deploy)#
#2026 04 16 07:29:46.560#Z#DEBUG#fa8cfd2f-3965-11f1-830f-eeee0a928bd8.sampleXSUAA-db-deployer#flowable-async-job-executor-thread-31598#
[PollExecuteTaskStatusExecution] f21bbc8d-50f0-4b1e-afa6-c560792baa58 [2026-04-16T07:22:56.896104] Connecting to the container "F3F37BBE6A554503951E9BA9F0961A85"... ok (0s 59ms) (STDOUT, APP/TASK/deploy)#
#2026 04 16 07:29:46.560#Z#DEBUG#fa8cfd2f-3965-11f1-830f-eeee0a928bd8.sampleXSUAA-db-deployer#flowable-async-job-executor-thread-31598#
[PollExecuteTaskStatusExecution] f21bbc8d-50f0-4b1e-afa6-c560792baa58 [2026-04-16T07:22:56.896118] Locking the container "F3F37BBE6A554503951E9BA9F0961A85"... (STDOUT, APP/TASK/deploy)#
#2026 04 16 07:29:46.560#Z#DEBUG#fa8cfd2f-3965-11f1-830f-eeee0a928bd8.sampleXSUAA-db-deployer#flowable-async-job-executor-thread-31598#
[PollExecuteTaskStatusExecution] f21bbc8d-50f0-4b1e-afa6-c560792baa58 [2026-04-16T07:22:57.030390] Locking the container "F3F37BBE6A554503951E9BA9F0961A85"... ok (0s 134ms) (STDOUT, APP/TASK/deploy)#
#2026 04 16 07:29:46.560#Z#DEBUG#fa8cfd2f-3965-11f1-830f-eeee0a928bd8.sampleXSUAA-db-deployer#flowable-async-job-executor-thread-31598#
[PollExecuteTaskStatusExecution] f21bbc8d-50f0-4b1e-afa6-c560792baa58 [2026-04-16T07:22:57.030551] Synchronizing files with the container "F3F37BBE6A554503951E9BA9F0961A85"... (STDOUT, APP/TASK/deploy)#
#2026 04 16 07:29:46.560#Z#DEBUG#fa8cfd2f-3965-11f1-830f-eeee0a928bd8.sampleXSUAA-db-deployer#flowable-async-job-executor-thread-31598#
[PollExecuteTaskStatusExecution] f21bbc8d-50f0-4b1e-afa6-c560792baa58 [2026-04-16T07:22:57.280543] Deleting files... (STDOUT, APP/TASK/deploy)#
#2026 04 16 07:29:46.560#Z#DEBUG#fa8cfd2f-3965-11f1-830f-eeee0a928bd8.sampleXSUAA-db-deployer#flowable-async-job-executor-thread-31598#
[PollExecuteTaskStatusExecution] f21bbc8d-50f0-4b1e-afa6-c560792baa58 [2026-04-16T07:22:57.446798] Deleting files... ok (STDOUT, APP/TASK/deploy)#
#2026 04 16 07:29:46.560#Z#DEBUG#fa8cfd2f-3965-11f1-830f-eeee0a928bd8.sampleXSUAA-db-deployer#flowable-async-job-executor-thread-31598#
[PollExecuteTaskStatusExecution] f21bbc8d-50f0-4b1e-afa6-c560792baa58 [2026-04-16T07:22:57.446818] Writing files... (STDOUT, APP/TASK/deploy)#
#2026 04 16 07:29:46.560#Z#DEBUG#fa8cfd2f-3965-11f1-830f-eeee0a928bd8.sampleXSUAA-db-deployer#flowable-async-job-executor-thread-31598#
[PollExecuteTaskStatusExecution] f21bbc8d-50f0-4b1e-afa6-c560792baa58 [2026-04-16T07:22:57.447031] Writing 2 items (STDOUT, APP/TASK/deploy)#
#2026 04 16 07:29:46.560#Z#DEBUG#fa8cfd2f-3965-11f1-830f-eeee0a928bd8.sampleXSUAA-db-deployer#flowable-async-job-executor-thread-31598#
[PollExecuteTaskStatusExecution] f21bbc8d-50f0-4b1e-afa6-c560792baa58 [2026-04-16T07:22:57.632661] Writing files... ok (STDOUT, APP/TASK/deploy)#
#2026 04 16 07:29:46.560#Z#DEBUG#fa8cfd2f-3965-11f1-830f-eeee0a928bd8.sampleXSUAA-db-deployer#flowable-async-job-executor-thread-31598#
[PollExecuteTaskStatusExecution] f21bbc8d-50f0-4b1e-afa6-c560792baa58 [2026-04-16T07:22:57.632690] Synchronizing files with the container "F3F37BBE6A554503951E9BA9F0961A85"... ok (0s 602ms) (STDOUT, APP/TASK/deploy)#
#2026 04 16 07:29:46.560#Z#DEBUG#fa8cfd2f-3965-11f1-830f-eeee0a928bd8.sampleXSUAA-db-deployer#flowable-async-job-executor-thread-31598#
[PollExecuteTaskStatusExecution] f21bbc8d-50f0-4b1e-afa6-c560792baa58 [2026-04-16T07:22:57.633049] added files: [] (STDOUT, APP/TASK/deploy)#
#2026 04 16 07:29:46.560#Z#DEBUG#fa8cfd2f-3965-11f1-830f-eeee0a928bd8.sampleXSUAA-db-deployer#flowable-async-job-executor-thread-31598#
[PollExecuteTaskStatusExecution] f21bbc8d-50f0-4b1e-afa6-c560792baa58 [2026-04-16T07:22:57.633147] modified files: [] (STDOUT, APP/TASK/deploy)#
#2026 04 16 07:29:46.560#Z#DEBUG#fa8cfd2f-3965-11f1-830f-eeee0a928bd8.sampleXSUAA-db-deployer#flowable-async-job-executor-thread-31598#
[PollExecuteTaskStatusExecution] f21bbc8d-50f0-4b1e-afa6-c560792baa58 [2026-04-16T07:22:57.633201] deleted files: [] (STDOUT, APP/TASK/deploy)#
#2026 04 16 07:29:46.560#Z#DEBUG#fa8cfd2f-3965-11f1-830f-eeee0a928bd8.sampleXSUAA-db-deployer#flowable-async-job-executor-thread-31598#
[PollExecuteTaskStatusExecution] f21bbc8d-50f0-4b1e-afa6-c560792baa58 [2026-04-16T07:22:57.633282] 0 modified or added files are scheduled for deploy based on delta detection (STDOUT, APP/TASK/deploy)#
#2026 04 16 07:29:46.560#Z#DEBUG#fa8cfd2f-3965-11f1-830f-eeee0a928bd8.sampleXSUAA-db-deployer#flowable-async-job-executor-thread-31598#
[PollExecuteTaskStatusExecution] f21bbc8d-50f0-4b1e-afa6-c560792baa58 [2026-04-16T07:22:57.633625] 0 deleted files are scheduled for undeploy based on delta detection (filtered by undeploy allowlist) (STDOUT, APP/TASK/deploy)#
#2026 04 16 07:29:46.560#Z#DEBUG#fa8cfd2f-3965-11f1-830f-eeee0a928bd8.sampleXSUAA-db-deployer#flowable-async-job-executor-thread-31598#
[PollExecuteTaskStatusExecution] f21bbc8d-50f0-4b1e-afa6-c560792baa58 [2026-04-16T07:22:57.633718] 0 files are scheduled for deploy based on explicit specification (STDOUT, APP/TASK/deploy)#
#2026 04 16 07:29:46.560#Z#DEBUG#fa8cfd2f-3965-11f1-830f-eeee0a928bd8.sampleXSUAA-db-deployer#flowable-async-job-executor-thread-31598#
[PollExecuteTaskStatusExecution] f21bbc8d-50f0-4b1e-afa6-c560792baa58 [2026-04-16T07:22:57.633770] 0 files are scheduled for undeploy based on explicit specification (STDOUT, APP/TASK/deploy)#
#2026 04 16 07:29:46.560#Z#DEBUG#fa8cfd2f-3965-11f1-830f-eeee0a928bd8.sampleXSUAA-db-deployer#flowable-async-job-executor-thread-31598#
[PollExecuteTaskStatusExecution] f21bbc8d-50f0-4b1e-afa6-c560792baa58 [2026-04-16T07:22:57.633856] Deploying to the container "F3F37BBE6A554503951E9BA9F0961A85"... (STDOUT, APP/TASK/deploy)#
#2026 04 16 07:29:46.560#Z#DEBUG#fa8cfd2f-3965-11f1-830f-eeee0a928bd8.sampleXSUAA-db-deployer#flowable-async-job-executor-thread-31598#
[PollExecuteTaskStatusExecution] f21bbc8d-50f0-4b1e-afa6-c560792baa58 [2026-04-16T07:22:58.013546] Starting make in the container "F3F37BBE6A554503951E9BA9F0961A85" with 0 files to deploy, 0 files to undeploy... (STDOUT, APP/TASK/deploy)#
#2026 04 16 07:29:46.560#Z#DEBUG#fa8cfd2f-3965-11f1-830f-eeee0a928bd8.sampleXSUAA-db-deployer#flowable-async-job-executor-thread-31598#
[PollExecuteTaskStatusExecution] f21bbc8d-50f0-4b1e-afa6-c560792baa58 [2026-04-16T07:22:58.013648] Disabling table replication for the container schema "F3F37BBE6A554503951E9BA9F0961A85"... (STDOUT, APP/TASK/deploy)#
#2026 04 16 07:29:46.560#Z#DEBUG#fa8cfd2f-3965-11f1-830f-eeee0a928bd8.sampleXSUAA-db-deployer#flowable-async-job-executor-thread-31598#
[PollExecuteTaskStatusExecution] f21bbc8d-50f0-4b1e-afa6-c560792baa58 [2026-04-16T07:22:58.013983] Disabling table replication for the container schema "F3F37BBE6A554503951E9BA9F0961A85"... ok (0s 14ms) (STDOUT, APP/TASK/deploy)#
#2026 04 16 07:29:46.560#Z#DEBUG#fa8cfd2f-3965-11f1-830f-eeee0a928bd8.sampleXSUAA-db-deployer#flowable-async-job-executor-thread-31598#
[PollExecuteTaskStatusExecution] f21bbc8d-50f0-4b1e-afa6-c560792baa58 [2026-04-16T07:22:58.014055] Migrating libraries... (STDOUT, APP/TASK/deploy)#
#2026 04 16 07:29:46.560#Z#DEBUG#fa8cfd2f-3965-11f1-830f-eeee0a928bd8.sampleXSUAA-db-deployer#flowable-async-job-executor-thread-31598#
[PollExecuteTaskStatusExecution] f21bbc8d-50f0-4b1e-afa6-c560792baa58 [2026-04-16T07:22:58.014964] Migrating libraries... ok (0s 26ms) (STDOUT, APP/TASK/deploy)#
#2026 04 16 07:29:46.560#Z#DEBUG#fa8cfd2f-3965-11f1-830f-eeee0a928bd8.sampleXSUAA-db-deployer#flowable-async-job-executor-thread-31598#
[PollExecuteTaskStatusExecution] f21bbc8d-50f0-4b1e-afa6-c560792baa58 [2026-04-16T07:22:58.015031] Making... (STDOUT, APP/TASK/deploy)#
#2026 04 16 07:29:46.560#Z#DEBUG#fa8cfd2f-3965-11f1-830f-eeee0a928bd8.sampleXSUAA-db-deployer#flowable-async-job-executor-thread-31598#
[PollExecuteTaskStatusExecution] f21bbc8d-50f0-4b1e-afa6-c560792baa58 [2026-04-16T07:22:58.015108] Preparing... (STDOUT, APP/TASK/deploy)#
#2026 04 16 07:29:46.560#Z#DEBUG#fa8cfd2f-3965-11f1-830f-eeee0a928bd8.sampleXSUAA-db-deployer#flowable-async-job-executor-thread-31598#
[PollExecuteTaskStatusExecution] f21bbc8d-50f0-4b1e-afa6-c560792baa58 [2026-04-16T07:22:58.015150] Preparing... ok (0s 0ms) (STDOUT, APP/TASK/deploy)#
#2026 04 16 07:29:46.560#Z#DEBUG#fa8cfd2f-3965-11f1-830f-eeee0a928bd8.sampleXSUAA-db-deployer#flowable-async-job-executor-thread-31598#
[PollExecuteTaskStatusExecution] f21bbc8d-50f0-4b1e-afa6-c560792baa58 [2026-04-16T07:22:58.015203] Preparing the make transaction... (STDOUT, APP/TASK/deploy)#
#2026 04 16 07:29:46.560#Z#DEBUG#fa8cfd2f-3965-11f1-830f-eeee0a928bd8.sampleXSUAA-db-deployer#flowable-async-job-executor-thread-31598#
[PollExecuteTaskStatusExecution] f21bbc8d-50f0-4b1e-afa6-c560792baa58 [2026-04-16T07:22:58.015245] Preparing the make transaction... ok (0s 18ms) (STDOUT, APP/TASK/deploy)#
#2026 04 16 07:29:46.560#Z#DEBUG#fa8cfd2f-3965-11f1-830f-eeee0a928bd8.sampleXSUAA-db-deployer#flowable-async-job-executor-thread-31598#
[PollExecuteTaskStatusExecution] f21bbc8d-50f0-4b1e-afa6-c560792baa58 [2026-04-16T07:22:58.015297] Calculating dependencies... (STDOUT, APP/TASK/deploy)#
#2026 04 16 07:29:46.560#Z#DEBUG#fa8cfd2f-3965-11f1-830f-eeee0a928bd8.sampleXSUAA-db-deployer#flowable-async-job-executor-thread-31598#
[PollExecuteTaskStatusExecution] f21bbc8d-50f0-4b1e-afa6-c560792baa58 [2026-04-16T07:22:58.015345] Expanding... (STDOUT, APP/TASK/deploy)#
#2026 04 16 07:29:46.560#Z#DEBUG#fa8cfd2f-3965-11f1-830f-eeee0a928bd8.sampleXSUAA-db-deployer#flowable-async-job-executor-thread-31598#
[PollExecuteTaskStatusExecution] f21bbc8d-50f0-4b1e-afa6-c560792baa58 [2026-04-16T07:22:58.015401] Expanding... ok (0s 12ms) (STDOUT, APP/TASK/deploy)#
#2026 04 16 07:29:46.560#Z#DEBUG#fa8cfd2f-3965-11f1-830f-eeee0a928bd8.sampleXSUAA-db-deployer#flowable-async-job-executor-thread-31598#
[PollExecuteTaskStatusExecution] f21bbc8d-50f0-4b1e-afa6-c560792baa58 [2026-04-16T07:22:58.015442] Precompiling... (STDOUT, APP/TASK/deploy)#
#2026 04 16 07:29:46.560#Z#DEBUG#fa8cfd2f-3965-11f1-830f-eeee0a928bd8.sampleXSUAA-db-deployer#flowable-async-job-executor-thread-31598#
[PollExecuteTaskStatusExecution] f21bbc8d-50f0-4b1e-afa6-c560792baa58 [2026-04-16T07:22:58.015504] Precompiling... ok (0s 0ms) (STDOUT, APP/TASK/deploy)#
#2026 04 16 07:29:46.560#Z#DEBUG#fa8cfd2f-3965-11f1-830f-eeee0a928bd8.sampleXSUAA-db-deployer#flowable-async-job-executor-thread-31598#
[PollExecuteTaskStatusExecution] f21bbc8d-50f0-4b1e-afa6-c560792baa58 [2026-04-16T07:22:58.015554] Merging... (STDOUT, APP/TASK/deploy)#
#2026 04 16 07:29:46.560#Z#DEBUG#fa8cfd2f-3965-11f1-830f-eeee0a928bd8.sampleXSUAA-db-deployer#flowable-async-job-executor-thread-31598#
[PollExecuteTaskStatusExecution] f21bbc8d-50f0-4b1e-afa6-c560792baa58 [2026-04-16T07:22:58.015610] Merging... ok (0s 0ms) (STDOUT, APP/TASK/deploy)#
#2026 04 16 07:29:46.560#Z#DEBUG#fa8cfd2f-3965-11f1-830f-eeee0a928bd8.sampleXSUAA-db-deployer#flowable-async-job-executor-thread-31598#
[PollExecuteTaskStatusExecution] f21bbc8d-50f0-4b1e-afa6-c560792baa58 [2026-04-16T07:22:58.015658] Calculating dependencies... ok (0s 12ms) (STDOUT, APP/TASK/deploy)#
#2026 04 16 07:29:46.560#Z#DEBUG#fa8cfd2f-3965-11f1-830f-eeee0a928bd8.sampleXSUAA-db-deployer#flowable-async-job-executor-thread-31598#
[PollExecuteTaskStatusExecution] f21bbc8d-50f0-4b1e-afa6-c560792baa58 [2026-04-16T07:22:58.015728] No make necessary (STDOUT, APP/TASK/deploy)#
#2026 04 16 07:29:46.560#Z#DEBUG#fa8cfd2f-3965-11f1-830f-eeee0a928bd8.sampleXSUAA-db-deployer#flowable-async-job-executor-thread-31598#
[PollExecuteTaskStatusExecution] f21bbc8d-50f0-4b1e-afa6-c560792baa58 [2026-04-16T07:22:58.015773] Making... ok (0s 94ms) (STDOUT, APP/TASK/deploy)#
#2026 04 16 07:29:46.560#Z#DEBUG#fa8cfd2f-3965-11f1-830f-eeee0a928bd8.sampleXSUAA-db-deployer#flowable-async-job-executor-thread-31598#
[PollExecuteTaskStatusExecution] f21bbc8d-50f0-4b1e-afa6-c560792baa58 [2026-04-16T07:22:58.015955] Enabling table replication for the container schema "F3F37BBE6A554503951E9BA9F0961A85"... (STDOUT, APP/TASK/deploy)#
#2026 04 16 07:29:46.560#Z#DEBUG#fa8cfd2f-3965-11f1-830f-eeee0a928bd8.sampleXSUAA-db-deployer#flowable-async-job-executor-thread-31598#
[PollExecuteTaskStatusExecution] f21bbc8d-50f0-4b1e-afa6-c560792baa58 [2026-04-16T07:22:58.016007] Enabling table replication for the container schema "F3F37BBE6A554503951E9BA9F0961A85"... ok (0s 14ms) (STDOUT, APP/TASK/deploy)#
#2026 04 16 07:29:46.560#Z#DEBUG#fa8cfd2f-3965-11f1-830f-eeee0a928bd8.sampleXSUAA-db-deployer#flowable-async-job-executor-thread-31598#
[PollExecuteTaskStatusExecution] f21bbc8d-50f0-4b1e-afa6-c560792baa58 [2026-04-16T07:22:58.016070] Starting make in the container "F3F37BBE6A554503951E9BA9F0961A85" with 0 files to deploy, 0 files to undeploy... ok (0s 156ms) (STDOUT, APP/TASK/deploy)#
#2026 04 16 07:29:46.560#Z#DEBUG#fa8cfd2f-3965-11f1-830f-eeee0a928bd8.sampleXSUAA-db-deployer#flowable-async-job-executor-thread-31598#
[PollExecuteTaskStatusExecution] f21bbc8d-50f0-4b1e-afa6-c560792baa58 [2026-04-16T07:22:58.016112] Deploying to the container "F3F37BBE6A554503951E9BA9F0961A85"... ok (0s 382ms) (STDOUT, APP/TASK/deploy)#
#2026 04 16 07:29:46.560#Z#DEBUG#fa8cfd2f-3965-11f1-830f-eeee0a928bd8.sampleXSUAA-db-deployer#flowable-async-job-executor-thread-31598#
[PollExecuteTaskStatusExecution] f21bbc8d-50f0-4b1e-afa6-c560792baa58 [2026-04-16T07:22:58.016376] No default-access-role handling needed; global role "F3F37BBE6A554503951E9BA9F0961A85::access_role" will not be adapted (STDOUT, APP/TASK/deploy)#
#2026 04 16 07:29:46.560#Z#DEBUG#fa8cfd2f-3965-11f1-830f-eeee0a928bd8.sampleXSUAA-db-deployer#flowable-async-job-executor-thread-31598#
[PollExecuteTaskStatusExecution] f21bbc8d-50f0-4b1e-afa6-c560792baa58 [2026-04-16T07:22:58.016436] Unlocking the container "F3F37BBE6A554503951E9BA9F0961A85"... (STDOUT, APP/TASK/deploy)#
#2026 04 16 07:29:46.560#Z#DEBUG#fa8cfd2f-3965-11f1-830f-eeee0a928bd8.sampleXSUAA-db-deployer#flowable-async-job-executor-thread-31598#
[PollExecuteTaskStatusExecution] f21bbc8d-50f0-4b1e-afa6-c560792baa58 [2026-04-16T07:22:58.017033] Unlocking the container "F3F37BBE6A554503951E9BA9F0961A85"... ok (0s 0ms) (STDOUT, APP/TASK/deploy)#
#2026 04 16 07:29:46.560#Z#DEBUG#fa8cfd2f-3965-11f1-830f-eeee0a928bd8.sampleXSUAA-db-deployer#flowable-async-job-executor-thread-31598#
[PollExecuteTaskStatusExecution] f21bbc8d-50f0-4b1e-afa6-c560792baa58 [2026-04-16T07:22:58.017395] Deployment to container F3F37BBE6A554503951E9BA9F0961A85 done [Deployment ID: none]. (STDOUT, APP/TASK/deploy)#
#2026 04 16 07:29:46.560#Z#DEBUG#fa8cfd2f-3965-11f1-830f-eeee0a928bd8.sampleXSUAA-db-deployer#flowable-async-job-executor-thread-31598#
[PollExecuteTaskStatusExecution] f21bbc8d-50f0-4b1e-afa6-c560792baa58 [2026-04-16T07:22:58.018109] Deployment ended at 2026-04-16 07:22:58 (STDOUT, APP/TASK/deploy)#
#2026 04 16 07:29:46.560#Z#DEBUG#fa8cfd2f-3965-11f1-830f-eeee0a928bd8.sampleXSUAA-db-deployer#flowable-async-job-executor-thread-31598#
[PollExecuteTaskStatusExecution] f21bbc8d-50f0-4b1e-afa6-c560792baa58 [2026-04-16T07:22:58.018615] (1s 821ms) (STDOUT, APP/TASK/deploy)#
#2026 04 16 07:29:46.560#Z#DEBUG#fa8cfd2f-3965-11f1-830f-eeee0a928bd8.sampleXSUAA-db-deployer#flowable-async-job-executor-thread-31598#
[PollExecuteTaskStatusExecution] f21bbc8d-50f0-4b1e-afa6-c560792baa58 [2026-04-16T07:22:58.034301] npm notice (STDERR, APP/TASK/deploy)#
#2026 04 16 07:29:46.560#Z#DEBUG#fa8cfd2f-3965-11f1-830f-eeee0a928bd8.sampleXSUAA-db-deployer#flowable-async-job-executor-thread-31598#
[PollExecuteTaskStatusExecution] f21bbc8d-50f0-4b1e-afa6-c560792baa58 [2026-04-16T07:22:58.034315] npm notice New minor version of npm available! 11.6.2 -> 11.12.1 (STDERR, APP/TASK/deploy)#
#2026 04 16 07:29:46.560#Z#DEBUG#fa8cfd2f-3965-11f1-830f-eeee0a928bd8.sampleXSUAA-db-deployer#flowable-async-job-executor-thread-31598#
[PollExecuteTaskStatusExecution] f21bbc8d-50f0-4b1e-afa6-c560792baa58 [2026-04-16T07:22:58.034322] npm notice Changelog: https://github.com/npm/cli/releases/tag/v11.12.1 (STDERR, APP/TASK/deploy)#
#2026 04 16 07:29:46.560#Z#DEBUG#fa8cfd2f-3965-11f1-830f-eeee0a928bd8.sampleXSUAA-db-deployer#flowable-async-job-executor-thread-31598#
[PollExecuteTaskStatusExecution] f21bbc8d-50f0-4b1e-afa6-c560792baa58 [2026-04-16T07:22:58.034325] npm notice To update run: npm install -g npm@11.12.1 (STDERR, APP/TASK/deploy)#
#2026 04 16 07:29:46.560#Z#DEBUG#fa8cfd2f-3965-11f1-830f-eeee0a928bd8.sampleXSUAA-db-deployer#flowable-async-job-executor-thread-31598#
[PollExecuteTaskStatusExecution] f21bbc8d-50f0-4b1e-afa6-c560792baa58 [2026-04-16T07:22:58.034327] npm notice (STDERR, APP/TASK/deploy)#
#2026 04 16 07:29:46.560#Z#DEBUG#fa8cfd2f-3965-11f1-830f-eeee0a928bd8.sampleXSUAA-db-deployer#flowable-async-job-executor-thread-31598#
[PollExecuteTaskStatusExecution] f21bbc8d-50f0-4b1e-afa6-c560792baa58 [2026-04-16T07:22:58.105978] Exit status 0 (STDOUT, APP/TASK/deploy)#
#2026 04 16 07:29:46.560#Z#DEBUG#fa8cfd2f-3965-11f1-830f-eeee0a928bd8.sampleXSUAA-db-deployer#flowable-async-job-executor-thread-31598#
[PollExecuteTaskStatusExecution] f21bbc8d-50f0-4b1e-afa6-c560792baa58 [2026-04-16T07:22:59.431353] Cell 684caff8-89cd-492b-be01-b3d0835f1763 stopping instance 6ff2a5d8-6862-4374-821a-93fdfe14859b (STDOUT, CELL)#
#2026 04 16 07:29:46.560#Z#DEBUG#fa8cfd2f-3965-11f1-830f-eeee0a928bd8.sampleXSUAA-db-deployer#flowable-async-job-executor-thread-31598#
[PollExecuteTaskStatusExecution] f21bbc8d-50f0-4b1e-afa6-c560792baa58 [2026-04-16T07:22:59.431381] Cell 684caff8-89cd-492b-be01-b3d0835f1763 destroying container for instance 6ff2a5d8-6862-4374-821a-93fdfe14859b (STDOUT, CELL)#
#2026 04 16 07:29:46.560#Z#DEBUG#fa8cfd2f-3965-11f1-830f-eeee0a928bd8.sampleXSUAA-db-deployer#flowable-async-job-executor-thread-31598#
[PollExecuteTaskStatusExecution] f21bbc8d-50f0-4b1e-afa6-c560792baa58 [2026-04-16T07:23:02.475980] Cell 684caff8-89cd-492b-be01-b3d0835f1763 successfully destroyed container for instance 6ff2a5d8-6862-4374-821a-93fdfe14859b (STDOUT, CELL)#
#2026 04 16 07:29:46.560#Z#DEBUG#fa8cfd2f-3965-11f1-830f-eeee0a928bd8.sampleXSUAA-db-deployer#flowable-async-job-executor-thread-31598#
[PollExecuteTaskStatusExecution] f21bbc8d-50f0-4b1e-afa6-c560792baa58 [2026-04-16T07:25:47.800062] Updated app with guid f21bbc8d-50f0-4b1e-afa6-c560792baa58 ({"lifecycle"=>{"data"=>{"buildpacks"=>["nodejs_buildpack"]}, "type"=>"buildpack"}}) (STDOUT, API)#
#2026 04 16 07:29:46.560#Z#DEBUG#fa8cfd2f-3965-11f1-830f-eeee0a928bd8.sampleXSUAA-db-deployer#flowable-async-job-executor-thread-31598#
[PollExecuteTaskStatusExecution] f21bbc8d-50f0-4b1e-afa6-c560792baa58 [2026-04-16T07:25:47.891318] Updating process: "web" (STDOUT, API)#
#2026 04 16 07:29:46.560#Z#DEBUG#fa8cfd2f-3965-11f1-830f-eeee0a928bd8.sampleXSUAA-db-deployer#flowable-async-job-executor-thread-31598#
[PollExecuteTaskStatusExecution] f21bbc8d-50f0-4b1e-afa6-c560792baa58 [2026-04-16T07:25:49.787801] Cell c839c7b1-088e-41af-b9b7-66256aacd457 creating container for instance efc35eb6-1eae-4643-aa4e-76aa68c84bf7 (STDOUT, CELL)#
#2026 04 16 07:29:46.560#Z#DEBUG#fa8cfd2f-3965-11f1-830f-eeee0a928bd8.sampleXSUAA-db-deployer#flowable-async-job-executor-thread-31598#
[PollExecuteTaskStatusExecution] f21bbc8d-50f0-4b1e-afa6-c560792baa58 [2026-04-16T07:25:50.527909] Security group rules were updated (STDOUT, CELL)#
#2026 04 16 07:29:46.560#Z#DEBUG#fa8cfd2f-3965-11f1-830f-eeee0a928bd8.sampleXSUAA-db-deployer#flowable-async-job-executor-thread-31598#
[PollExecuteTaskStatusExecution] f21bbc8d-50f0-4b1e-afa6-c560792baa58 [2026-04-16T07:25:50.645331] Cell c839c7b1-088e-41af-b9b7-66256aacd457 successfully created container for instance efc35eb6-1eae-4643-aa4e-76aa68c84bf7 (STDOUT, CELL)#
#2026 04 16 07:29:46.560#Z#DEBUG#fa8cfd2f-3965-11f1-830f-eeee0a928bd8.sampleXSUAA-db-deployer#flowable-async-job-executor-thread-31598#
[PollExecuteTaskStatusExecution] f21bbc8d-50f0-4b1e-afa6-c560792baa58 [2026-04-16T07:25:55.851208] Invoking pre-start scripts. (STDOUT, APP/TASK/deploy)#
#2026 04 16 07:29:46.560#Z#DEBUG#fa8cfd2f-3965-11f1-830f-eeee0a928bd8.sampleXSUAA-db-deployer#flowable-async-job-executor-thread-31598#
[PollExecuteTaskStatusExecution] f21bbc8d-50f0-4b1e-afa6-c560792baa58 [2026-04-16T07:25:56.080893] Invoking start command. (STDOUT, APP/TASK/deploy)#
#2026 04 16 07:29:46.560#Z#DEBUG#fa8cfd2f-3965-11f1-830f-eeee0a928bd8.sampleXSUAA-db-deployer#flowable-async-job-executor-thread-31598#
[PollExecuteTaskStatusExecution] f21bbc8d-50f0-4b1e-afa6-c560792baa58 [2026-04-16T07:25:56.525135] > start (STDOUT, APP/TASK/deploy)#
#2026 04 16 07:29:46.560#Z#DEBUG#fa8cfd2f-3965-11f1-830f-eeee0a928bd8.sampleXSUAA-db-deployer#flowable-async-job-executor-thread-31598#
[PollExecuteTaskStatusExecution] f21bbc8d-50f0-4b1e-afa6-c560792baa58 [2026-04-16T07:25:56.525153] > node node_modules/@sap/hdi-deploy/deploy.js --use-hdb --parameter com.sap.hana.di.table/try_fast_table_migration=true (STDOUT, APP/TASK/deploy)#
#2026 04 16 07:29:46.560#Z#DEBUG#fa8cfd2f-3965-11f1-830f-eeee0a928bd8.sampleXSUAA-db-deployer#flowable-async-job-executor-thread-31598#
[PollExecuteTaskStatusExecution] f21bbc8d-50f0-4b1e-afa6-c560792baa58 [2026-04-16T07:25:56.685851] VCAP_SERVICES: (STDOUT, APP/TASK/deploy)#
#2026 04 16 07:29:46.560#Z#DEBUG#fa8cfd2f-3965-11f1-830f-eeee0a928bd8.sampleXSUAA-db-deployer#flowable-async-job-executor-thread-31598#
[PollExecuteTaskStatusExecution] f21bbc8d-50f0-4b1e-afa6-c560792baa58 [2026-04-16T07:25:56.686317] { (STDOUT, APP/TASK/deploy)#
#2026 04 16 07:29:46.560#Z#DEBUG#fa8cfd2f-3965-11f1-830f-eeee0a928bd8.sampleXSUAA-db-deployer#flowable-async-job-executor-thread-31598#
[PollExecuteTaskStatusExecution] f21bbc8d-50f0-4b1e-afa6-c560792baa58 [2026-04-16T07:25:56.686337] "hana": [ (STDOUT, APP/TASK/deploy)#
#2026 04 16 07:29:46.560#Z#DEBUG#fa8cfd2f-3965-11f1-830f-eeee0a928bd8.sampleXSUAA-db-deployer#flowable-async-job-executor-thread-31598#
[PollExecuteTaskStatusExecution] f21bbc8d-50f0-4b1e-afa6-c560792baa58 [2026-04-16T07:25:56.686341] { (STDOUT, APP/TASK/deploy)#
#2026 04 16 07:29:46.560#Z#DEBUG#fa8cfd2f-3965-11f1-830f-eeee0a928bd8.sampleXSUAA-db-deployer#flowable-async-job-executor-thread-31598#
[PollExecuteTaskStatusExecution] f21bbc8d-50f0-4b1e-afa6-c560792baa58 [2026-04-16T07:25:56.686344] "name": "sampleXSUAA-db", (STDOUT, APP/TASK/deploy)#
#2026 04 16 07:29:46.560#Z#DEBUG#fa8cfd2f-3965-11f1-830f-eeee0a928bd8.sampleXSUAA-db-deployer#flowable-async-job-executor-thread-31598#
[PollExecuteTaskStatusExecution] f21bbc8d-50f0-4b1e-afa6-c560792baa58 [2026-04-16T07:25:56.686353] "label": "hana", (STDOUT, APP/TASK/deploy)#
#2026 04 16 07:29:46.560#Z#DEBUG#fa8cfd2f-3965-11f1-830f-eeee0a928bd8.sampleXSUAA-db-deployer#flowable-async-job-executor-thread-31598#
[PollExecuteTaskStatusExecution] f21bbc8d-50f0-4b1e-afa6-c560792baa58 [2026-04-16T07:25:56.686355] "plan": "hdi-shared", (STDOUT, APP/TASK/deploy)#
#2026 04 16 07:29:46.560#Z#DEBUG#fa8cfd2f-3965-11f1-830f-eeee0a928bd8.sampleXSUAA-db-deployer#flowable-async-job-executor-thread-31598#
[PollExecuteTaskStatusExecution] f21bbc8d-50f0-4b1e-afa6-c560792baa58 [2026-04-16T07:25:56.686358] "credentials": { (STDOUT, APP/TASK/deploy)#
#2026 04 16 07:29:46.560#Z#DEBUG#fa8cfd2f-3965-11f1-830f-eeee0a928bd8.sampleXSUAA-db-deployer#flowable-async-job-executor-thread-31598#
[PollExecuteTaskStatusExecution] f21bbc8d-50f0-4b1e-afa6-c560792baa58 [2026-04-16T07:25:56.686361] "schema": "F3F37BBE6A554503951E9BA9F0961A85", (STDOUT, APP/TASK/deploy)#
#2026 04 16 07:29:46.560#Z#DEBUG#fa8cfd2f-3965-11f1-830f-eeee0a928bd8.sampleXSUAA-db-deployer#flowable-async-job-executor-thread-31598#
[PollExecuteTaskStatusExecution] f21bbc8d-50f0-4b1e-afa6-c560792baa58 [2026-04-16T07:25:56.686364] "database_id": "8caed5d2-1e6d-4f35-aacd-591f0ecaa81b", (STDOUT, APP/TASK/deploy)#
#2026 04 16 07:29:46.560#Z#DEBUG#fa8cfd2f-3965-11f1-830f-eeee0a928bd8.sampleXSUAA-db-deployer#flowable-async-job-executor-thread-31598#
[PollExecuteTaskStatusExecution] f21bbc8d-50f0-4b1e-afa6-c560792baa58 [2026-04-16T07:25:56.686367] "user": "F3F37BBE6A554503951E9BA9F0961A85_85SZCDDH55P5UPHXGKV3W4Q64_RT", (STDOUT, APP/TASK/deploy)#
#2026 04 16 07:29:46.560#Z#DEBUG#fa8cfd2f-3965-11f1-830f-eeee0a928bd8.sampleXSUAA-db-deployer#flowable-async-job-executor-thread-31598#
[PollExecuteTaskStatusExecution] f21bbc8d-50f0-4b1e-afa6-c560792baa58 [2026-04-16T07:25:56.686372] "hdi_user": "F3F37BBE6A554503951E9BA9F0961A85_85SZCDDH55P5UPHXGKV3W4Q64_DT" (STDOUT, APP/TASK/deploy)#
#2026 04 16 07:29:46.560#Z#DEBUG#fa8cfd2f-3965-11f1-830f-eeee0a928bd8.sampleXSUAA-db-deployer#flowable-async-job-executor-thread-31598#
[PollExecuteTaskStatusExecution] f21bbc8d-50f0-4b1e-afa6-c560792baa58 [2026-04-16T07:25:56.686374] }, (STDOUT, APP/TASK/deploy)#
#2026 04 16 07:29:46.560#Z#DEBUG#fa8cfd2f-3965-11f1-830f-eeee0a928bd8.sampleXSUAA-db-deployer#flowable-async-job-executor-thread-31598#
[PollExecuteTaskStatusExecution] f21bbc8d-50f0-4b1e-afa6-c560792baa58 [2026-04-16T07:25:56.686417] "tags": [ (STDOUT, APP/TASK/deploy)#
#2026 04 16 07:29:46.560#Z#DEBUG#fa8cfd2f-3965-11f1-830f-eeee0a928bd8.sampleXSUAA-db-deployer#flowable-async-job-executor-thread-31598#
[PollExecuteTaskStatusExecution] f21bbc8d-50f0-4b1e-afa6-c560792baa58 [2026-04-16T07:25:56.686420] "hana", (STDOUT, APP/TASK/deploy)#
#2026 04 16 07:29:46.560#Z#DEBUG#fa8cfd2f-3965-11f1-830f-eeee0a928bd8.sampleXSUAA-db-deployer#flowable-async-job-executor-thread-31598#
[PollExecuteTaskStatusExecution] f21bbc8d-50f0-4b1e-afa6-c560792baa58 [2026-04-16T07:25:56.686422] "database", (STDOUT, APP/TASK/deploy)#
#2026 04 16 07:29:46.560#Z#DEBUG#fa8cfd2f-3965-11f1-830f-eeee0a928bd8.sampleXSUAA-db-deployer#flowable-async-job-executor-thread-31598#
[PollExecuteTaskStatusExecution] f21bbc8d-50f0-4b1e-afa6-c560792baa58 [2026-04-16T07:25:56.686424] "relational" (STDOUT, APP/TASK/deploy)#
#2026 04 16 07:29:46.560#Z#DEBUG#fa8cfd2f-3965-11f1-830f-eeee0a928bd8.sampleXSUAA-db-deployer#flowable-async-job-executor-thread-31598#
[PollExecuteTaskStatusExecution] f21bbc8d-50f0-4b1e-afa6-c560792baa58 [2026-04-16T07:25:56.686427] ] (STDOUT, APP/TASK/deploy)#
#2026 04 16 07:29:46.560#Z#DEBUG#fa8cfd2f-3965-11f1-830f-eeee0a928bd8.sampleXSUAA-db-deployer#flowable-async-job-executor-thread-31598#
[PollExecuteTaskStatusExecution] f21bbc8d-50f0-4b1e-afa6-c560792baa58 [2026-04-16T07:25:56.686429] } (STDOUT, APP/TASK/deploy)#
#2026 04 16 07:29:46.560#Z#DEBUG#fa8cfd2f-3965-11f1-830f-eeee0a928bd8.sampleXSUAA-db-deployer#flowable-async-job-executor-thread-31598#
[PollExecuteTaskStatusExecution] f21bbc8d-50f0-4b1e-afa6-c560792baa58 [2026-04-16T07:25:56.686439] ] (STDOUT, APP/TASK/deploy)#
#2026 04 16 07:29:46.560#Z#DEBUG#fa8cfd2f-3965-11f1-830f-eeee0a928bd8.sampleXSUAA-db-deployer#flowable-async-job-executor-thread-31598#
[PollExecuteTaskStatusExecution] f21bbc8d-50f0-4b1e-afa6-c560792baa58 [2026-04-16T07:25:56.686441] } (STDOUT, APP/TASK/deploy)#
#2026 04 16 07:29:46.560#Z#DEBUG#fa8cfd2f-3965-11f1-830f-eeee0a928bd8.sampleXSUAA-db-deployer#flowable-async-job-executor-thread-31598#
[PollExecuteTaskStatusExecution] f21bbc8d-50f0-4b1e-afa6-c560792baa58 [2026-04-16T07:25:57.086363] @sap/hdi-deploy, version 5.6.1 (mode default), server version 4.00.000.00.1770107678 (4.0.0.0), cloud version 2025.40.12, node version 24.13.0, HDI version 1016, container API version 1007 (STDOUT, APP/TASK/deploy)#
#2026 04 16 07:29:46.560#Z#DEBUG#fa8cfd2f-3965-11f1-830f-eeee0a928bd8.sampleXSUAA-db-deployer#flowable-async-job-executor-thread-31598#
[PollExecuteTaskStatusExecution] f21bbc8d-50f0-4b1e-afa6-c560792baa58 [2026-04-16T07:25:57.086688] Deployment started at 2026-04-16 07:25:57 (STDOUT, APP/TASK/deploy)#
#2026 04 16 07:29:46.560#Z#DEBUG#fa8cfd2f-3965-11f1-830f-eeee0a928bd8.sampleXSUAA-db-deployer#flowable-async-job-executor-thread-31598#
[PollExecuteTaskStatusExecution] f21bbc8d-50f0-4b1e-afa6-c560792baa58 [2026-04-16T07:25:57.087541] Using hdb@2.27.1 for connection (STDOUT, APP/TASK/deploy)#
#2026 04 16 07:29:46.560#Z#DEBUG#fa8cfd2f-3965-11f1-830f-eeee0a928bd8.sampleXSUAA-db-deployer#flowable-async-job-executor-thread-31598#
[PollExecuteTaskStatusExecution] f21bbc8d-50f0-4b1e-afa6-c560792baa58 [2026-04-16T07:25:57.109346] No ignore file at /home/vcap/app/.hdiignore. (STDOUT, APP/TASK/deploy)#
#2026 04 16 07:29:46.560#Z#DEBUG#fa8cfd2f-3965-11f1-830f-eeee0a928bd8.sampleXSUAA-db-deployer#flowable-async-job-executor-thread-31598#
[PollExecuteTaskStatusExecution] f21bbc8d-50f0-4b1e-afa6-c560792baa58 [2026-04-16T07:25:57.109773] Collecting files... (STDOUT, APP/TASK/deploy)#
#2026 04 16 07:29:46.560#Z#DEBUG#fa8cfd2f-3965-11f1-830f-eeee0a928bd8.sampleXSUAA-db-deployer#flowable-async-job-executor-thread-31598#
[PollExecuteTaskStatusExecution] f21bbc8d-50f0-4b1e-afa6-c560792baa58 [2026-04-16T07:25:57.113641] Collecting files... ok (0s 4ms) (STDOUT, APP/TASK/deploy)#
#2026 04 16 07:29:46.560#Z#DEBUG#fa8cfd2f-3965-11f1-830f-eeee0a928bd8.sampleXSUAA-db-deployer#flowable-async-job-executor-thread-31598#
[PollExecuteTaskStatusExecution] f21bbc8d-50f0-4b1e-afa6-c560792baa58 [2026-04-16T07:25:57.113683] 2 directories collected (STDOUT, APP/TASK/deploy)#
#2026 04 16 07:29:46.560#Z#DEBUG#fa8cfd2f-3965-11f1-830f-eeee0a928bd8.sampleXSUAA-db-deployer#flowable-async-job-executor-thread-31598#
[PollExecuteTaskStatusExecution] f21bbc8d-50f0-4b1e-afa6-c560792baa58 [2026-04-16T07:25:57.113767] 7 files collected (STDOUT, APP/TASK/deploy)#
#2026 04 16 07:29:46.560#Z#DEBUG#fa8cfd2f-3965-11f1-830f-eeee0a928bd8.sampleXSUAA-db-deployer#flowable-async-job-executor-thread-31598#
[PollExecuteTaskStatusExecution] f21bbc8d-50f0-4b1e-afa6-c560792baa58 [2026-04-16T07:25:57.114106] 0 reusable modules collected (STDOUT, APP/TASK/deploy)#
#2026 04 16 07:29:46.560#Z#DEBUG#fa8cfd2f-3965-11f1-830f-eeee0a928bd8.sampleXSUAA-db-deployer#flowable-async-job-executor-thread-31598#
[PollExecuteTaskStatusExecution] f21bbc8d-50f0-4b1e-afa6-c560792baa58 [2026-04-16T07:25:57.114175] Target service: sampleXSUAA-db (STDOUT, APP/TASK/deploy)#
#2026 04 16 07:29:46.560#Z#DEBUG#fa8cfd2f-3965-11f1-830f-eeee0a928bd8.sampleXSUAA-db-deployer#flowable-async-job-executor-thread-31598#
[PollExecuteTaskStatusExecution] f21bbc8d-50f0-4b1e-afa6-c560792baa58 [2026-04-16T07:25:57.280861] Previous build with request ID 1547 finished at 2026-04-16T07:22:57.971 with status Rolled back and message: Starting make in the container "F3F37BBE6A554503951E9BA9F0961A85" with 0 files to deploy, 0 files to undeploy... ok. (STDOUT, APP/TASK/deploy)#
#2026 04 16 07:29:46.560#Z#DEBUG#fa8cfd2f-3965-11f1-830f-eeee0a928bd8.sampleXSUAA-db-deployer#flowable-async-job-executor-thread-31598#
[PollExecuteTaskStatusExecution] f21bbc8d-50f0-4b1e-afa6-c560792baa58 [2026-04-16T07:25:57.280931] Processing revoke files... (STDOUT, APP/TASK/deploy)#
#2026 04 16 07:29:46.560#Z#DEBUG#fa8cfd2f-3965-11f1-830f-eeee0a928bd8.sampleXSUAA-db-deployer#flowable-async-job-executor-thread-31598#
[PollExecuteTaskStatusExecution] f21bbc8d-50f0-4b1e-afa6-c560792baa58 [2026-04-16T07:25:57.281140] Processing revoke files... ok (0s 0ms) (STDOUT, APP/TASK/deploy)#
#2026 04 16 07:29:46.560#Z#DEBUG#fa8cfd2f-3965-11f1-830f-eeee0a928bd8.sampleXSUAA-db-deployer#flowable-async-job-executor-thread-31598#
[PollExecuteTaskStatusExecution] f21bbc8d-50f0-4b1e-afa6-c560792baa58 [2026-04-16T07:25:57.281222] Processing grants files... (STDOUT, APP/TASK/deploy)#
#2026 04 16 07:29:46.560#Z#DEBUG#fa8cfd2f-3965-11f1-830f-eeee0a928bd8.sampleXSUAA-db-deployer#flowable-async-job-executor-thread-31598#
[PollExecuteTaskStatusExecution] f21bbc8d-50f0-4b1e-afa6-c560792baa58 [2026-04-16T07:25:57.281351] Processing grants files... ok (0s 0ms) (STDOUT, APP/TASK/deploy)#
#2026 04 16 07:29:46.560#Z#DEBUG#fa8cfd2f-3965-11f1-830f-eeee0a928bd8.sampleXSUAA-db-deployer#flowable-async-job-executor-thread-31598#
[PollExecuteTaskStatusExecution] f21bbc8d-50f0-4b1e-afa6-c560792baa58 [2026-04-16T07:25:57.284390] Preprocessing files... (STDOUT, APP/TASK/deploy)#
#2026 04 16 07:29:46.560#Z#DEBUG#fa8cfd2f-3965-11f1-830f-eeee0a928bd8.sampleXSUAA-db-deployer#flowable-async-job-executor-thread-31598#
[PollExecuteTaskStatusExecution] f21bbc8d-50f0-4b1e-afa6-c560792baa58 [2026-04-16T07:25:57.284794] Preprocessing files... ok (0s 0ms) (STDOUT, APP/TASK/deploy)#
#2026 04 16 07:29:46.560#Z#DEBUG#fa8cfd2f-3965-11f1-830f-eeee0a928bd8.sampleXSUAA-db-deployer#flowable-async-job-executor-thread-31598#
[PollExecuteTaskStatusExecution] f21bbc8d-50f0-4b1e-afa6-c560792baa58 [2026-04-16T07:25:57.284880] Connecting to the container "F3F37BBE6A554503951E9BA9F0961A85"... (STDOUT, APP/TASK/deploy)#
#2026 04 16 07:29:46.560#Z#DEBUG#fa8cfd2f-3965-11f1-830f-eeee0a928bd8.sampleXSUAA-db-deployer#flowable-async-job-executor-thread-31598#
[PollExecuteTaskStatusExecution] f21bbc8d-50f0-4b1e-afa6-c560792baa58 [2026-04-16T07:25:57.355109] Connecting to the container "F3F37BBE6A554503951E9BA9F0961A85"... ok (0s 70ms) (STDOUT, APP/TASK/deploy)#
#2026 04 16 07:29:46.560#Z#DEBUG#fa8cfd2f-3965-11f1-830f-eeee0a928bd8.sampleXSUAA-db-deployer#flowable-async-job-executor-thread-31598#
[PollExecuteTaskStatusExecution] f21bbc8d-50f0-4b1e-afa6-c560792baa58 [2026-04-16T07:25:57.355213] Locking the container "F3F37BBE6A554503951E9BA9F0961A85"... (STDOUT, APP/TASK/deploy)#
#2026 04 16 07:29:46.560#Z#DEBUG#fa8cfd2f-3965-11f1-830f-eeee0a928bd8.sampleXSUAA-db-deployer#flowable-async-job-executor-thread-31598#
[PollExecuteTaskStatusExecution] f21bbc8d-50f0-4b1e-afa6-c560792baa58 [2026-04-16T07:25:57.479798] Locking the container "F3F37BBE6A554503951E9BA9F0961A85"... ok (0s 125ms) (STDOUT, APP/TASK/deploy)#
#2026 04 16 07:29:46.560#Z#DEBUG#fa8cfd2f-3965-11f1-830f-eeee0a928bd8.sampleXSUAA-db-deployer#flowable-async-job-executor-thread-31598#
[PollExecuteTaskStatusExecution] f21bbc8d-50f0-4b1e-afa6-c560792baa58 [2026-04-16T07:25:57.479844] Synchronizing files with the container "F3F37BBE6A554503951E9BA9F0961A85"... (STDOUT, APP/TASK/deploy)#
#2026 04 16 07:29:46.560#Z#DEBUG#fa8cfd2f-3965-11f1-830f-eeee0a928bd8.sampleXSUAA-db-deployer#flowable-async-job-executor-thread-31598#
[PollExecuteTaskStatusExecution] f21bbc8d-50f0-4b1e-afa6-c560792baa58 [2026-04-16T07:25:57.676940] Deleting files... (STDOUT, APP/TASK/deploy)#
#2026 04 16 07:29:46.560#Z#DEBUG#fa8cfd2f-3965-11f1-830f-eeee0a928bd8.sampleXSUAA-db-deployer#flowable-async-job-executor-thread-31598#
[PollExecuteTaskStatusExecution] f21bbc8d-50f0-4b1e-afa6-c560792baa58 [2026-04-16T07:25:57.831631] Deleting files... ok (STDOUT, APP/TASK/deploy)#
#2026 04 16 07:29:46.560#Z#DEBUG#fa8cfd2f-3965-11f1-830f-eeee0a928bd8.sampleXSUAA-db-deployer#flowable-async-job-executor-thread-31598#
[PollExecuteTaskStatusExecution] f21bbc8d-50f0-4b1e-afa6-c560792baa58 [2026-04-16T07:25:57.831660] Writing files... (STDOUT, APP/TASK/deploy)#
#2026 04 16 07:29:46.560#Z#DEBUG#fa8cfd2f-3965-11f1-830f-eeee0a928bd8.sampleXSUAA-db-deployer#flowable-async-job-executor-thread-31598#
[PollExecuteTaskStatusExecution] f21bbc8d-50f0-4b1e-afa6-c560792baa58 [2026-04-16T07:25:57.831665] Writing 2 items (STDOUT, APP/TASK/deploy)#
#2026 04 16 07:29:46.560#Z#DEBUG#fa8cfd2f-3965-11f1-830f-eeee0a928bd8.sampleXSUAA-db-deployer#flowable-async-job-executor-thread-31598#
[PollExecuteTaskStatusExecution] f21bbc8d-50f0-4b1e-afa6-c560792baa58 [2026-04-16T07:25:57.994114] Writing files... ok (STDOUT, APP/TASK/deploy)#
#2026 04 16 07:29:46.560#Z#DEBUG#fa8cfd2f-3965-11f1-830f-eeee0a928bd8.sampleXSUAA-db-deployer#flowable-async-job-executor-thread-31598#
[PollExecuteTaskStatusExecution] f21bbc8d-50f0-4b1e-afa6-c560792baa58 [2026-04-16T07:25:57.994198] Synchronizing files with the container "F3F37BBE6A554503951E9BA9F0961A85"... ok (0s 514ms) (STDOUT, APP/TASK/deploy)#
#2026 04 16 07:29:46.560#Z#DEBUG#fa8cfd2f-3965-11f1-830f-eeee0a928bd8.sampleXSUAA-db-deployer#flowable-async-job-executor-thread-31598#
[PollExecuteTaskStatusExecution] f21bbc8d-50f0-4b1e-afa6-c560792baa58 [2026-04-16T07:25:57.994768] added files: [] (STDOUT, APP/TASK/deploy)#
#2026 04 16 07:29:46.560#Z#DEBUG#fa8cfd2f-3965-11f1-830f-eeee0a928bd8.sampleXSUAA-db-deployer#flowable-async-job-executor-thread-31598#
[PollExecuteTaskStatusExecution] f21bbc8d-50f0-4b1e-afa6-c560792baa58 [2026-04-16T07:25:57.994802] modified files: [] (STDOUT, APP/TASK/deploy)#
#2026 04 16 07:29:46.560#Z#DEBUG#fa8cfd2f-3965-11f1-830f-eeee0a928bd8.sampleXSUAA-db-deployer#flowable-async-job-executor-thread-31598#
[PollExecuteTaskStatusExecution] f21bbc8d-50f0-4b1e-afa6-c560792baa58 [2026-04-16T07:25:57.994805] deleted files: [] (STDOUT, APP/TASK/deploy)#
#2026 04 16 07:29:46.560#Z#DEBUG#fa8cfd2f-3965-11f1-830f-eeee0a928bd8.sampleXSUAA-db-deployer#flowable-async-job-executor-thread-31598#
[PollExecuteTaskStatusExecution] f21bbc8d-50f0-4b1e-afa6-c560792baa58 [2026-04-16T07:25:57.999928] 0 modified or added files are scheduled for deploy based on delta detection (STDOUT, APP/TASK/deploy)#
#2026 04 16 07:29:46.560#Z#DEBUG#fa8cfd2f-3965-11f1-830f-eeee0a928bd8.sampleXSUAA-db-deployer#flowable-async-job-executor-thread-31598#
[PollExecuteTaskStatusExecution] f21bbc8d-50f0-4b1e-afa6-c560792baa58 [2026-04-16T07:25:58.000191] 0 deleted files are scheduled for undeploy based on delta detection (filtered by undeploy allowlist) (STDOUT, APP/TASK/deploy)#
#2026 04 16 07:29:46.560#Z#DEBUG#fa8cfd2f-3965-11f1-830f-eeee0a928bd8.sampleXSUAA-db-deployer#flowable-async-job-executor-thread-31598#
[PollExecuteTaskStatusExecution] f21bbc8d-50f0-4b1e-afa6-c560792baa58 [2026-04-16T07:25:58.000403] 0 files are scheduled for deploy based on explicit specification (STDOUT, APP/TASK/deploy)#
#2026 04 16 07:29:46.560#Z#DEBUG#fa8cfd2f-3965-11f1-830f-eeee0a928bd8.sampleXSUAA-db-deployer#flowable-async-job-executor-thread-31598#
[PollExecuteTaskStatusExecution] f21bbc8d-50f0-4b1e-afa6-c560792baa58 [2026-04-16T07:25:58.000485] 0 files are scheduled for undeploy based on explicit specification (STDOUT, APP/TASK/deploy)#
#2026 04 16 07:29:46.560#Z#DEBUG#fa8cfd2f-3965-11f1-830f-eeee0a928bd8.sampleXSUAA-db-deployer#flowable-async-job-executor-thread-31598#
[PollExecuteTaskStatusExecution] f21bbc8d-50f0-4b1e-afa6-c560792baa58 [2026-04-16T07:25:58.000544] Deploying to the container "F3F37BBE6A554503951E9BA9F0961A85"... (STDOUT, APP/TASK/deploy)#
#2026 04 16 07:29:46.560#Z#DEBUG#fa8cfd2f-3965-11f1-830f-eeee0a928bd8.sampleXSUAA-db-deployer#flowable-async-job-executor-thread-31598#
[PollExecuteTaskStatusExecution] f21bbc8d-50f0-4b1e-afa6-c560792baa58 [2026-04-16T07:25:58.269450] Starting make in the container "F3F37BBE6A554503951E9BA9F0961A85" with 0 files to deploy, 0 files to undeploy... (STDOUT, APP/TASK/deploy)#
#2026 04 16 07:29:46.560#Z#DEBUG#fa8cfd2f-3965-11f1-830f-eeee0a928bd8.sampleXSUAA-db-deployer#flowable-async-job-executor-thread-31598#
[PollExecuteTaskStatusExecution] f21bbc8d-50f0-4b1e-afa6-c560792baa58 [2026-04-16T07:25:58.269476] Disabling table replication for the container schema "F3F37BBE6A554503951E9BA9F0961A85"... (STDOUT, APP/TASK/deploy)#
#2026 04 16 07:29:46.560#Z#DEBUG#fa8cfd2f-3965-11f1-830f-eeee0a928bd8.sampleXSUAA-db-deployer#flowable-async-job-executor-thread-31598#
[PollExecuteTaskStatusExecution] f21bbc8d-50f0-4b1e-afa6-c560792baa58 [2026-04-16T07:25:58.269481] Disabling table replication for the container schema "F3F37BBE6A554503951E9BA9F0961A85"... ok (0s 9ms) (STDOUT, APP/TASK/deploy)#
#2026 04 16 07:29:46.560#Z#DEBUG#fa8cfd2f-3965-11f1-830f-eeee0a928bd8.sampleXSUAA-db-deployer#flowable-async-job-executor-thread-31598#
[PollExecuteTaskStatusExecution] f21bbc8d-50f0-4b1e-afa6-c560792baa58 [2026-04-16T07:25:58.269485] Migrating libraries... (STDOUT, APP/TASK/deploy)#
#2026 04 16 07:29:46.560#Z#DEBUG#fa8cfd2f-3965-11f1-830f-eeee0a928bd8.sampleXSUAA-db-deployer#flowable-async-job-executor-thread-31598#
[PollExecuteTaskStatusExecution] f21bbc8d-50f0-4b1e-afa6-c560792baa58 [2026-04-16T07:25:58.269584] Migrating libraries... ok (0s 9ms) (STDOUT, APP/TASK/deploy)#
#2026 04 16 07:29:46.560#Z#DEBUG#fa8cfd2f-3965-11f1-830f-eeee0a928bd8.sampleXSUAA-db-deployer#flowable-async-job-executor-thread-31598#
[PollExecuteTaskStatusExecution] f21bbc8d-50f0-4b1e-afa6-c560792baa58 [2026-04-16T07:25:58.269729] Making... (STDOUT, APP/TASK/deploy)#
#2026 04 16 07:29:46.560#Z#DEBUG#fa8cfd2f-3965-11f1-830f-eeee0a928bd8.sampleXSUAA-db-deployer#flowable-async-job-executor-thread-31598#
[PollExecuteTaskStatusExecution] f21bbc8d-50f0-4b1e-afa6-c560792baa58 [2026-04-16T07:25:58.269809] Preparing... (STDOUT, APP/TASK/deploy)#
#2026 04 16 07:29:46.560#Z#DEBUG#fa8cfd2f-3965-11f1-830f-eeee0a928bd8.sampleXSUAA-db-deployer#flowable-async-job-executor-thread-31598#
[PollExecuteTaskStatusExecution] f21bbc8d-50f0-4b1e-afa6-c560792baa58 [2026-04-16T07:25:58.269845] Preparing... ok (0s 0ms) (STDOUT, APP/TASK/deploy)#
#2026 04 16 07:29:46.560#Z#DEBUG#fa8cfd2f-3965-11f1-830f-eeee0a928bd8.sampleXSUAA-db-deployer#flowable-async-job-executor-thread-31598#
[PollExecuteTaskStatusExecution] f21bbc8d-50f0-4b1e-afa6-c560792baa58 [2026-04-16T07:25:58.269923] Preparing the make transaction... (STDOUT, APP/TASK/deploy)#
#2026 04 16 07:29:46.560#Z#DEBUG#fa8cfd2f-3965-11f1-830f-eeee0a928bd8.sampleXSUAA-db-deployer#flowable-async-job-executor-thread-31598#
[PollExecuteTaskStatusExecution] f21bbc8d-50f0-4b1e-afa6-c560792baa58 [2026-04-16T07:25:58.270017] Preparing the make transaction... ok (0s 10ms) (STDOUT, APP/TASK/deploy)#
#2026 04 16 07:29:46.560#Z#DEBUG#fa8cfd2f-3965-11f1-830f-eeee0a928bd8.sampleXSUAA-db-deployer#flowable-async-job-executor-thread-31598#
[PollExecuteTaskStatusExecution] f21bbc8d-50f0-4b1e-afa6-c560792baa58 [2026-04-16T07:25:58.270070] Calculating dependencies... (STDOUT, APP/TASK/deploy)#
#2026 04 16 07:29:46.560#Z#DEBUG#fa8cfd2f-3965-11f1-830f-eeee0a928bd8.sampleXSUAA-db-deployer#flowable-async-job-executor-thread-31598#
[PollExecuteTaskStatusExecution] f21bbc8d-50f0-4b1e-afa6-c560792baa58 [2026-04-16T07:25:58.270175] Expanding... (STDOUT, APP/TASK/deploy)#
#2026 04 16 07:29:46.560#Z#DEBUG#fa8cfd2f-3965-11f1-830f-eeee0a928bd8.sampleXSUAA-db-deployer#flowable-async-job-executor-thread-31598#
[PollExecuteTaskStatusExecution] f21bbc8d-50f0-4b1e-afa6-c560792baa58 [2026-04-16T07:25:58.270227] Expanding... ok (0s 6ms) (STDOUT, APP/TASK/deploy)#
#2026 04 16 07:29:46.560#Z#DEBUG#fa8cfd2f-3965-11f1-830f-eeee0a928bd8.sampleXSUAA-db-deployer#flowable-async-job-executor-thread-31598#
[PollExecuteTaskStatusExecution] f21bbc8d-50f0-4b1e-afa6-c560792baa58 [2026-04-16T07:25:58.270241] Precompiling... (STDOUT, APP/TASK/deploy)#
#2026 04 16 07:29:46.560#Z#DEBUG#fa8cfd2f-3965-11f1-830f-eeee0a928bd8.sampleXSUAA-db-deployer#flowable-async-job-executor-thread-31598#
[PollExecuteTaskStatusExecution] f21bbc8d-50f0-4b1e-afa6-c560792baa58 [2026-04-16T07:25:58.270252] Precompiling... ok (0s 0ms) (STDOUT, APP/TASK/deploy)#
#2026 04 16 07:29:46.560#Z#DEBUG#fa8cfd2f-3965-11f1-830f-eeee0a928bd8.sampleXSUAA-db-deployer#flowable-async-job-executor-thread-31598#
[PollExecuteTaskStatusExecution] f21bbc8d-50f0-4b1e-afa6-c560792baa58 [2026-04-16T07:25:58.270255] Merging... (STDOUT, APP/TASK/deploy)#
#2026 04 16 07:29:46.560#Z#DEBUG#fa8cfd2f-3965-11f1-830f-eeee0a928bd8.sampleXSUAA-db-deployer#flowable-async-job-executor-thread-31598#
[PollExecuteTaskStatusExecution] f21bbc8d-50f0-4b1e-afa6-c560792baa58 [2026-04-16T07:25:58.270337] Merging... ok (0s 0ms) (STDOUT, APP/TASK/deploy)#
#2026 04 16 07:29:46.560#Z#DEBUG#fa8cfd2f-3965-11f1-830f-eeee0a928bd8.sampleXSUAA-db-deployer#flowable-async-job-executor-thread-31598#
[PollExecuteTaskStatusExecution] f21bbc8d-50f0-4b1e-afa6-c560792baa58 [2026-04-16T07:25:58.270341] Calculating dependencies... ok (0s 7ms) (STDOUT, APP/TASK/deploy)#
#2026 04 16 07:29:46.560#Z#DEBUG#fa8cfd2f-3965-11f1-830f-eeee0a928bd8.sampleXSUAA-db-deployer#flowable-async-job-executor-thread-31598#
[PollExecuteTaskStatusExecution] f21bbc8d-50f0-4b1e-afa6-c560792baa58 [2026-04-16T07:25:58.270344] No make necessary (STDOUT, APP/TASK/deploy)#
#2026 04 16 07:29:46.560#Z#DEBUG#fa8cfd2f-3965-11f1-830f-eeee0a928bd8.sampleXSUAA-db-deployer#flowable-async-job-executor-thread-31598#
[PollExecuteTaskStatusExecution] f21bbc8d-50f0-4b1e-afa6-c560792baa58 [2026-04-16T07:25:58.270346] Making... ok (0s 42ms) (STDOUT, APP/TASK/deploy)#
#2026 04 16 07:29:46.560#Z#DEBUG#fa8cfd2f-3965-11f1-830f-eeee0a928bd8.sampleXSUAA-db-deployer#flowable-async-job-executor-thread-31598#
[PollExecuteTaskStatusExecution] f21bbc8d-50f0-4b1e-afa6-c560792baa58 [2026-04-16T07:25:58.270350] Enabling table replication for the container schema "F3F37BBE6A554503951E9BA9F0961A85"... (STDOUT, APP/TASK/deploy)#
#2026 04 16 07:29:46.560#Z#DEBUG#fa8cfd2f-3965-11f1-830f-eeee0a928bd8.sampleXSUAA-db-deployer#flowable-async-job-executor-thread-31598#
[PollExecuteTaskStatusExecution] f21bbc8d-50f0-4b1e-afa6-c560792baa58 [2026-04-16T07:25:58.270354] Enabling table replication for the container schema "F3F37BBE6A554503951E9BA9F0961A85"... ok (0s 8ms) (STDOUT, APP/TASK/deploy)#
#2026 04 16 07:29:46.560#Z#DEBUG#fa8cfd2f-3965-11f1-830f-eeee0a928bd8.sampleXSUAA-db-deployer#flowable-async-job-executor-thread-31598#
[PollExecuteTaskStatusExecution] f21bbc8d-50f0-4b1e-afa6-c560792baa58 [2026-04-16T07:25:58.270371] Starting make in the container "F3F37BBE6A554503951E9BA9F0961A85" with 0 files to deploy, 0 files to undeploy... ok (0s 74ms) (STDOUT, APP/TASK/deploy)#
#2026 04 16 07:29:46.560#Z#DEBUG#fa8cfd2f-3965-11f1-830f-eeee0a928bd8.sampleXSUAA-db-deployer#flowable-async-job-executor-thread-31598#
[PollExecuteTaskStatusExecution] f21bbc8d-50f0-4b1e-afa6-c560792baa58 [2026-04-16T07:25:58.270802] Deploying to the container "F3F37BBE6A554503951E9BA9F0961A85"... ok (0s 270ms) (STDOUT, APP/TASK/deploy)#
#2026 04 16 07:29:46.560#Z#DEBUG#fa8cfd2f-3965-11f1-830f-eeee0a928bd8.sampleXSUAA-db-deployer#flowable-async-job-executor-thread-31598#
[PollExecuteTaskStatusExecution] f21bbc8d-50f0-4b1e-afa6-c560792baa58 [2026-04-16T07:25:58.271105] No default-access-role handling needed; global role "F3F37BBE6A554503951E9BA9F0961A85::access_role" will not be adapted (STDOUT, APP/TASK/deploy)#
#2026 04 16 07:29:46.560#Z#DEBUG#fa8cfd2f-3965-11f1-830f-eeee0a928bd8.sampleXSUAA-db-deployer#flowable-async-job-executor-thread-31598#
[PollExecuteTaskStatusExecution] f21bbc8d-50f0-4b1e-afa6-c560792baa58 [2026-04-16T07:25:58.271186] Unlocking the container "F3F37BBE6A554503951E9BA9F0961A85"... (STDOUT, APP/TASK/deploy)#
#2026 04 16 07:29:46.560#Z#DEBUG#fa8cfd2f-3965-11f1-830f-eeee0a928bd8.sampleXSUAA-db-deployer#flowable-async-job-executor-thread-31598#
[PollExecuteTaskStatusExecution] f21bbc8d-50f0-4b1e-afa6-c560792baa58 [2026-04-16T07:25:58.271558] Unlocking the container "F3F37BBE6A554503951E9BA9F0961A85"... ok (0s 0ms) (STDOUT, APP/TASK/deploy)#
#2026 04 16 07:29:46.560#Z#DEBUG#fa8cfd2f-3965-11f1-830f-eeee0a928bd8.sampleXSUAA-db-deployer#flowable-async-job-executor-thread-31598#
[PollExecuteTaskStatusExecution] f21bbc8d-50f0-4b1e-afa6-c560792baa58 [2026-04-16T07:25:58.271640] Deployment to container F3F37BBE6A554503951E9BA9F0961A85 done [Deployment ID: none]. (STDOUT, APP/TASK/deploy)#
#2026 04 16 07:29:46.560#Z#DEBUG#fa8cfd2f-3965-11f1-830f-eeee0a928bd8.sampleXSUAA-db-deployer#flowable-async-job-executor-thread-31598#
[PollExecuteTaskStatusExecution] f21bbc8d-50f0-4b1e-afa6-c560792baa58 [2026-04-16T07:25:58.272137] Deployment ended at 2026-04-16 07:25:58 (STDOUT, APP/TASK/deploy)#
#2026 04 16 07:29:46.560#Z#DEBUG#fa8cfd2f-3965-11f1-830f-eeee0a928bd8.sampleXSUAA-db-deployer#flowable-async-job-executor-thread-31598#
[PollExecuteTaskStatusExecution] f21bbc8d-50f0-4b1e-afa6-c560792baa58 [2026-04-16T07:25:58.272534] (1s 704ms) (STDOUT, APP/TASK/deploy)#
#2026 04 16 07:29:46.560#Z#DEBUG#fa8cfd2f-3965-11f1-830f-eeee0a928bd8.sampleXSUAA-db-deployer#flowable-async-job-executor-thread-31598#
[PollExecuteTaskStatusExecution] f21bbc8d-50f0-4b1e-afa6-c560792baa58 [2026-04-16T07:25:58.288356] npm notice (STDERR, APP/TASK/deploy)#
#2026 04 16 07:29:46.560#Z#DEBUG#fa8cfd2f-3965-11f1-830f-eeee0a928bd8.sampleXSUAA-db-deployer#flowable-async-job-executor-thread-31598#
[PollExecuteTaskStatusExecution] f21bbc8d-50f0-4b1e-afa6-c560792baa58 [2026-04-16T07:25:58.288375] npm notice New minor version of npm available! 11.6.2 -> 11.12.1 (STDERR, APP/TASK/deploy)#
#2026 04 16 07:29:46.560#Z#DEBUG#fa8cfd2f-3965-11f1-830f-eeee0a928bd8.sampleXSUAA-db-deployer#flowable-async-job-executor-thread-31598#
[PollExecuteTaskStatusExecution] f21bbc8d-50f0-4b1e-afa6-c560792baa58 [2026-04-16T07:25:58.288382] npm notice Changelog: https://github.com/npm/cli/releases/tag/v11.12.1 (STDERR, APP/TASK/deploy)#
#2026 04 16 07:29:46.560#Z#DEBUG#fa8cfd2f-3965-11f1-830f-eeee0a928bd8.sampleXSUAA-db-deployer#flowable-async-job-executor-thread-31598#
[PollExecuteTaskStatusExecution] f21bbc8d-50f0-4b1e-afa6-c560792baa58 [2026-04-16T07:25:58.288384] npm notice To update run: npm install -g npm@11.12.1 (STDERR, APP/TASK/deploy)#
#2026 04 16 07:29:46.560#Z#DEBUG#fa8cfd2f-3965-11f1-830f-eeee0a928bd8.sampleXSUAA-db-deployer#flowable-async-job-executor-thread-31598#
[PollExecuteTaskStatusExecution] f21bbc8d-50f0-4b1e-afa6-c560792baa58 [2026-04-16T07:25:58.288385] npm notice (STDERR, APP/TASK/deploy)#
#2026 04 16 07:29:46.560#Z#DEBUG#fa8cfd2f-3965-11f1-830f-eeee0a928bd8.sampleXSUAA-db-deployer#flowable-async-job-executor-thread-31598#
[PollExecuteTaskStatusExecution] f21bbc8d-50f0-4b1e-afa6-c560792baa58 [2026-04-16T07:25:58.371951] Exit status 0 (STDOUT, APP/TASK/deploy)#
#2026 04 16 07:29:46.560#Z#DEBUG#fa8cfd2f-3965-11f1-830f-eeee0a928bd8.sampleXSUAA-db-deployer#flowable-async-job-executor-thread-31598#
[PollExecuteTaskStatusExecution] f21bbc8d-50f0-4b1e-afa6-c560792baa58 [2026-04-16T07:25:58.697997] Cell c839c7b1-088e-41af-b9b7-66256aacd457 stopping instance efc35eb6-1eae-4643-aa4e-76aa68c84bf7 (STDOUT, CELL)#
#2026 04 16 07:29:46.560#Z#DEBUG#fa8cfd2f-3965-11f1-830f-eeee0a928bd8.sampleXSUAA-db-deployer#flowable-async-job-executor-thread-31598#
[PollExecuteTaskStatusExecution] f21bbc8d-50f0-4b1e-afa6-c560792baa58 [2026-04-16T07:25:58.698037] Cell c839c7b1-088e-41af-b9b7-66256aacd457 destroying container for instance efc35eb6-1eae-4643-aa4e-76aa68c84bf7 (STDOUT, CELL)#
#2026 04 16 07:29:46.560#Z#DEBUG#fa8cfd2f-3965-11f1-830f-eeee0a928bd8.sampleXSUAA-db-deployer#flowable-async-job-executor-thread-31598#
[PollExecuteTaskStatusExecution] f21bbc8d-50f0-4b1e-afa6-c560792baa58 [2026-04-16T07:26:01.496528] Cell c839c7b1-088e-41af-b9b7-66256aacd457 successfully destroyed container for instance efc35eb6-1eae-4643-aa4e-76aa68c84bf7 (STDOUT, CELL)#
#2026 04 16 07:29:46.560#Z#DEBUG#fa8cfd2f-3965-11f1-830f-eeee0a928bd8.sampleXSUAA-db-deployer#flowable-async-job-executor-thread-31598#
[PollExecuteTaskStatusExecution] f21bbc8d-50f0-4b1e-afa6-c560792baa58 [2026-04-16T07:29:37.146257] Updated app with guid f21bbc8d-50f0-4b1e-afa6-c560792baa58 ({"lifecycle"=>{"data"=>{"buildpacks"=>["nodejs_buildpack"]}, "type"=>"buildpack"}}) (STDOUT, API)#
#2026 04 16 07:29:46.560#Z#DEBUG#fa8cfd2f-3965-11f1-830f-eeee0a928bd8.sampleXSUAA-db-deployer#flowable-async-job-executor-thread-31598#
[PollExecuteTaskStatusExecution] f21bbc8d-50f0-4b1e-afa6-c560792baa58 [2026-04-16T07:29:37.239633] Updating process: "web" (STDOUT, API)#
#2026 04 16 07:29:46.560#Z#DEBUG#fa8cfd2f-3965-11f1-830f-eeee0a928bd8.sampleXSUAA-db-deployer#flowable-async-job-executor-thread-31598#
[PollExecuteTaskStatusExecution] f21bbc8d-50f0-4b1e-afa6-c560792baa58 [2026-04-16T07:29:39.278820] Cell d1cc041a-d5a1-41d6-b9f6-6cda736ce3f0 creating container for instance 7bf5565a-cbe9-4e74-8238-2104e09ecec9 (STDOUT, CELL)#
#2026 04 16 07:29:46.560#Z#DEBUG#fa8cfd2f-3965-11f1-830f-eeee0a928bd8.sampleXSUAA-db-deployer#flowable-async-job-executor-thread-31598#
[PollExecuteTaskStatusExecution] f21bbc8d-50f0-4b1e-afa6-c560792baa58 [2026-04-16T07:29:40.027484] Security group rules were updated (STDOUT, CELL)#
#2026 04 16 07:29:46.560#Z#DEBUG#fa8cfd2f-3965-11f1-830f-eeee0a928bd8.sampleXSUAA-db-deployer#flowable-async-job-executor-thread-31598#
[PollExecuteTaskStatusExecution] f21bbc8d-50f0-4b1e-afa6-c560792baa58 [2026-04-16T07:29:40.118652] Cell d1cc041a-d5a1-41d6-b9f6-6cda736ce3f0 successfully created container for instance 7bf5565a-cbe9-4e74-8238-2104e09ecec9 (STDOUT, CELL)#
#2026 04 16 07:29:46.560#Z#DEBUG#fa8cfd2f-3965-11f1-830f-eeee0a928bd8.sampleXSUAA-db-deployer#flowable-async-job-executor-thread-31598#
[PollExecuteTaskStatusExecution] f21bbc8d-50f0-4b1e-afa6-c560792baa58 [2026-04-16T07:29:44.868414] Invoking pre-start scripts. (STDOUT, APP/TASK/deploy)#
#2026 04 16 07:29:46.560#Z#DEBUG#fa8cfd2f-3965-11f1-830f-eeee0a928bd8.sampleXSUAA-db-deployer#flowable-async-job-executor-thread-31598#
[PollExecuteTaskStatusExecution] f21bbc8d-50f0-4b1e-afa6-c560792baa58 [2026-04-16T07:29:45.100292] Invoking start command. (STDOUT, APP/TASK/deploy)#
#2026 04 16 07:29:46.560#Z#DEBUG#fa8cfd2f-3965-11f1-830f-eeee0a928bd8.sampleXSUAA-db-deployer#flowable-async-job-executor-thread-31598#
[PollExecuteTaskStatusExecution] f21bbc8d-50f0-4b1e-afa6-c560792baa58 [2026-04-16T07:29:45.557405] > start (STDOUT, APP/TASK/deploy)#
#2026 04 16 07:29:46.560#Z#DEBUG#fa8cfd2f-3965-11f1-830f-eeee0a928bd8.sampleXSUAA-db-deployer#flowable-async-job-executor-thread-31598#
[PollExecuteTaskStatusExecution] f21bbc8d-50f0-4b1e-afa6-c560792baa58 [2026-04-16T07:29:45.557429] > node node_modules/@sap/hdi-deploy/deploy.js --use-hdb --parameter com.sap.hana.di.table/try_fast_table_migration=true (STDOUT, APP/TASK/deploy)#
#2026 04 16 07:29:46.560#Z#DEBUG#fa8cfd2f-3965-11f1-830f-eeee0a928bd8.sampleXSUAA-db-deployer#flowable-async-job-executor-thread-31598#
[PollExecuteTaskStatusExecution] f21bbc8d-50f0-4b1e-afa6-c560792baa58 [2026-04-16T07:29:45.721392] VCAP_SERVICES: (STDOUT, APP/TASK/deploy)#
#2026 04 16 07:29:46.560#Z#DEBUG#fa8cfd2f-3965-11f1-830f-eeee0a928bd8.sampleXSUAA-db-deployer#flowable-async-job-executor-thread-31598#
[PollExecuteTaskStatusExecution] f21bbc8d-50f0-4b1e-afa6-c560792baa58 [2026-04-16T07:29:45.721632] { (STDOUT, APP/TASK/deploy)#
#2026 04 16 07:29:46.560#Z#DEBUG#fa8cfd2f-3965-11f1-830f-eeee0a928bd8.sampleXSUAA-db-deployer#flowable-async-job-executor-thread-31598#
[PollExecuteTaskStatusExecution] f21bbc8d-50f0-4b1e-afa6-c560792baa58 [2026-04-16T07:29:45.721655] "hana": [ (STDOUT, APP/TASK/deploy)#
#2026 04 16 07:29:46.560#Z#DEBUG#fa8cfd2f-3965-11f1-830f-eeee0a928bd8.sampleXSUAA-db-deployer#flowable-async-job-executor-thread-31598#
[PollExecuteTaskStatusExecution] f21bbc8d-50f0-4b1e-afa6-c560792baa58 [2026-04-16T07:29:45.721667] { (STDOUT, APP/TASK/deploy)#
#2026 04 16 07:29:46.560#Z#DEBUG#fa8cfd2f-3965-11f1-830f-eeee0a928bd8.sampleXSUAA-db-deployer#flowable-async-job-executor-thread-31598#
[PollExecuteTaskStatusExecution] f21bbc8d-50f0-4b1e-afa6-c560792baa58 [2026-04-16T07:29:45.721671] "name": "sampleXSUAA-db", (STDOUT, APP/TASK/deploy)#
#2026 04 16 07:29:46.560#Z#DEBUG#fa8cfd2f-3965-11f1-830f-eeee0a928bd8.sampleXSUAA-db-deployer#flowable-async-job-executor-thread-31598#
[PollExecuteTaskStatusExecution] f21bbc8d-50f0-4b1e-afa6-c560792baa58 [2026-04-16T07:29:45.721674] "label": "hana", (STDOUT, APP/TASK/deploy)#
#2026 04 16 07:29:46.560#Z#DEBUG#fa8cfd2f-3965-11f1-830f-eeee0a928bd8.sampleXSUAA-db-deployer#flowable-async-job-executor-thread-31598#
[PollExecuteTaskStatusExecution] f21bbc8d-50f0-4b1e-afa6-c560792baa58 [2026-04-16T07:29:45.721676] "plan": "hdi-shared", (STDOUT, APP/TASK/deploy)#
#2026 04 16 07:29:46.560#Z#DEBUG#fa8cfd2f-3965-11f1-830f-eeee0a928bd8.sampleXSUAA-db-deployer#flowable-async-job-executor-thread-31598#
[PollExecuteTaskStatusExecution] f21bbc8d-50f0-4b1e-afa6-c560792baa58 [2026-04-16T07:29:45.721679] "credentials": { (STDOUT, APP/TASK/deploy)#
#2026 04 16 07:29:46.560#Z#DEBUG#fa8cfd2f-3965-11f1-830f-eeee0a928bd8.sampleXSUAA-db-deployer#flowable-async-job-executor-thread-31598#
[PollExecuteTaskStatusExecution] f21bbc8d-50f0-4b1e-afa6-c560792baa58 [2026-04-16T07:29:45.721683] "schema": "F3F37BBE6A554503951E9BA9F0961A85", (STDOUT, APP/TASK/deploy)#
#2026 04 16 07:29:46.560#Z#DEBUG#fa8cfd2f-3965-11f1-830f-eeee0a928bd8.sampleXSUAA-db-deployer#flowable-async-job-executor-thread-31598#
[PollExecuteTaskStatusExecution] f21bbc8d-50f0-4b1e-afa6-c560792baa58 [2026-04-16T07:29:45.721713] "database_id": "8caed5d2-1e6d-4f35-aacd-591f0ecaa81b", (STDOUT, APP/TASK/deploy)#
#2026 04 16 07:29:46.560#Z#DEBUG#fa8cfd2f-3965-11f1-830f-eeee0a928bd8.sampleXSUAA-db-deployer#flowable-async-job-executor-thread-31598#
[PollExecuteTaskStatusExecution] f21bbc8d-50f0-4b1e-afa6-c560792baa58 [2026-04-16T07:29:45.721725] "user": "F3F37BBE6A554503951E9BA9F0961A85_85SZCDDH55P5UPHXGKV3W4Q64_RT", (STDOUT, APP/TASK/deploy)#
#2026 04 16 07:29:46.560#Z#DEBUG#fa8cfd2f-3965-11f1-830f-eeee0a928bd8.sampleXSUAA-db-deployer#flowable-async-job-executor-thread-31598#
[PollExecuteTaskStatusExecution] f21bbc8d-50f0-4b1e-afa6-c560792baa58 [2026-04-16T07:29:45.721730] "hdi_user": "F3F37BBE6A554503951E9BA9F0961A85_85SZCDDH55P5UPHXGKV3W4Q64_DT" (STDOUT, APP/TASK/deploy)#
#2026 04 16 07:29:46.560#Z#DEBUG#fa8cfd2f-3965-11f1-830f-eeee0a928bd8.sampleXSUAA-db-deployer#flowable-async-job-executor-thread-31598#
[PollExecuteTaskStatusExecution] f21bbc8d-50f0-4b1e-afa6-c560792baa58 [2026-04-16T07:29:45.721732] }, (STDOUT, APP/TASK/deploy)#
#2026 04 16 07:29:46.560#Z#DEBUG#fa8cfd2f-3965-11f1-830f-eeee0a928bd8.sampleXSUAA-db-deployer#flowable-async-job-executor-thread-31598#
[PollExecuteTaskStatusExecution] f21bbc8d-50f0-4b1e-afa6-c560792baa58 [2026-04-16T07:29:45.721735] "tags": [ (STDOUT, APP/TASK/deploy)#
#2026 04 16 07:29:46.560#Z#DEBUG#fa8cfd2f-3965-11f1-830f-eeee0a928bd8.sampleXSUAA-db-deployer#flowable-async-job-executor-thread-31598#
[PollExecuteTaskStatusExecution] f21bbc8d-50f0-4b1e-afa6-c560792baa58 [2026-04-16T07:29:45.721737] "hana", (STDOUT, APP/TASK/deploy)#
#2026 04 16 07:29:46.560#Z#DEBUG#fa8cfd2f-3965-11f1-830f-eeee0a928bd8.sampleXSUAA-db-deployer#flowable-async-job-executor-thread-31598#
[PollExecuteTaskStatusExecution] f21bbc8d-50f0-4b1e-afa6-c560792baa58 [2026-04-16T07:29:45.721740] "database", (STDOUT, APP/TASK/deploy)#
#2026 04 16 07:29:46.560#Z#DEBUG#fa8cfd2f-3965-11f1-830f-eeee0a928bd8.sampleXSUAA-db-deployer#flowable-async-job-executor-thread-31598#
[PollExecuteTaskStatusExecution] f21bbc8d-50f0-4b1e-afa6-c560792baa58 [2026-04-16T07:29:45.721742] "relational" (STDOUT, APP/TASK/deploy)#
#2026 04 16 07:29:46.560#Z#DEBUG#fa8cfd2f-3965-11f1-830f-eeee0a928bd8.sampleXSUAA-db-deployer#flowable-async-job-executor-thread-31598#
[PollExecuteTaskStatusExecution] f21bbc8d-50f0-4b1e-afa6-c560792baa58 [2026-04-16T07:29:45.721748] ] (STDOUT, APP/TASK/deploy)#
#2026 04 16 07:29:46.560#Z#DEBUG#fa8cfd2f-3965-11f1-830f-eeee0a928bd8.sampleXSUAA-db-deployer#flowable-async-job-executor-thread-31598#
[PollExecuteTaskStatusExecution] f21bbc8d-50f0-4b1e-afa6-c560792baa58 [2026-04-16T07:29:45.721751] } (STDOUT, APP/TASK/deploy)#
#2026 04 16 07:29:46.560#Z#DEBUG#fa8cfd2f-3965-11f1-830f-eeee0a928bd8.sampleXSUAA-db-deployer#flowable-async-job-executor-thread-31598#
[PollExecuteTaskStatusExecution] f21bbc8d-50f0-4b1e-afa6-c560792baa58 [2026-04-16T07:29:45.721802] ] (STDOUT, APP/TASK/deploy)#
#2026 04 16 07:29:46.560#Z#DEBUG#fa8cfd2f-3965-11f1-830f-eeee0a928bd8.sampleXSUAA-db-deployer#flowable-async-job-executor-thread-31598#
[PollExecuteTaskStatusExecution] f21bbc8d-50f0-4b1e-afa6-c560792baa58 [2026-04-16T07:29:45.721804] } (STDOUT, APP/TASK/deploy)#
#2026 04 16 07:29:56.639#Z#DEBUG#fa8cfd2f-3965-11f1-830f-eeee0a928bd8.sampleXSUAA-db-deployer#flowable-async-job-executor-thread-18111#
[PollExecuteTaskStatusExecution] f21bbc8d-50f0-4b1e-afa6-c560792baa58 [2026-04-16T07:29:46.085035] @sap/hdi-deploy, version 5.6.1 (mode default), server version 4.00.000.00.1770107678 (4.0.0.0), cloud version 2025.40.12, node version 24.13.0, HDI version 1016, container API version 1007 (STDOUT, APP/TASK/deploy)#
#2026 04 16 07:29:56.639#Z#DEBUG#fa8cfd2f-3965-11f1-830f-eeee0a928bd8.sampleXSUAA-db-deployer#flowable-async-job-executor-thread-18111#
[PollExecuteTaskStatusExecution] f21bbc8d-50f0-4b1e-afa6-c560792baa58 [2026-04-16T07:29:46.085283] Deployment started at 2026-04-16 07:29:46 (STDOUT, APP/TASK/deploy)#
#2026 04 16 07:29:56.639#Z#DEBUG#fa8cfd2f-3965-11f1-830f-eeee0a928bd8.sampleXSUAA-db-deployer#flowable-async-job-executor-thread-18111#
[PollExecuteTaskStatusExecution] f21bbc8d-50f0-4b1e-afa6-c560792baa58 [2026-04-16T07:29:46.085525] Using hdb@2.27.1 for connection (STDOUT, APP/TASK/deploy)#
#2026 04 16 07:29:56.639#Z#DEBUG#fa8cfd2f-3965-11f1-830f-eeee0a928bd8.sampleXSUAA-db-deployer#flowable-async-job-executor-thread-18111#
[PollExecuteTaskStatusExecution] f21bbc8d-50f0-4b1e-afa6-c560792baa58 [2026-04-16T07:29:46.108878] No ignore file at /home/vcap/app/.hdiignore. (STDOUT, APP/TASK/deploy)#
#2026 04 16 07:29:56.639#Z#DEBUG#fa8cfd2f-3965-11f1-830f-eeee0a928bd8.sampleXSUAA-db-deployer#flowable-async-job-executor-thread-18111#
[PollExecuteTaskStatusExecution] f21bbc8d-50f0-4b1e-afa6-c560792baa58 [2026-04-16T07:29:46.109472] Collecting files... (STDOUT, APP/TASK/deploy)#
#2026 04 16 07:29:56.639#Z#DEBUG#fa8cfd2f-3965-11f1-830f-eeee0a928bd8.sampleXSUAA-db-deployer#flowable-async-job-executor-thread-18111#
[PollExecuteTaskStatusExecution] f21bbc8d-50f0-4b1e-afa6-c560792baa58 [2026-04-16T07:29:46.114066] Collecting files... ok (0s 4ms) (STDOUT, APP/TASK/deploy)#
#2026 04 16 07:29:56.639#Z#DEBUG#fa8cfd2f-3965-11f1-830f-eeee0a928bd8.sampleXSUAA-db-deployer#flowable-async-job-executor-thread-18111#
[PollExecuteTaskStatusExecution] f21bbc8d-50f0-4b1e-afa6-c560792baa58 [2026-04-16T07:29:46.114126] 2 directories collected (STDOUT, APP/TASK/deploy)#
#2026 04 16 07:29:56.639#Z#DEBUG#fa8cfd2f-3965-11f1-830f-eeee0a928bd8.sampleXSUAA-db-deployer#flowable-async-job-executor-thread-18111#
[PollExecuteTaskStatusExecution] f21bbc8d-50f0-4b1e-afa6-c560792baa58 [2026-04-16T07:29:46.114188] 7 files collected (STDOUT, APP/TASK/deploy)#
#2026 04 16 07:29:56.639#Z#DEBUG#fa8cfd2f-3965-11f1-830f-eeee0a928bd8.sampleXSUAA-db-deployer#flowable-async-job-executor-thread-18111#
[PollExecuteTaskStatusExecution] f21bbc8d-50f0-4b1e-afa6-c560792baa58 [2026-04-16T07:29:46.114231] 0 reusable modules collected (STDOUT, APP/TASK/deploy)#
#2026 04 16 07:29:56.639#Z#DEBUG#fa8cfd2f-3965-11f1-830f-eeee0a928bd8.sampleXSUAA-db-deployer#flowable-async-job-executor-thread-18111#
[PollExecuteTaskStatusExecution] f21bbc8d-50f0-4b1e-afa6-c560792baa58 [2026-04-16T07:29:46.114279] Target service: sampleXSUAA-db (STDOUT, APP/TASK/deploy)#
#2026 04 16 07:29:56.640#Z#DEBUG#fa8cfd2f-3965-11f1-830f-eeee0a928bd8.sampleXSUAA-db-deployer#flowable-async-job-executor-thread-18111#
[PollExecuteTaskStatusExecution] f21bbc8d-50f0-4b1e-afa6-c560792baa58 [2026-04-16T07:29:46.256409] Previous build with request ID 1552 finished at 2026-04-16T07:25:58.231 with status Rolled back and message: Starting make in the container "F3F37BBE6A554503951E9BA9F0961A85" with 0 files to deploy, 0 files to undeploy... ok. (STDOUT, APP/TASK/deploy)#
#2026 04 16 07:29:56.640#Z#DEBUG#fa8cfd2f-3965-11f1-830f-eeee0a928bd8.sampleXSUAA-db-deployer#flowable-async-job-executor-thread-18111#
[PollExecuteTaskStatusExecution] f21bbc8d-50f0-4b1e-afa6-c560792baa58 [2026-04-16T07:29:46.256602] Processing revoke files... (STDOUT, APP/TASK/deploy)#
#2026 04 16 07:29:56.640#Z#DEBUG#fa8cfd2f-3965-11f1-830f-eeee0a928bd8.sampleXSUAA-db-deployer#flowable-async-job-executor-thread-18111#
[PollExecuteTaskStatusExecution] f21bbc8d-50f0-4b1e-afa6-c560792baa58 [2026-04-16T07:29:46.256812] Processing revoke files... ok (0s 0ms) (STDOUT, APP/TASK/deploy)#
#2026 04 16 07:29:56.640#Z#DEBUG#fa8cfd2f-3965-11f1-830f-eeee0a928bd8.sampleXSUAA-db-deployer#flowable-async-job-executor-thread-18111#
[PollExecuteTaskStatusExecution] f21bbc8d-50f0-4b1e-afa6-c560792baa58 [2026-04-16T07:29:46.257037] Processing grants files... (STDOUT, APP/TASK/deploy)#
#2026 04 16 07:29:56.640#Z#DEBUG#fa8cfd2f-3965-11f1-830f-eeee0a928bd8.sampleXSUAA-db-deployer#flowable-async-job-executor-thread-18111#
[PollExecuteTaskStatusExecution] f21bbc8d-50f0-4b1e-afa6-c560792baa58 [2026-04-16T07:29:46.257220] Processing grants files... ok (0s 0ms) (STDOUT, APP/TASK/deploy)#
#2026 04 16 07:29:56.640#Z#DEBUG#fa8cfd2f-3965-11f1-830f-eeee0a928bd8.sampleXSUAA-db-deployer#flowable-async-job-executor-thread-18111#
[PollExecuteTaskStatusExecution] f21bbc8d-50f0-4b1e-afa6-c560792baa58 [2026-04-16T07:29:46.259727] Preprocessing files... (STDOUT, APP/TASK/deploy)#
#2026 04 16 07:29:56.640#Z#DEBUG#fa8cfd2f-3965-11f1-830f-eeee0a928bd8.sampleXSUAA-db-deployer#flowable-async-job-executor-thread-18111#
[PollExecuteTaskStatusExecution] f21bbc8d-50f0-4b1e-afa6-c560792baa58 [2026-04-16T07:29:46.260103] Preprocessing files... ok (0s 0ms) (STDOUT, APP/TASK/deploy)#
#2026 04 16 07:29:56.640#Z#DEBUG#fa8cfd2f-3965-11f1-830f-eeee0a928bd8.sampleXSUAA-db-deployer#flowable-async-job-executor-thread-18111#
[PollExecuteTaskStatusExecution] f21bbc8d-50f0-4b1e-afa6-c560792baa58 [2026-04-16T07:29:46.260310] Connecting to the container "F3F37BBE6A554503951E9BA9F0961A85"... (STDOUT, APP/TASK/deploy)#
#2026 04 16 07:29:56.640#Z#DEBUG#fa8cfd2f-3965-11f1-830f-eeee0a928bd8.sampleXSUAA-db-deployer#flowable-async-job-executor-thread-18111#
[PollExecuteTaskStatusExecution] f21bbc8d-50f0-4b1e-afa6-c560792baa58 [2026-04-16T07:29:46.321293] Connecting to the container "F3F37BBE6A554503951E9BA9F0961A85"... ok (0s 61ms) (STDOUT, APP/TASK/deploy)#
#2026 04 16 07:29:56.640#Z#DEBUG#fa8cfd2f-3965-11f1-830f-eeee0a928bd8.sampleXSUAA-db-deployer#flowable-async-job-executor-thread-18111#
[PollExecuteTaskStatusExecution] f21bbc8d-50f0-4b1e-afa6-c560792baa58 [2026-04-16T07:29:46.321396] Locking the container "F3F37BBE6A554503951E9BA9F0961A85"... (STDOUT, APP/TASK/deploy)#
#2026 04 16 07:29:56.640#Z#DEBUG#fa8cfd2f-3965-11f1-830f-eeee0a928bd8.sampleXSUAA-db-deployer#flowable-async-job-executor-thread-18111#
[PollExecuteTaskStatusExecution] f21bbc8d-50f0-4b1e-afa6-c560792baa58 [2026-04-16T07:29:46.442878] Locking the container "F3F37BBE6A554503951E9BA9F0961A85"... ok (0s 122ms) (STDOUT, APP/TASK/deploy)#
#2026 04 16 07:29:56.640#Z#DEBUG#fa8cfd2f-3965-11f1-830f-eeee0a928bd8.sampleXSUAA-db-deployer#flowable-async-job-executor-thread-18111#
[PollExecuteTaskStatusExecution] f21bbc8d-50f0-4b1e-afa6-c560792baa58 [2026-04-16T07:29:46.443065] Synchronizing files with the container "F3F37BBE6A554503951E9BA9F0961A85"... (STDOUT, APP/TASK/deploy)#
#2026 04 16 07:29:56.640#Z#DEBUG#fa8cfd2f-3965-11f1-830f-eeee0a928bd8.sampleXSUAA-db-deployer#flowable-async-job-executor-thread-18111#
[PollExecuteTaskStatusExecution] f21bbc8d-50f0-4b1e-afa6-c560792baa58 [2026-04-16T07:29:46.630106] Deleting files... (STDOUT, APP/TASK/deploy)#
#2026 04 16 07:29:56.640#Z#DEBUG#fa8cfd2f-3965-11f1-830f-eeee0a928bd8.sampleXSUAA-db-deployer#flowable-async-job-executor-thread-18111#
[PollExecuteTaskStatusExecution] f21bbc8d-50f0-4b1e-afa6-c560792baa58 [2026-04-16T07:29:46.764847] Deleting files... ok (STDOUT, APP/TASK/deploy)#
#2026 04 16 07:29:56.640#Z#DEBUG#fa8cfd2f-3965-11f1-830f-eeee0a928bd8.sampleXSUAA-db-deployer#flowable-async-job-executor-thread-18111#
[PollExecuteTaskStatusExecution] f21bbc8d-50f0-4b1e-afa6-c560792baa58 [2026-04-16T07:29:46.764871] Writing files... (STDOUT, APP/TASK/deploy)#
#2026 04 16 07:29:56.640#Z#DEBUG#fa8cfd2f-3965-11f1-830f-eeee0a928bd8.sampleXSUAA-db-deployer#flowable-async-job-executor-thread-18111#
[PollExecuteTaskStatusExecution] f21bbc8d-50f0-4b1e-afa6-c560792baa58 [2026-04-16T07:29:46.765241] Writing 2 items (STDOUT, APP/TASK/deploy)#
#2026 04 16 07:29:56.640#Z#DEBUG#fa8cfd2f-3965-11f1-830f-eeee0a928bd8.sampleXSUAA-db-deployer#flowable-async-job-executor-thread-18111#
[PollExecuteTaskStatusExecution] f21bbc8d-50f0-4b1e-afa6-c560792baa58 [2026-04-16T07:29:46.908253] Writing files... ok (STDOUT, APP/TASK/deploy)#
#2026 04 16 07:29:56.640#Z#DEBUG#fa8cfd2f-3965-11f1-830f-eeee0a928bd8.sampleXSUAA-db-deployer#flowable-async-job-executor-thread-18111#
[PollExecuteTaskStatusExecution] f21bbc8d-50f0-4b1e-afa6-c560792baa58 [2026-04-16T07:29:46.908414] Synchronizing files with the container "F3F37BBE6A554503951E9BA9F0961A85"... ok (0s 466ms) (STDOUT, APP/TASK/deploy)#
#2026 04 16 07:29:56.640#Z#DEBUG#fa8cfd2f-3965-11f1-830f-eeee0a928bd8.sampleXSUAA-db-deployer#flowable-async-job-executor-thread-18111#
[PollExecuteTaskStatusExecution] f21bbc8d-50f0-4b1e-afa6-c560792baa58 [2026-04-16T07:29:46.908755] added files: [] (STDOUT, APP/TASK/deploy)#
#2026 04 16 07:29:56.640#Z#DEBUG#fa8cfd2f-3965-11f1-830f-eeee0a928bd8.sampleXSUAA-db-deployer#flowable-async-job-executor-thread-18111#
[PollExecuteTaskStatusExecution] f21bbc8d-50f0-4b1e-afa6-c560792baa58 [2026-04-16T07:29:46.908805] modified files: [] (STDOUT, APP/TASK/deploy)#
#2026 04 16 07:29:56.640#Z#DEBUG#fa8cfd2f-3965-11f1-830f-eeee0a928bd8.sampleXSUAA-db-deployer#flowable-async-job-executor-thread-18111#
[PollExecuteTaskStatusExecution] f21bbc8d-50f0-4b1e-afa6-c560792baa58 [2026-04-16T07:29:46.908865] deleted files: [] (STDOUT, APP/TASK/deploy)#
#2026 04 16 07:29:56.640#Z#DEBUG#fa8cfd2f-3965-11f1-830f-eeee0a928bd8.sampleXSUAA-db-deployer#flowable-async-job-executor-thread-18111#
[PollExecuteTaskStatusExecution] f21bbc8d-50f0-4b1e-afa6-c560792baa58 [2026-04-16T07:29:46.908934] 0 modified or added files are scheduled for deploy based on delta detection (STDOUT, APP/TASK/deploy)#
#2026 04 16 07:29:56.640#Z#DEBUG#fa8cfd2f-3965-11f1-830f-eeee0a928bd8.sampleXSUAA-db-deployer#flowable-async-job-executor-thread-18111#
[PollExecuteTaskStatusExecution] f21bbc8d-50f0-4b1e-afa6-c560792baa58 [2026-04-16T07:29:46.909459] 0 deleted files are scheduled for undeploy based on delta detection (filtered by undeploy allowlist) (STDOUT, APP/TASK/deploy)#
#2026 04 16 07:29:56.640#Z#DEBUG#fa8cfd2f-3965-11f1-830f-eeee0a928bd8.sampleXSUAA-db-deployer#flowable-async-job-executor-thread-18111#
[PollExecuteTaskStatusExecution] f21bbc8d-50f0-4b1e-afa6-c560792baa58 [2026-04-16T07:29:46.909576] 0 files are scheduled for deploy based on explicit specification (STDOUT, APP/TASK/deploy)#
#2026 04 16 07:29:56.640#Z#DEBUG#fa8cfd2f-3965-11f1-830f-eeee0a928bd8.sampleXSUAA-db-deployer#flowable-async-job-executor-thread-18111#
[PollExecuteTaskStatusExecution] f21bbc8d-50f0-4b1e-afa6-c560792baa58 [2026-04-16T07:29:46.909619] 0 files are scheduled for undeploy based on explicit specification (STDOUT, APP/TASK/deploy)#
#2026 04 16 07:29:56.640#Z#DEBUG#fa8cfd2f-3965-11f1-830f-eeee0a928bd8.sampleXSUAA-db-deployer#flowable-async-job-executor-thread-18111#
[PollExecuteTaskStatusExecution] f21bbc8d-50f0-4b1e-afa6-c560792baa58 [2026-04-16T07:29:46.909670] Deploying to the container "F3F37BBE6A554503951E9BA9F0961A85"... (STDOUT, APP/TASK/deploy)#
#2026 04 16 07:29:56.640#Z#DEBUG#fa8cfd2f-3965-11f1-830f-eeee0a928bd8.sampleXSUAA-db-deployer#flowable-async-job-executor-thread-18111#
[PollExecuteTaskStatusExecution] f21bbc8d-50f0-4b1e-afa6-c560792baa58 [2026-04-16T07:29:47.176683] Starting make in the container "F3F37BBE6A554503951E9BA9F0961A85" with 0 files to deploy, 0 files to undeploy... (STDOUT, APP/TASK/deploy)#
#2026 04 16 07:29:56.640#Z#DEBUG#fa8cfd2f-3965-11f1-830f-eeee0a928bd8.sampleXSUAA-db-deployer#flowable-async-job-executor-thread-18111#
[PollExecuteTaskStatusExecution] f21bbc8d-50f0-4b1e-afa6-c560792baa58 [2026-04-16T07:29:47.176705] Disabling table replication for the container schema "F3F37BBE6A554503951E9BA9F0961A85"... (STDOUT, APP/TASK/deploy)#
#2026 04 16 07:29:56.640#Z#DEBUG#fa8cfd2f-3965-11f1-830f-eeee0a928bd8.sampleXSUAA-db-deployer#flowable-async-job-executor-thread-18111#
[PollExecuteTaskStatusExecution] f21bbc8d-50f0-4b1e-afa6-c560792baa58 [2026-04-16T07:29:47.176709] Disabling table replication for the container schema "F3F37BBE6A554503951E9BA9F0961A85"... ok (0s 15ms) (STDOUT, APP/TASK/deploy)#
#2026 04 16 07:29:56.640#Z#DEBUG#fa8cfd2f-3965-11f1-830f-eeee0a928bd8.sampleXSUAA-db-deployer#flowable-async-job-executor-thread-18111#
[PollExecuteTaskStatusExecution] f21bbc8d-50f0-4b1e-afa6-c560792baa58 [2026-04-16T07:29:47.176725] Migrating libraries... (STDOUT, APP/TASK/deploy)#
#2026 04 16 07:29:56.640#Z#DEBUG#fa8cfd2f-3965-11f1-830f-eeee0a928bd8.sampleXSUAA-db-deployer#flowable-async-job-executor-thread-18111#
[PollExecuteTaskStatusExecution] f21bbc8d-50f0-4b1e-afa6-c560792baa58 [2026-04-16T07:29:47.176853] Migrating libraries... ok (0s 13ms) (STDOUT, APP/TASK/deploy)#
#2026 04 16 07:29:56.640#Z#DEBUG#fa8cfd2f-3965-11f1-830f-eeee0a928bd8.sampleXSUAA-db-deployer#flowable-async-job-executor-thread-18111#
[PollExecuteTaskStatusExecution] f21bbc8d-50f0-4b1e-afa6-c560792baa58 [2026-04-16T07:29:47.176871] Making... (STDOUT, APP/TASK/deploy)#
#2026 04 16 07:29:56.640#Z#DEBUG#fa8cfd2f-3965-11f1-830f-eeee0a928bd8.sampleXSUAA-db-deployer#flowable-async-job-executor-thread-18111#
[PollExecuteTaskStatusExecution] f21bbc8d-50f0-4b1e-afa6-c560792baa58 [2026-04-16T07:29:47.176873] Preparing... (STDOUT, APP/TASK/deploy)#
#2026 04 16 07:29:56.640#Z#DEBUG#fa8cfd2f-3965-11f1-830f-eeee0a928bd8.sampleXSUAA-db-deployer#flowable-async-job-executor-thread-18111#
[PollExecuteTaskStatusExecution] f21bbc8d-50f0-4b1e-afa6-c560792baa58 [2026-04-16T07:29:47.176876] Preparing... ok (0s 0ms) (STDOUT, APP/TASK/deploy)#
#2026 04 16 07:29:56.640#Z#DEBUG#fa8cfd2f-3965-11f1-830f-eeee0a928bd8.sampleXSUAA-db-deployer#flowable-async-job-executor-thread-18111#
[PollExecuteTaskStatusExecution] f21bbc8d-50f0-4b1e-afa6-c560792baa58 [2026-04-16T07:29:47.176888] Preparing the make transaction... (STDOUT, APP/TASK/deploy)#
#2026 04 16 07:29:56.640#Z#DEBUG#fa8cfd2f-3965-11f1-830f-eeee0a928bd8.sampleXSUAA-db-deployer#flowable-async-job-executor-thread-18111#
[PollExecuteTaskStatusExecution] f21bbc8d-50f0-4b1e-afa6-c560792baa58 [2026-04-16T07:29:47.177042] Preparing the make transaction... ok (0s 9ms) (STDOUT, APP/TASK/deploy)#
#2026 04 16 07:29:56.640#Z#DEBUG#fa8cfd2f-3965-11f1-830f-eeee0a928bd8.sampleXSUAA-db-deployer#flowable-async-job-executor-thread-18111#
[PollExecuteTaskStatusExecution] f21bbc8d-50f0-4b1e-afa6-c560792baa58 [2026-04-16T07:29:47.177056] Calculating dependencies... (STDOUT, APP/TASK/deploy)#
#2026 04 16 07:29:56.640#Z#DEBUG#fa8cfd2f-3965-11f1-830f-eeee0a928bd8.sampleXSUAA-db-deployer#flowable-async-job-executor-thread-18111#
[PollExecuteTaskStatusExecution] f21bbc8d-50f0-4b1e-afa6-c560792baa58 [2026-04-16T07:29:47.177099] Expanding... (STDOUT, APP/TASK/deploy)#
#2026 04 16 07:29:56.640#Z#DEBUG#fa8cfd2f-3965-11f1-830f-eeee0a928bd8.sampleXSUAA-db-deployer#flowable-async-job-executor-thread-18111#
[PollExecuteTaskStatusExecution] f21bbc8d-50f0-4b1e-afa6-c560792baa58 [2026-04-16T07:29:47.177161] Expanding... ok (0s 5ms) (STDOUT, APP/TASK/deploy)#
#2026 04 16 07:29:56.640#Z#DEBUG#fa8cfd2f-3965-11f1-830f-eeee0a928bd8.sampleXSUAA-db-deployer#flowable-async-job-executor-thread-18111#
[PollExecuteTaskStatusExecution] f21bbc8d-50f0-4b1e-afa6-c560792baa58 [2026-04-16T07:29:47.177208] Precompiling... (STDOUT, APP/TASK/deploy)#
#2026 04 16 07:29:56.640#Z#DEBUG#fa8cfd2f-3965-11f1-830f-eeee0a928bd8.sampleXSUAA-db-deployer#flowable-async-job-executor-thread-18111#
[PollExecuteTaskStatusExecution] f21bbc8d-50f0-4b1e-afa6-c560792baa58 [2026-04-16T07:29:47.177262] Precompiling... ok (0s 0ms) (STDOUT, APP/TASK/deploy)#
#2026 04 16 07:29:56.640#Z#DEBUG#fa8cfd2f-3965-11f1-830f-eeee0a928bd8.sampleXSUAA-db-deployer#flowable-async-job-executor-thread-18111#
[PollExecuteTaskStatusExecution] f21bbc8d-50f0-4b1e-afa6-c560792baa58 [2026-04-16T07:29:47.177324] Merging... (STDOUT, APP/TASK/deploy)#
#2026 04 16 07:29:56.640#Z#DEBUG#fa8cfd2f-3965-11f1-830f-eeee0a928bd8.sampleXSUAA-db-deployer#flowable-async-job-executor-thread-18111#
[PollExecuteTaskStatusExecution] f21bbc8d-50f0-4b1e-afa6-c560792baa58 [2026-04-16T07:29:47.177401] Merging... ok (0s 0ms) (STDOUT, APP/TASK/deploy)#
#2026 04 16 07:29:56.640#Z#DEBUG#fa8cfd2f-3965-11f1-830f-eeee0a928bd8.sampleXSUAA-db-deployer#flowable-async-job-executor-thread-18111#
[PollExecuteTaskStatusExecution] f21bbc8d-50f0-4b1e-afa6-c560792baa58 [2026-04-16T07:29:47.177411] Calculating dependencies... ok (0s 5ms) (STDOUT, APP/TASK/deploy)#
#2026 04 16 07:29:56.640#Z#DEBUG#fa8cfd2f-3965-11f1-830f-eeee0a928bd8.sampleXSUAA-db-deployer#flowable-async-job-executor-thread-18111#
[PollExecuteTaskStatusExecution] f21bbc8d-50f0-4b1e-afa6-c560792baa58 [2026-04-16T07:29:47.177445] No make necessary (STDOUT, APP/TASK/deploy)#
#2026 04 16 07:29:56.640#Z#DEBUG#fa8cfd2f-3965-11f1-830f-eeee0a928bd8.sampleXSUAA-db-deployer#flowable-async-job-executor-thread-18111#
[PollExecuteTaskStatusExecution] f21bbc8d-50f0-4b1e-afa6-c560792baa58 [2026-04-16T07:29:47.177506] Making... ok (0s 44ms) (STDOUT, APP/TASK/deploy)#
#2026 04 16 07:29:56.640#Z#DEBUG#fa8cfd2f-3965-11f1-830f-eeee0a928bd8.sampleXSUAA-db-deployer#flowable-async-job-executor-thread-18111#
[PollExecuteTaskStatusExecution] f21bbc8d-50f0-4b1e-afa6-c560792baa58 [2026-04-16T07:29:47.177557] Enabling table replication for the container schema "F3F37BBE6A554503951E9BA9F0961A85"... (STDOUT, APP/TASK/deploy)#
#2026 04 16 07:29:56.640#Z#DEBUG#fa8cfd2f-3965-11f1-830f-eeee0a928bd8.sampleXSUAA-db-deployer#flowable-async-job-executor-thread-18111#
[PollExecuteTaskStatusExecution] f21bbc8d-50f0-4b1e-afa6-c560792baa58 [2026-04-16T07:29:47.177660] Enabling table replication for the container schema "F3F37BBE6A554503951E9BA9F0961A85"... ok (0s 8ms) (STDOUT, APP/TASK/deploy)#
#2026 04 16 07:29:56.640#Z#DEBUG#fa8cfd2f-3965-11f1-830f-eeee0a928bd8.sampleXSUAA-db-deployer#flowable-async-job-executor-thread-18111#
[PollExecuteTaskStatusExecution] f21bbc8d-50f0-4b1e-afa6-c560792baa58 [2026-04-16T07:29:47.177722] Starting make in the container "F3F37BBE6A554503951E9BA9F0961A85" with 0 files to deploy, 0 files to undeploy... ok (0s 88ms) (STDOUT, APP/TASK/deploy)#
#2026 04 16 07:29:56.640#Z#DEBUG#fa8cfd2f-3965-11f1-830f-eeee0a928bd8.sampleXSUAA-db-deployer#flowable-async-job-executor-thread-18111#
[PollExecuteTaskStatusExecution] f21bbc8d-50f0-4b1e-afa6-c560792baa58 [2026-04-16T07:29:47.178119] Deploying to the container "F3F37BBE6A554503951E9BA9F0961A85"... ok (0s 268ms) (STDOUT, APP/TASK/deploy)#
#2026 04 16 07:29:56.640#Z#DEBUG#fa8cfd2f-3965-11f1-830f-eeee0a928bd8.sampleXSUAA-db-deployer#flowable-async-job-executor-thread-18111#
[PollExecuteTaskStatusExecution] f21bbc8d-50f0-4b1e-afa6-c560792baa58 [2026-04-16T07:29:47.178498] No default-access-role handling needed; global role "F3F37BBE6A554503951E9BA9F0961A85::access_role" will not be adapted (STDOUT, APP/TASK/deploy)#
#2026 04 16 07:29:56.640#Z#DEBUG#fa8cfd2f-3965-11f1-830f-eeee0a928bd8.sampleXSUAA-db-deployer#flowable-async-job-executor-thread-18111#
[PollExecuteTaskStatusExecution] f21bbc8d-50f0-4b1e-afa6-c560792baa58 [2026-04-16T07:29:47.178618] Unlocking the container "F3F37BBE6A554503951E9BA9F0961A85"... (STDOUT, APP/TASK/deploy)#
#2026 04 16 07:29:56.640#Z#DEBUG#fa8cfd2f-3965-11f1-830f-eeee0a928bd8.sampleXSUAA-db-deployer#flowable-async-job-executor-thread-18111#
[PollExecuteTaskStatusExecution] f21bbc8d-50f0-4b1e-afa6-c560792baa58 [2026-04-16T07:29:47.179105] Unlocking the container "F3F37BBE6A554503951E9BA9F0961A85"... ok (0s 0ms) (STDOUT, APP/TASK/deploy)#
#2026 04 16 07:29:56.640#Z#DEBUG#fa8cfd2f-3965-11f1-830f-eeee0a928bd8.sampleXSUAA-db-deployer#flowable-async-job-executor-thread-18111#
[PollExecuteTaskStatusExecution] f21bbc8d-50f0-4b1e-afa6-c560792baa58 [2026-04-16T07:29:47.179205] Deployment to container F3F37BBE6A554503951E9BA9F0961A85 done [Deployment ID: none]. (STDOUT, APP/TASK/deploy)#
#2026 04 16 07:29:56.640#Z#DEBUG#fa8cfd2f-3965-11f1-830f-eeee0a928bd8.sampleXSUAA-db-deployer#flowable-async-job-executor-thread-18111#
[PollExecuteTaskStatusExecution] f21bbc8d-50f0-4b1e-afa6-c560792baa58 [2026-04-16T07:29:47.179673] Deployment ended at 2026-04-16 07:29:47 (STDOUT, APP/TASK/deploy)#
#2026 04 16 07:29:56.640#Z#DEBUG#fa8cfd2f-3965-11f1-830f-eeee0a928bd8.sampleXSUAA-db-deployer#flowable-async-job-executor-thread-18111#
[PollExecuteTaskStatusExecution] f21bbc8d-50f0-4b1e-afa6-c560792baa58 [2026-04-16T07:29:47.180187] (1s 576ms) (STDOUT, APP/TASK/deploy)#
#2026 04 16 07:29:56.640#Z#DEBUG#fa8cfd2f-3965-11f1-830f-eeee0a928bd8.sampleXSUAA-db-deployer#flowable-async-job-executor-thread-18111#
[PollExecuteTaskStatusExecution] f21bbc8d-50f0-4b1e-afa6-c560792baa58 [2026-04-16T07:29:47.195298] npm notice (STDERR, APP/TASK/deploy)#
#2026 04 16 07:29:56.640#Z#DEBUG#fa8cfd2f-3965-11f1-830f-eeee0a928bd8.sampleXSUAA-db-deployer#flowable-async-job-executor-thread-18111#
[PollExecuteTaskStatusExecution] f21bbc8d-50f0-4b1e-afa6-c560792baa58 [2026-04-16T07:29:47.195311] npm notice New minor version of npm available! 11.6.2 -> 11.12.1 (STDERR, APP/TASK/deploy)#
#2026 04 16 07:29:56.640#Z#DEBUG#fa8cfd2f-3965-11f1-830f-eeee0a928bd8.sampleXSUAA-db-deployer#flowable-async-job-executor-thread-18111#
[PollExecuteTaskStatusExecution] f21bbc8d-50f0-4b1e-afa6-c560792baa58 [2026-04-16T07:29:47.195315] npm notice Changelog: https://github.com/npm/cli/releases/tag/v11.12.1 (STDERR, APP/TASK/deploy)#
#2026 04 16 07:29:56.640#Z#DEBUG#fa8cfd2f-3965-11f1-830f-eeee0a928bd8.sampleXSUAA-db-deployer#flowable-async-job-executor-thread-18111#
[PollExecuteTaskStatusExecution] f21bbc8d-50f0-4b1e-afa6-c560792baa58 [2026-04-16T07:29:47.195318] npm notice To update run: npm install -g npm@11.12.1 (STDERR, APP/TASK/deploy)#
#2026 04 16 07:29:56.640#Z#DEBUG#fa8cfd2f-3965-11f1-830f-eeee0a928bd8.sampleXSUAA-db-deployer#flowable-async-job-executor-thread-18111#
[PollExecuteTaskStatusExecution] f21bbc8d-50f0-4b1e-afa6-c560792baa58 [2026-04-16T07:29:47.195320] npm notice (STDERR, APP/TASK/deploy)#
#2026 04 16 07:29:56.640#Z#DEBUG#fa8cfd2f-3965-11f1-830f-eeee0a928bd8.sampleXSUAA-db-deployer#flowable-async-job-executor-thread-18111#
[PollExecuteTaskStatusExecution] f21bbc8d-50f0-4b1e-afa6-c560792baa58 [2026-04-16T07:29:47.287498] Exit status 0 (STDOUT, APP/TASK/deploy)#
#2026 04 16 07:29:56.640#Z#DEBUG#fa8cfd2f-3965-11f1-830f-eeee0a928bd8.sampleXSUAA-db-deployer#flowable-async-job-executor-thread-18111#
[PollExecuteTaskStatusExecution] f21bbc8d-50f0-4b1e-afa6-c560792baa58 [2026-04-16T07:29:47.574708] Cell d1cc041a-d5a1-41d6-b9f6-6cda736ce3f0 stopping instance 7bf5565a-cbe9-4e74-8238-2104e09ecec9 (STDOUT, CELL)#
#2026 04 16 07:29:56.640#Z#DEBUG#fa8cfd2f-3965-11f1-830f-eeee0a928bd8.sampleXSUAA-db-deployer#flowable-async-job-executor-thread-18111#
[PollExecuteTaskStatusExecution] f21bbc8d-50f0-4b1e-afa6-c560792baa58 [2026-04-16T07:29:47.574740] Cell d1cc041a-d5a1-41d6-b9f6-6cda736ce3f0 destroying container for instance 7bf5565a-cbe9-4e74-8238-2104e09ecec9 (STDOUT, CELL)#
#2026 04 16 07:29:56.640#Z#DEBUG#fa8cfd2f-3965-11f1-830f-eeee0a928bd8.sampleXSUAA-db-deployer#flowable-async-job-executor-thread-18111#
[PollExecuteTaskStatusExecution] f21bbc8d-50f0-4b1e-afa6-c560792baa58 [2026-04-16T07:29:50.116545] Cell d1cc041a-d5a1-41d6-b9f6-6cda736ce3f0 successfully destroyed container for instance 7bf5565a-cbe9-4e74-8238-2104e09ecec9 (STDOUT, CELL)#
